==========================================
  ZEBES: Build & Test Sanity Check
==========================================
[1/3] Configuring CMake...
-- Could NOT find PkgConfig (missing: PKG_CONFIG_EXECUTABLE) 
CMake Deprecation Warning at include/SDL/CMakeLists.txt:3281 (cmake_minimum_required):
  Compatibility with CMake < 3.10 will be removed from a future version of
  CMake.

  Update the VERSION argument <min> value.  Or, use the <min>...<max> syntax
  to tell CMake that the project requires at least <min> but has been updated
  to work with policies introduced by <max> or earlier.


-- 
-- SDL2 was configured with the following options:
-- 
-- Platform: Darwin-25.2.0
-- 64-bit:   TRUE
-- Compiler: /usr/bin/clang
-- Revision: SDL-prerelease-2.29.2-453-g348bb53cc
-- 
-- Subsystems:
--   Atomic:	ON
--   Audio:	ON
--   Video:	ON
--   Render:	ON
--   Events:	ON
--   Joystick:	ON
--   Haptic:	ON
--   Hidapi:	ON
--   Power:	ON
--   Threads:	ON
--   Timers:	ON
--   File:	ON
--   Loadso:	ON
--   CPUinfo:	ON
--   Filesystem:	ON
--   Sensor:	ON
--   Locale:	ON
--   Misc:	ON
-- 
-- Options:
--   SDL2_DISABLE_INSTALL        (Wanted: ON): OFF
--   SDL2_DISABLE_SDL2MAIN       (Wanted: OFF): OFF
--   SDL2_DISABLE_UNINSTALL      (Wanted: OFF): OFF
--   SDL_3DNOW                   (Wanted: OFF): OFF
--   SDL_ALSA                    (Wanted: OFF): OFF
--   SDL_ALSA_SHARED             (Wanted: OFF): OFF
--   SDL_ALTIVEC                 (Wanted: ON): OFF
--   SDL_ARMNEON                 (Wanted: OFF): OFF
--   SDL_ARMSIMD                 (Wanted: OFF): OFF
--   SDL_ARTS                    (Wanted: OFF): OFF
--   SDL_ARTS_SHARED             (Wanted: OFF): OFF
--   SDL_ASAN                    (Wanted: OFF): OFF
--   SDL_ASSEMBLY                (Wanted: ON): ON
--   SDL_ASSERTIONS              (Wanted: auto): auto
--   SDL_BACKGROUNDING_SIGNAL    (Wanted: OFF): OFF
--   SDL_CCACHE                  (Wanted: ON): OFF
--   SDL_CLOCK_GETTIME           (Wanted: OFF): OFF
--   SDL_COCOA                   (Wanted: ON): ON
--   SDL_DBUS                    (Wanted: OFF): OFF
--   SDL_DIRECTFB                (Wanted: OFF): OFF
--   SDL_DIRECTFB_SHARED         (Wanted: OFF): OFF
--   SDL_DIRECTX                 (Wanted: OFF): OFF
--   SDL_DISKAUDIO               (Wanted: ON): ON
--   SDL_DUMMYAUDIO              (Wanted: ON): ON
--   SDL_DUMMYVIDEO              (Wanted: ON): ON
--   SDL_ESD                     (Wanted: OFF): OFF
--   SDL_ESD_SHARED              (Wanted: OFF): OFF
--   SDL_FOREGROUNDING_SIGNAL    (Wanted: OFF): OFF
--   SDL_FUSIONSOUND             (Wanted: OFF): OFF
--   SDL_FUSIONSOUND_SHARED      (Wanted: OFF): OFF
--   SDL_GCC_ATOMICS             (Wanted: ON): ON
--   SDL_HIDAPI                  (Wanted: ON): ON
--   SDL_HIDAPI_JOYSTICK         (Wanted: ON): ON
--   SDL_HIDAPI_LIBUSB           (Wanted: OFF): OFF
--   SDL_IBUS                    (Wanted: OFF): OFF
--   SDL_INSTALL_TESTS           (Wanted: OFF): OFF
--   SDL_JACK                    (Wanted: OFF): OFF
--   SDL_JACK_SHARED             (Wanted: OFF): OFF
--   SDL_KMSDRM                  (Wanted: OFF): OFF
--   SDL_KMSDRM_SHARED           (Wanted: OFF): OFF
--   SDL_LASX                    (Wanted: OFF): OFF
--   SDL_LIBC                    (Wanted: ON): ON
--   SDL_LIBICONV                (Wanted: OFF): OFF
--   SDL_LIBSAMPLERATE           (Wanted: OFF): OFF
--   SDL_LIBSAMPLERATE_SHARED    (Wanted: OFF): OFF
--   SDL_LIBUDEV                 (Wanted: ON): OFF
--   SDL_LSX                     (Wanted: OFF): OFF
--   SDL_METAL                   (Wanted: ON): ON
--   SDL_MMX                     (Wanted: ON): ON
--   SDL_NAS                     (Wanted: OFF): OFF
--   SDL_NAS_SHARED              (Wanted: OFF): OFF
--   SDL_OFFSCREEN               (Wanted: ON): ON
--   SDL_OPENGL                  (Wanted: ON): ON
--   SDL_OPENGLES                (Wanted: ON): ON
--   SDL_OSS                     (Wanted: OFF): OFF
--   SDL_PIPEWIRE                (Wanted: OFF): OFF
--   SDL_PIPEWIRE_SHARED         (Wanted: OFF): OFF
--   SDL_PTHREADS                (Wanted: ON): ON
--   SDL_PTHREADS_SEM            (Wanted: ON): ON
--   SDL_PULSEAUDIO              (Wanted: OFF): OFF
--   SDL_PULSEAUDIO_SHARED       (Wanted: OFF): OFF
--   SDL_RENDER_D3D              (Wanted: OFF): OFF
--   SDL_RENDER_METAL            (Wanted: ON): ON
--   SDL_RPATH                   (Wanted: OFF): OFF
--   SDL_RPI                     (Wanted: OFF): OFF
--   SDL_SNDIO                   (Wanted: OFF): OFF
--   SDL_SNDIO_SHARED            (Wanted: OFF): OFF
--   SDL_SSE                     (Wanted: ON): ON
--   SDL_SSE2                    (Wanted: ON): ON
--   SDL_SSE3                    (Wanted: ON): ON
--   SDL_SSEMATH                 (Wanted: ON): ON
--   SDL_STATIC_PIC              (Wanted: OFF): OFF
--   SDL_SYSTEM_ICONV            (Wanted: OFF): OFF
--   SDL_TESTS                   (Wanted: OFF): OFF
--   SDL_VENDOR_INFO             (Wanted: ): OFF
--   SDL_VIRTUAL_JOYSTICK        (Wanted: ON): ON
--   SDL_VIVANTE                 (Wanted: OFF): OFF
--   SDL_VULKAN                  (Wanted: ON): ON
--   SDL_WASAPI                  (Wanted: OFF): OFF
--   SDL_WAYLAND                 (Wanted: OFF): OFF
--   SDL_WAYLAND_LIBDECOR        (Wanted: OFF): OFF
--   SDL_WAYLAND_LIBDECOR_SHARED (Wanted: OFF): OFF
--   SDL_WAYLAND_QT_TOUCH        (Wanted: OFF): OFF
--   SDL_WAYLAND_SHARED          (Wanted: OFF): OFF
--   SDL_X11                     (Wanted: OFF): OFF
--   SDL_X11_SHARED              (Wanted: OFF): OFF
--   SDL_X11_XCURSOR             (Wanted: OFF): OFF
--   SDL_X11_XDBE                (Wanted: OFF): OFF
--   SDL_X11_XFIXES              (Wanted: OFF): OFF
--   SDL_X11_XINPUT              (Wanted: OFF): OFF
--   SDL_X11_XRANDR              (Wanted: OFF): OFF
--   SDL_X11_XSCRNSAVER          (Wanted: OFF): OFF
--   SDL_X11_XSHAPE              (Wanted: OFF): OFF
--   SDL_XINPUT                  (Wanted: OFF): OFF
-- 
--  CMAKE_C_FLAGS_DEBUG:   -g
--  CMAKE_CXX_FLAGS_DEBUG: -g
-- 
--  CFLAGS:         -idirafter "/Users/ellie/Projects/zebes/include/SDL/src/video/khronos"
--  EXTRA_CFLAGS:   -Wall -Wundef -fno-strict-aliasing -Wdocumentation -Wdocumentation-unknown-command -fcomment-block-commands=threadsafety -fcomment-block-commands=deprecated -Wdeclaration-after-statement -fvisibility=hidden -Wshadow -Wno-unused-local-typedefs -mmmx -msse -msse2 -msse3 -D_THREAD_SAFE
--  EXTRA_LDFLAGS:  -Wl,-compatibility_version,3101.0.0;-Wl,-current_version,3101.0.0
--  EXTRA_LIBS:    m
-- 
--  Build Shared Library: OFF
--  Build Static Library: ON
--  Build Static Library with Position Independent Code: OFF
-- 
-- If something was not detected, although the libraries
-- were installed, then make sure you have set the
-- CFLAGS and LDFLAGS environment variables correctly.
-- 
-- Configuring SDL2_image 2.9.0
-- SDL2_image: Using system libavif
-- libavif-1.3.0 found
-- Dynamic libavif: libavif.16.dylib
-- SDL2_image: Using system libtiff
-- Dynamic libtiff: libtiff.6.dylib
-- SDL2_image: Using system libwebp
-- Dynamic libwebpdemux: libwebpdemux.2.dylib
-- Dynamic libwebp: libwebp.7.dylib
-- SDL2_image backends:
-- - enabled:  stb imageio avif bmp gif jpg lbm pcx png pnm qoi svg tga tif webp xcf xpm xv
-- - disabled: wic jxl
-- Configuring SDL2_ttf 2.23.0
-- SDL2_ttf: Using system freetype library
-- Using the multi-header code from /Users/ellie/Projects/zebes/include/nlohmann/include/
-- Configuring done (0.6s)
-- Generating done (1.8s)
-- Build files have been written to: /Users/ellie/Projects/zebes/build
[2/3] Building...
scripts/build_and_test.sh: line 50: nproc: command not found
/usr/local/bin/cmake -S/Users/ellie/Projects/zebes -B/Users/ellie/Projects/zebes/build --check-build-system CMakeFiles/Makefile.cmake 0
/usr/local/bin/cmake -E cmake_progress_start /Users/ellie/Projects/zebes/build/CMakeFiles /Users/ellie/Projects/zebes/build//CMakeFiles/progress.marks
/Library/Developer/CommandLineTools/usr/bin/make  -f CMakeFiles/Makefile2 all
/Library/Developer/CommandLineTools/usr/bin/make  -f include/SDL/CMakeFiles/sdl_headers_copy.dir/build.make include/SDL/CMakeFiles/sdl_headers_copy.dir/depend
/Library/Developer/CommandLineTools/usr/bin/make  -f CMakeFiles/sqlite3.dir/build.make CMakeFiles/sqlite3.dir/depend
/Library/Developer/CommandLineTools/usr/bin/make  -f include/googletest/googletest/CMakeFiles/gtest.dir/build.make include/googletest/googletest/CMakeFiles/gtest.dir/depend
/Library/Developer/CommandLineTools/usr/bin/make  -f include/abseil-cpp/absl/base/CMakeFiles/absl_log_severity.dir/build.make include/abseil-cpp/absl/base/CMakeFiles/absl_log_severity.dir/depend
/Library/Developer/CommandLineTools/usr/bin/make  -f include/abseil-cpp/absl/base/CMakeFiles/absl_spinlock_wait.dir/build.make include/abseil-cpp/absl/base/CMakeFiles/absl_spinlock_wait.dir/depend
/Library/Developer/CommandLineTools/usr/bin/make  -f include/abseil-cpp/absl/base/CMakeFiles/absl_strerror.dir/build.make include/abseil-cpp/absl/base/CMakeFiles/absl_strerror.dir/depend
/Library/Developer/CommandLineTools/usr/bin/make  -f include/abseil-cpp/absl/time/CMakeFiles/absl_time_zone.dir/build.make include/abseil-cpp/absl/time/CMakeFiles/absl_time_zone.dir/depend
/Library/Developer/CommandLineTools/usr/bin/make  -f include/abseil-cpp/absl/debugging/CMakeFiles/absl_utf8_for_code_point.dir/build.make include/abseil-cpp/absl/debugging/CMakeFiles/absl_utf8_for_code_point.dir/depend
/Library/Developer/CommandLineTools/usr/bin/make  -f include/abseil-cpp/absl/numeric/CMakeFiles/absl_int128.dir/build.make include/abseil-cpp/absl/numeric/CMakeFiles/absl_int128.dir/depend
/Library/Developer/CommandLineTools/usr/bin/make  -f include/abseil-cpp/absl/profiling/CMakeFiles/absl_exponential_biased.dir/build.make include/abseil-cpp/absl/profiling/CMakeFiles/absl_exponential_biased.dir/depend
/Library/Developer/CommandLineTools/usr/bin/make  -f include/abseil-cpp/absl/time/CMakeFiles/absl_civil_time.dir/build.make include/abseil-cpp/absl/time/CMakeFiles/absl_civil_time.dir/depend
/Library/Developer/CommandLineTools/usr/bin/make  -f include/abseil-cpp/absl/debugging/CMakeFiles/absl_leak_check.dir/build.make include/abseil-cpp/absl/debugging/CMakeFiles/absl_leak_check.dir/depend
/Library/Developer/CommandLineTools/usr/bin/make  -f include/abseil-cpp/absl/flags/CMakeFiles/absl_flags_commandlineflag_internal.dir/build.make include/abseil-cpp/absl/flags/CMakeFiles/absl_flags_commandlineflag_internal.dir/depend
/Library/Developer/CommandLineTools/usr/bin/make  -f include/abseil-cpp/absl/log/CMakeFiles/absl_log_internal_nullguard.dir/build.make include/abseil-cpp/absl/log/CMakeFiles/absl_log_internal_nullguard.dir/depend
/Library/Developer/CommandLineTools/usr/bin/make  -f include/abseil-cpp/absl/random/CMakeFiles/absl_random_seed_gen_exception.dir/build.make include/abseil-cpp/absl/random/CMakeFiles/absl_random_seed_gen_exception.dir/depend
cd /Users/ellie/Projects/zebes/build && /usr/local/bin/cmake -E cmake_depends "Unix Makefiles" /Users/ellie/Projects/zebes /Users/ellie/Projects/zebes /Users/ellie/Projects/zebes/build /Users/ellie/Projects/zebes/build /Users/ellie/Projects/zebes/build/CMakeFiles/sqlite3.dir/DependInfo.cmake "--color="
/Library/Developer/CommandLineTools/usr/bin/make  -f include/abseil-cpp/absl/random/CMakeFiles/absl_random_internal_platform.dir/build.make include/abseil-cpp/absl/random/CMakeFiles/absl_random_internal_platform.dir/depend
cd /Users/ellie/Projects/zebes/build && /usr/local/bin/cmake -E cmake_depends "Unix Makefiles" /Users/ellie/Projects/zebes /Users/ellie/Projects/zebes/include/googletest/googletest /Users/ellie/Projects/zebes/build /Users/ellie/Projects/zebes/build/include/googletest/googletest /Users/ellie/Projects/zebes/build/include/googletest/googletest/CMakeFiles/gtest.dir/DependInfo.cmake "--color="
cd /Users/ellie/Projects/zebes/build && /usr/local/bin/cmake -E cmake_depends "Unix Makefiles" /Users/ellie/Projects/zebes /Users/ellie/Projects/zebes/include/abseil-cpp/absl/base /Users/ellie/Projects/zebes/build /Users/ellie/Projects/zebes/build/include/abseil-cpp/absl/base /Users/ellie/Projects/zebes/build/include/abseil-cpp/absl/base/CMakeFiles/absl_log_severity.dir/DependInfo.cmake "--color="
cd /Users/ellie/Projects/zebes/build && /usr/local/bin/cmake -E cmake_depends "Unix Makefiles" /Users/ellie/Projects/zebes /Users/ellie/Projects/zebes/include/abseil-cpp/absl/base /Users/ellie/Projects/zebes/build /Users/ellie/Projects/zebes/build/include/abseil-cpp/absl/base /Users/ellie/Projects/zebes/build/include/abseil-cpp/absl/base/CMakeFiles/absl_strerror.dir/DependInfo.cmake "--color="
/Library/Developer/CommandLineTools/usr/bin/make  -f src/common/CMakeFiles/vector.dir/build.make src/common/CMakeFiles/vector.dir/depend
cd /Users/ellie/Projects/zebes/build && /usr/local/bin/cmake -E cmake_depends "Unix Makefiles" /Users/ellie/Projects/zebes /Users/ellie/Projects/zebes/include/abseil-cpp/absl/base /Users/ellie/Projects/zebes/build /Users/ellie/Projects/zebes/build/include/abseil-cpp/absl/base /Users/ellie/Projects/zebes/build/include/abseil-cpp/absl/base/CMakeFiles/absl_spinlock_wait.dir/DependInfo.cmake "--color="
cd /Users/ellie/Projects/zebes/build && /usr/local/bin/cmake -E cmake_depends "Unix Makefiles" /Users/ellie/Projects/zebes /Users/ellie/Projects/zebes/include/abseil-cpp/absl/debugging /Users/ellie/Projects/zebes/build /Users/ellie/Projects/zebes/build/include/abseil-cpp/absl/debugging /Users/ellie/Projects/zebes/build/include/abseil-cpp/absl/debugging/CMakeFiles/absl_utf8_for_code_point.dir/DependInfo.cmake "--color="
cd /Users/ellie/Projects/zebes/build && /usr/local/bin/cmake -E cmake_depends "Unix Makefiles" /Users/ellie/Projects/zebes /Users/ellie/Projects/zebes/include/SDL /Users/ellie/Projects/zebes/build /Users/ellie/Projects/zebes/build/include/SDL /Users/ellie/Projects/zebes/build/include/SDL/CMakeFiles/sdl_headers_copy.dir/DependInfo.cmake "--color="
/Library/Developer/CommandLineTools/usr/bin/make  -f src/common/CMakeFiles/common.dir/build.make src/common/CMakeFiles/common.dir/depend
cd /Users/ellie/Projects/zebes/build && /usr/local/bin/cmake -E cmake_depends "Unix Makefiles" /Users/ellie/Projects/zebes /Users/ellie/Projects/zebes/include/abseil-cpp/absl/numeric /Users/ellie/Projects/zebes/build /Users/ellie/Projects/zebes/build/include/abseil-cpp/absl/numeric /Users/ellie/Projects/zebes/build/include/abseil-cpp/absl/numeric/CMakeFiles/absl_int128.dir/DependInfo.cmake "--color="
cd /Users/ellie/Projects/zebes/build && /usr/local/bin/cmake -E cmake_depends "Unix Makefiles" /Users/ellie/Projects/zebes /Users/ellie/Projects/zebes/include/abseil-cpp/absl/time /Users/ellie/Projects/zebes/build /Users/ellie/Projects/zebes/build/include/abseil-cpp/absl/time /Users/ellie/Projects/zebes/build/include/abseil-cpp/absl/time/CMakeFiles/absl_time_zone.dir/DependInfo.cmake "--color="
cd /Users/ellie/Projects/zebes/build && /usr/local/bin/cmake -E cmake_depends "Unix Makefiles" /Users/ellie/Projects/zebes /Users/ellie/Projects/zebes/include/abseil-cpp/absl/profiling /Users/ellie/Projects/zebes/build /Users/ellie/Projects/zebes/build/include/abseil-cpp/absl/profiling /Users/ellie/Projects/zebes/build/include/abseil-cpp/absl/profiling/CMakeFiles/absl_exponential_biased.dir/DependInfo.cmake "--color="
/Library/Developer/CommandLineTools/usr/bin/make  -f src/common/CMakeFiles/status_macros.dir/build.make src/common/CMakeFiles/status_macros.dir/depend
cd /Users/ellie/Projects/zebes/build && /usr/local/bin/cmake -E cmake_depends "Unix Makefiles" /Users/ellie/Projects/zebes /Users/ellie/Projects/zebes/include/abseil-cpp/absl/time /Users/ellie/Projects/zebes/build /Users/ellie/Projects/zebes/build/include/abseil-cpp/absl/time /Users/ellie/Projects/zebes/build/include/abseil-cpp/absl/time/CMakeFiles/absl_civil_time.dir/DependInfo.cmake "--color="
cd /Users/ellie/Projects/zebes/build && /usr/local/bin/cmake -E cmake_depends "Unix Makefiles" /Users/ellie/Projects/zebes /Users/ellie/Projects/zebes/include/abseil-cpp/absl/debugging /Users/ellie/Projects/zebes/build /Users/ellie/Projects/zebes/build/include/abseil-cpp/absl/debugging /Users/ellie/Projects/zebes/build/include/abseil-cpp/absl/debugging/CMakeFiles/absl_leak_check.dir/DependInfo.cmake "--color="
cd /Users/ellie/Projects/zebes/build && /usr/local/bin/cmake -E cmake_depends "Unix Makefiles" /Users/ellie/Projects/zebes /Users/ellie/Projects/zebes/include/abseil-cpp/absl/flags /Users/ellie/Projects/zebes/build /Users/ellie/Projects/zebes/build/include/abseil-cpp/absl/flags /Users/ellie/Projects/zebes/build/include/abseil-cpp/absl/flags/CMakeFiles/absl_flags_commandlineflag_internal.dir/DependInfo.cmake "--color="
/Library/Developer/CommandLineTools/usr/bin/make  -f src/db/CMakeFiles/db_interface.dir/build.make src/db/CMakeFiles/db_interface.dir/depend
cd /Users/ellie/Projects/zebes/build && /usr/local/bin/cmake -E cmake_depends "Unix Makefiles" /Users/ellie/Projects/zebes /Users/ellie/Projects/zebes/include/abseil-cpp/absl/log /Users/ellie/Projects/zebes/build /Users/ellie/Projects/zebes/build/include/abseil-cpp/absl/log /Users/ellie/Projects/zebes/build/include/abseil-cpp/absl/log/CMakeFiles/absl_log_internal_nullguard.dir/DependInfo.cmake "--color="
cd /Users/ellie/Projects/zebes/build && /usr/local/bin/cmake -E cmake_depends "Unix Makefiles" /Users/ellie/Projects/zebes /Users/ellie/Projects/zebes/include/abseil-cpp/absl/random /Users/ellie/Projects/zebes/build /Users/ellie/Projects/zebes/build/include/abseil-cpp/absl/random /Users/ellie/Projects/zebes/build/include/abseil-cpp/absl/random/CMakeFiles/absl_random_seed_gen_exception.dir/DependInfo.cmake "--color="
/Library/Developer/CommandLineTools/usr/bin/make  -f src/editor/CMakeFiles/imgui_scoped.dir/build.make src/editor/CMakeFiles/imgui_scoped.dir/depend
cd /Users/ellie/Projects/zebes/build && /usr/local/bin/cmake -E cmake_depends "Unix Makefiles" /Users/ellie/Projects/zebes /Users/ellie/Projects/zebes/include/abseil-cpp/absl/random /Users/ellie/Projects/zebes/build /Users/ellie/Projects/zebes/build/include/abseil-cpp/absl/random /Users/ellie/Projects/zebes/build/include/abseil-cpp/absl/random/CMakeFiles/absl_random_internal_platform.dir/DependInfo.cmake "--color="
cd /Users/ellie/Projects/zebes/build && /usr/local/bin/cmake -E cmake_depends "Unix Makefiles" /Users/ellie/Projects/zebes /Users/ellie/Projects/zebes/src/common /Users/ellie/Projects/zebes/build /Users/ellie/Projects/zebes/build/src/common /Users/ellie/Projects/zebes/build/src/common/CMakeFiles/vector.dir/DependInfo.cmake "--color="
/Library/Developer/CommandLineTools/usr/bin/make  -f CMakeFiles/copy_assets.dir/build.make CMakeFiles/copy_assets.dir/depend
cd /Users/ellie/Projects/zebes/build && /usr/local/bin/cmake -E cmake_depends "Unix Makefiles" /Users/ellie/Projects/zebes /Users/ellie/Projects/zebes/src/common /Users/ellie/Projects/zebes/build /Users/ellie/Projects/zebes/build/src/common /Users/ellie/Projects/zebes/build/src/common/CMakeFiles/common.dir/DependInfo.cmake "--color="
cd /Users/ellie/Projects/zebes/build && /usr/local/bin/cmake -E cmake_depends "Unix Makefiles" /Users/ellie/Projects/zebes /Users/ellie/Projects/zebes/src/common /Users/ellie/Projects/zebes/build /Users/ellie/Projects/zebes/build/src/common /Users/ellie/Projects/zebes/build/src/common/CMakeFiles/status_macros.dir/DependInfo.cmake "--color="
/Library/Developer/CommandLineTools/usr/bin/make  -f tests/CMakeFiles/macros.dir/build.make tests/CMakeFiles/macros.dir/depend
cd /Users/ellie/Projects/zebes/build && /usr/local/bin/cmake -E cmake_depends "Unix Makefiles" /Users/ellie/Projects/zebes /Users/ellie/Projects/zebes/src/db /Users/ellie/Projects/zebes/build /Users/ellie/Projects/zebes/build/src/db /Users/ellie/Projects/zebes/build/src/db/CMakeFiles/db_interface.dir/DependInfo.cmake "--color="
cd /Users/ellie/Projects/zebes/build && /usr/local/bin/cmake -E cmake_depends "Unix Makefiles" /Users/ellie/Projects/zebes /Users/ellie/Projects/zebes/src/editor /Users/ellie/Projects/zebes/build /Users/ellie/Projects/zebes/build/src/editor /Users/ellie/Projects/zebes/build/src/editor/CMakeFiles/imgui_scoped.dir/DependInfo.cmake "--color="
cd /Users/ellie/Projects/zebes/build && /usr/local/bin/cmake -E cmake_depends "Unix Makefiles" /Users/ellie/Projects/zebes /Users/ellie/Projects/zebes /Users/ellie/Projects/zebes/build /Users/ellie/Projects/zebes/build /Users/ellie/Projects/zebes/build/CMakeFiles/copy_assets.dir/DependInfo.cmake "--color="
cd /Users/ellie/Projects/zebes/build && /usr/local/bin/cmake -E cmake_depends "Unix Makefiles" /Users/ellie/Projects/zebes /Users/ellie/Projects/zebes/tests /Users/ellie/Projects/zebes/build /Users/ellie/Projects/zebes/build/tests /Users/ellie/Projects/zebes/build/tests/CMakeFiles/macros.dir/DependInfo.cmake "--color="
/Library/Developer/CommandLineTools/usr/bin/make  -f include/SDL/CMakeFiles/sdl_headers_copy.dir/build.make include/SDL/CMakeFiles/sdl_headers_copy.dir/build
/Library/Developer/CommandLineTools/usr/bin/make  -f include/abseil-cpp/absl/debugging/CMakeFiles/absl_utf8_for_code_point.dir/build.make include/abseil-cpp/absl/debugging/CMakeFiles/absl_utf8_for_code_point.dir/build
/Library/Developer/CommandLineTools/usr/bin/make  -f include/abseil-cpp/absl/flags/CMakeFiles/absl_flags_commandlineflag_internal.dir/build.make include/abseil-cpp/absl/flags/CMakeFiles/absl_flags_commandlineflag_internal.dir/build
/Library/Developer/CommandLineTools/usr/bin/make  -f src/common/CMakeFiles/status_macros.dir/build.make src/common/CMakeFiles/status_macros.dir/build
make[2]: Nothing to be done for `include/SDL/CMakeFiles/sdl_headers_copy.dir/build'.
/Library/Developer/CommandLineTools/usr/bin/make  -f src/common/CMakeFiles/vector.dir/build.make src/common/CMakeFiles/vector.dir/build
/Library/Developer/CommandLineTools/usr/bin/make  -f include/abseil-cpp/absl/random/CMakeFiles/absl_random_internal_platform.dir/build.make include/abseil-cpp/absl/random/CMakeFiles/absl_random_internal_platform.dir/build
make[2]: Nothing to be done for `include/abseil-cpp/absl/debugging/CMakeFiles/absl_utf8_for_code_point.dir/build'.
/Library/Developer/CommandLineTools/usr/bin/make  -f include/abseil-cpp/absl/debugging/CMakeFiles/absl_leak_check.dir/build.make include/abseil-cpp/absl/debugging/CMakeFiles/absl_leak_check.dir/build
make[2]: Nothing to be done for `include/abseil-cpp/absl/flags/CMakeFiles/absl_flags_commandlineflag_internal.dir/build'.
make[2]: Nothing to be done for `src/common/CMakeFiles/status_macros.dir/build'.
make[2]: Nothing to be done for `src/common/CMakeFiles/vector.dir/build'.
make[2]: Nothing to be done for `include/abseil-cpp/absl/random/CMakeFiles/absl_random_internal_platform.dir/build'.
make[2]: Nothing to be done for `include/abseil-cpp/absl/debugging/CMakeFiles/absl_leak_check.dir/build'.
/Library/Developer/CommandLineTools/usr/bin/make  -f CMakeFiles/sqlite3.dir/build.make CMakeFiles/sqlite3.dir/build
/Library/Developer/CommandLineTools/usr/bin/make  -f CMakeFiles/copy_assets.dir/build.make CMakeFiles/copy_assets.dir/build
/Library/Developer/CommandLineTools/usr/bin/make  -f tests/CMakeFiles/macros.dir/build.make tests/CMakeFiles/macros.dir/build
/Library/Developer/CommandLineTools/usr/bin/make  -f src/editor/CMakeFiles/imgui_scoped.dir/build.make src/editor/CMakeFiles/imgui_scoped.dir/build
/Library/Developer/CommandLineTools/usr/bin/make  -f include/abseil-cpp/absl/base/CMakeFiles/absl_spinlock_wait.dir/build.make include/abseil-cpp/absl/base/CMakeFiles/absl_spinlock_wait.dir/build
/Library/Developer/CommandLineTools/usr/bin/make  -f src/db/CMakeFiles/db_interface.dir/build.make src/db/CMakeFiles/db_interface.dir/build
make[2]: Nothing to be done for `tests/CMakeFiles/macros.dir/build'.
make[2]: Nothing to be done for `src/editor/CMakeFiles/imgui_scoped.dir/build'.
/Library/Developer/CommandLineTools/usr/bin/make  -f include/abseil-cpp/absl/log/CMakeFiles/absl_log_internal_nullguard.dir/build.make include/abseil-cpp/absl/log/CMakeFiles/absl_log_internal_nullguard.dir/build
make[2]: Nothing to be done for `src/db/CMakeFiles/db_interface.dir/build'.
make[2]: Nothing to be done for `CMakeFiles/sqlite3.dir/build'.
/Library/Developer/CommandLineTools/usr/bin/make  -f src/common/CMakeFiles/common.dir/build.make src/common/CMakeFiles/common.dir/build
make[2]: Nothing to be done for `include/abseil-cpp/absl/base/CMakeFiles/absl_spinlock_wait.dir/build'.
make[2]: Nothing to be done for `src/common/CMakeFiles/common.dir/build'.
make[2]: Nothing to be done for `include/abseil-cpp/absl/log/CMakeFiles/absl_log_internal_nullguard.dir/build'.
/Library/Developer/CommandLineTools/usr/bin/make  -f include/abseil-cpp/absl/profiling/CMakeFiles/absl_exponential_biased.dir/build.make include/abseil-cpp/absl/profiling/CMakeFiles/absl_exponential_biased.dir/build
/Library/Developer/CommandLineTools/usr/bin/make  -f include/abseil-cpp/absl/random/CMakeFiles/absl_random_seed_gen_exception.dir/build.make include/abseil-cpp/absl/random/CMakeFiles/absl_random_seed_gen_exception.dir/build
/Library/Developer/CommandLineTools/usr/bin/make  -f include/abseil-cpp/absl/base/CMakeFiles/absl_log_severity.dir/build.make include/abseil-cpp/absl/base/CMakeFiles/absl_log_severity.dir/build
[  0%] Built target status_macros
/Library/Developer/CommandLineTools/usr/bin/make  -f include/abseil-cpp/absl/time/CMakeFiles/absl_civil_time.dir/build.make include/abseil-cpp/absl/time/CMakeFiles/absl_civil_time.dir/build
[ 11%] Built target sdl_headers_copy
[ 11%] Built target vector
[ 11%] Built target absl_leak_check
[ 11%] Built target absl_utf8_for_code_point
/Library/Developer/CommandLineTools/usr/bin/make  -f include/SDL/CMakeFiles/SDL2-static.dir/build.make include/SDL/CMakeFiles/SDL2-static.dir/depend
[ 11%] Built target sqlite3
/Library/Developer/CommandLineTools/usr/bin/make  -f include/SDL/CMakeFiles/SDL2main.dir/build.make include/SDL/CMakeFiles/SDL2main.dir/depend
/Library/Developer/CommandLineTools/usr/bin/make  -f include/SDL/CMakeFiles/SDL2_test.dir/build.make include/SDL/CMakeFiles/SDL2_test.dir/depend
[ 12%] Built target db_interface
[ 12%] Built target absl_random_internal_platform
[ 12%] Built target macros
/Library/Developer/CommandLineTools/usr/bin/make  -f include/abseil-cpp/absl/debugging/CMakeFiles/absl_decode_rust_punycode.dir/build.make include/abseil-cpp/absl/debugging/CMakeFiles/absl_decode_rust_punycode.dir/depend
[ 12%] Built target absl_flags_commandlineflag_internal
[ 12%] Symlinking assets to build/bin/assets
/usr/local/bin/cmake -E make_directory /Users/ellie/Projects/zebes/build/bin
[ 12%] Built target imgui_scoped
/Library/Developer/CommandLineTools/usr/bin/make  -f include/abseil-cpp/absl/random/CMakeFiles/absl_random_internal_randen_hwaes_impl.dir/build.make include/abseil-cpp/absl/random/CMakeFiles/absl_random_internal_randen_hwaes_impl.dir/depend
cd /Users/ellie/Projects/zebes/build && /usr/local/bin/cmake -E cmake_depends "Unix Makefiles" /Users/ellie/Projects/zebes /Users/ellie/Projects/zebes/include/SDL /Users/ellie/Projects/zebes/build /Users/ellie/Projects/zebes/build/include/SDL /Users/ellie/Projects/zebes/build/include/SDL/CMakeFiles/SDL2main.dir/DependInfo.cmake "--color="
make[2]: Nothing to be done for `include/abseil-cpp/absl/profiling/CMakeFiles/absl_exponential_biased.dir/build'.
/Library/Developer/CommandLineTools/usr/bin/make  -f include/abseil-cpp/absl/random/CMakeFiles/absl_random_internal_randen_slow.dir/build.make include/abseil-cpp/absl/random/CMakeFiles/absl_random_internal_randen_slow.dir/depend
[ 12%] Built target absl_spinlock_wait
cd /Users/ellie/Projects/zebes/build && /usr/local/bin/cmake -E cmake_depends "Unix Makefiles" /Users/ellie/Projects/zebes /Users/ellie/Projects/zebes/include/SDL /Users/ellie/Projects/zebes/build /Users/ellie/Projects/zebes/build/include/SDL /Users/ellie/Projects/zebes/build/include/SDL/CMakeFiles/SDL2_test.dir/DependInfo.cmake "--color="
cd /Users/ellie/Projects/zebes/build && /usr/local/bin/cmake -E cmake_depends "Unix Makefiles" /Users/ellie/Projects/zebes /Users/ellie/Projects/zebes/include/abseil-cpp/absl/debugging /Users/ellie/Projects/zebes/build /Users/ellie/Projects/zebes/build/include/abseil-cpp/absl/debugging /Users/ellie/Projects/zebes/build/include/abseil-cpp/absl/debugging/CMakeFiles/absl_decode_rust_punycode.dir/DependInfo.cmake "--color="
[ 12%] Built target common
make[2]: Nothing to be done for `include/abseil-cpp/absl/random/CMakeFiles/absl_random_seed_gen_exception.dir/build'.
cd /Users/ellie/Projects/zebes/build && /usr/local/bin/cmake -E cmake_depends "Unix Makefiles" /Users/ellie/Projects/zebes /Users/ellie/Projects/zebes/include/abseil-cpp/absl/random /Users/ellie/Projects/zebes/build /Users/ellie/Projects/zebes/build/include/abseil-cpp/absl/random /Users/ellie/Projects/zebes/build/include/abseil-cpp/absl/random/CMakeFiles/absl_random_internal_randen_hwaes_impl.dir/DependInfo.cmake "--color="
make[2]: Nothing to be done for `include/abseil-cpp/absl/base/CMakeFiles/absl_log_severity.dir/build'.
cd /Users/ellie/Projects/zebes/build && /usr/local/bin/cmake -E cmake_depends "Unix Makefiles" /Users/ellie/Projects/zebes /Users/ellie/Projects/zebes/include/abseil-cpp/absl/random /Users/ellie/Projects/zebes/build /Users/ellie/Projects/zebes/build/include/abseil-cpp/absl/random /Users/ellie/Projects/zebes/build/include/abseil-cpp/absl/random/CMakeFiles/absl_random_internal_randen_slow.dir/DependInfo.cmake "--color="
cd /Users/ellie/Projects/zebes/build && /usr/local/bin/cmake -E cmake_depends "Unix Makefiles" /Users/ellie/Projects/zebes /Users/ellie/Projects/zebes/include/SDL /Users/ellie/Projects/zebes/build /Users/ellie/Projects/zebes/build/include/SDL /Users/ellie/Projects/zebes/build/include/SDL/CMakeFiles/SDL2-static.dir/DependInfo.cmake "--color="
/Library/Developer/CommandLineTools/usr/bin/make  -f include/abseil-cpp/absl/numeric/CMakeFiles/absl_int128.dir/build.make include/abseil-cpp/absl/numeric/CMakeFiles/absl_int128.dir/build
/Library/Developer/CommandLineTools/usr/bin/make  -f include/abseil-cpp/absl/base/CMakeFiles/absl_strerror.dir/build.make include/abseil-cpp/absl/base/CMakeFiles/absl_strerror.dir/build
make[2]: Nothing to be done for `include/abseil-cpp/absl/time/CMakeFiles/absl_civil_time.dir/build'.
[ 13%] Built target absl_log_internal_nullguard
/usr/local/bin/cmake -E create_symlink /Users/ellie/Projects/zebes/assets /Users/ellie/Projects/zebes/build/bin/assets
/Library/Developer/CommandLineTools/usr/bin/make  -f include/googletest/googletest/CMakeFiles/gtest.dir/build.make include/googletest/googletest/CMakeFiles/gtest.dir/build
make[2]: Nothing to be done for `include/abseil-cpp/absl/numeric/CMakeFiles/absl_int128.dir/build'.
make[2]: Nothing to be done for `include/abseil-cpp/absl/base/CMakeFiles/absl_strerror.dir/build'.
[ 13%] Built target absl_exponential_biased
/Library/Developer/CommandLineTools/usr/bin/make  -f include/abseil-cpp/absl/profiling/CMakeFiles/absl_periodic_sampler.dir/build.make include/abseil-cpp/absl/profiling/CMakeFiles/absl_periodic_sampler.dir/depend
[ 14%] Built target absl_random_seed_gen_exception
cd /Users/ellie/Projects/zebes/build && /usr/local/bin/cmake -E cmake_depends "Unix Makefiles" /Users/ellie/Projects/zebes /Users/ellie/Projects/zebes/include/abseil-cpp/absl/profiling /Users/ellie/Projects/zebes/build /Users/ellie/Projects/zebes/build/include/abseil-cpp/absl/profiling /Users/ellie/Projects/zebes/build/include/abseil-cpp/absl/profiling/CMakeFiles/absl_periodic_sampler.dir/DependInfo.cmake "--color="
[ 14%] Built target absl_log_severity
/Library/Developer/CommandLineTools/usr/bin/make  -f include/abseil-cpp/absl/base/CMakeFiles/absl_raw_logging_internal.dir/build.make include/abseil-cpp/absl/base/CMakeFiles/absl_raw_logging_internal.dir/depend
/Library/Developer/CommandLineTools/usr/bin/make  -f include/SDL/CMakeFiles/SDL2main.dir/build.make include/SDL/CMakeFiles/SDL2main.dir/build
cd /Users/ellie/Projects/zebes/build && /usr/local/bin/cmake -E cmake_depends "Unix Makefiles" /Users/ellie/Projects/zebes /Users/ellie/Projects/zebes/include/abseil-cpp/absl/base /Users/ellie/Projects/zebes/build /Users/ellie/Projects/zebes/build/include/abseil-cpp/absl/base /Users/ellie/Projects/zebes/build/include/abseil-cpp/absl/base/CMakeFiles/absl_raw_logging_internal.dir/DependInfo.cmake "--color="
[ 14%] Built target absl_civil_time
make[2]: Nothing to be done for `include/googletest/googletest/CMakeFiles/gtest.dir/build'.
make[2]: Nothing to be done for `include/SDL/CMakeFiles/SDL2main.dir/build'.
[ 15%] Built target absl_int128
[ 15%] Built target absl_strerror
/Library/Developer/CommandLineTools/usr/bin/make  -f include/abseil-cpp/absl/debugging/CMakeFiles/absl_decode_rust_punycode.dir/build.make include/abseil-cpp/absl/debugging/CMakeFiles/absl_decode_rust_punycode.dir/build
/Library/Developer/CommandLineTools/usr/bin/make  -f include/abseil-cpp/absl/random/CMakeFiles/absl_random_internal_randen_slow.dir/build.make include/abseil-cpp/absl/random/CMakeFiles/absl_random_internal_randen_slow.dir/build
/Library/Developer/CommandLineTools/usr/bin/make  -f include/abseil-cpp/absl/random/CMakeFiles/absl_random_internal_randen_hwaes_impl.dir/build.make include/abseil-cpp/absl/random/CMakeFiles/absl_random_internal_randen_hwaes_impl.dir/build
[ 15%] Built target gtest
/Library/Developer/CommandLineTools/usr/bin/make  -f include/googletest/googlemock/CMakeFiles/gmock.dir/build.make include/googletest/googlemock/CMakeFiles/gmock.dir/depend
/Library/Developer/CommandLineTools/usr/bin/make  -f include/googletest/googletest/CMakeFiles/gtest_main.dir/build.make include/googletest/googletest/CMakeFiles/gtest_main.dir/depend
[ 15%] Built target copy_assets
make[2]: Nothing to be done for `include/abseil-cpp/absl/debugging/CMakeFiles/absl_decode_rust_punycode.dir/build'.
/Library/Developer/CommandLineTools/usr/bin/make  -f include/abseil-cpp/absl/profiling/CMakeFiles/absl_periodic_sampler.dir/build.make include/abseil-cpp/absl/profiling/CMakeFiles/absl_periodic_sampler.dir/build
make[2]: Nothing to be done for `include/abseil-cpp/absl/random/CMakeFiles/absl_random_internal_randen_hwaes_impl.dir/build'.
make[2]: Nothing to be done for `include/abseil-cpp/absl/random/CMakeFiles/absl_random_internal_randen_slow.dir/build'.
cd /Users/ellie/Projects/zebes/build && /usr/local/bin/cmake -E cmake_depends "Unix Makefiles" /Users/ellie/Projects/zebes /Users/ellie/Projects/zebes/include/googletest/googlemock /Users/ellie/Projects/zebes/build /Users/ellie/Projects/zebes/build/include/googletest/googlemock /Users/ellie/Projects/zebes/build/include/googletest/googlemock/CMakeFiles/gmock.dir/DependInfo.cmake "--color="
cd /Users/ellie/Projects/zebes/build && /usr/local/bin/cmake -E cmake_depends "Unix Makefiles" /Users/ellie/Projects/zebes /Users/ellie/Projects/zebes/include/googletest/googletest /Users/ellie/Projects/zebes/build /Users/ellie/Projects/zebes/build/include/googletest/googletest /Users/ellie/Projects/zebes/build/include/googletest/googletest/CMakeFiles/gtest_main.dir/DependInfo.cmake "--color="
[ 15%] Built target SDL2main
make[2]: Nothing to be done for `include/abseil-cpp/absl/profiling/CMakeFiles/absl_periodic_sampler.dir/build'.
/Library/Developer/CommandLineTools/usr/bin/make  -f include/abseil-cpp/absl/base/CMakeFiles/absl_raw_logging_internal.dir/build.make include/abseil-cpp/absl/base/CMakeFiles/absl_raw_logging_internal.dir/build
[ 15%] Built target absl_random_internal_randen_hwaes_impl
[ 15%] Built target absl_random_internal_randen_slow
/Library/Developer/CommandLineTools/usr/bin/make  -f include/SDL/CMakeFiles/SDL2_test.dir/build.make include/SDL/CMakeFiles/SDL2_test.dir/build
/Library/Developer/CommandLineTools/usr/bin/make  -f include/abseil-cpp/absl/random/CMakeFiles/absl_random_internal_randen_hwaes.dir/build.make include/abseil-cpp/absl/random/CMakeFiles/absl_random_internal_randen_hwaes.dir/depend
[ 16%] Built target absl_decode_rust_punycode
/Library/Developer/CommandLineTools/usr/bin/make  -f include/abseil-cpp/absl/debugging/CMakeFiles/absl_demangle_rust.dir/build.make include/abseil-cpp/absl/debugging/CMakeFiles/absl_demangle_rust.dir/depend
cd /Users/ellie/Projects/zebes/build && /usr/local/bin/cmake -E cmake_depends "Unix Makefiles" /Users/ellie/Projects/zebes /Users/ellie/Projects/zebes/include/abseil-cpp/absl/random /Users/ellie/Projects/zebes/build /Users/ellie/Projects/zebes/build/include/abseil-cpp/absl/random /Users/ellie/Projects/zebes/build/include/abseil-cpp/absl/random/CMakeFiles/absl_random_internal_randen_hwaes.dir/DependInfo.cmake "--color="
cd /Users/ellie/Projects/zebes/build && /usr/local/bin/cmake -E cmake_depends "Unix Makefiles" /Users/ellie/Projects/zebes /Users/ellie/Projects/zebes/include/abseil-cpp/absl/debugging /Users/ellie/Projects/zebes/build /Users/ellie/Projects/zebes/build/include/abseil-cpp/absl/debugging /Users/ellie/Projects/zebes/build/include/abseil-cpp/absl/debugging/CMakeFiles/absl_demangle_rust.dir/DependInfo.cmake "--color="
[ 16%] Built target absl_periodic_sampler
make[2]: Nothing to be done for `include/abseil-cpp/absl/base/CMakeFiles/absl_raw_logging_internal.dir/build'.
make[2]: Nothing to be done for `include/SDL/CMakeFiles/SDL2_test.dir/build'.
/Library/Developer/CommandLineTools/usr/bin/make  -f include/googletest/googlemock/CMakeFiles/gmock.dir/build.make include/googletest/googlemock/CMakeFiles/gmock.dir/build
/Library/Developer/CommandLineTools/usr/bin/make  -f include/googletest/googletest/CMakeFiles/gtest_main.dir/build.make include/googletest/googletest/CMakeFiles/gtest_main.dir/build
/Library/Developer/CommandLineTools/usr/bin/make  -f include/abseil-cpp/absl/time/CMakeFiles/absl_time_zone.dir/build.make include/abseil-cpp/absl/time/CMakeFiles/absl_time_zone.dir/build
[ 17%] Built target absl_raw_logging_internal
/Library/Developer/CommandLineTools/usr/bin/make  -f include/abseil-cpp/absl/random/CMakeFiles/absl_random_internal_randen_hwaes.dir/build.make include/abseil-cpp/absl/random/CMakeFiles/absl_random_internal_randen_hwaes.dir/build
/Library/Developer/CommandLineTools/usr/bin/make  -f include/abseil-cpp/absl/base/CMakeFiles/absl_base.dir/build.make include/abseil-cpp/absl/base/CMakeFiles/absl_base.dir/depend
/Library/Developer/CommandLineTools/usr/bin/make  -f include/abseil-cpp/absl/base/CMakeFiles/absl_throw_delegate.dir/build.make include/abseil-cpp/absl/base/CMakeFiles/absl_throw_delegate.dir/depend
/Library/Developer/CommandLineTools/usr/bin/make  -f include/abseil-cpp/absl/base/CMakeFiles/absl_scoped_set_env.dir/build.make include/abseil-cpp/absl/base/CMakeFiles/absl_scoped_set_env.dir/depend
/Library/Developer/CommandLineTools/usr/bin/make  -f include/abseil-cpp/absl/debugging/CMakeFiles/absl_debugging_internal.dir/build.make include/abseil-cpp/absl/debugging/CMakeFiles/absl_debugging_internal.dir/depend
/Library/Developer/CommandLineTools/usr/bin/make  -f include/abseil-cpp/absl/types/CMakeFiles/absl_bad_variant_access.dir/build.make include/abseil-cpp/absl/types/CMakeFiles/absl_bad_variant_access.dir/depend
/Library/Developer/CommandLineTools/usr/bin/make  -f include/abseil-cpp/absl/types/CMakeFiles/absl_bad_optional_access.dir/build.make include/abseil-cpp/absl/types/CMakeFiles/absl_bad_optional_access.dir/depend
/Library/Developer/CommandLineTools/usr/bin/make  -f include/abseil-cpp/absl/strings/CMakeFiles/absl_cordz_functions.dir/build.make include/abseil-cpp/absl/strings/CMakeFiles/absl_cordz_functions.dir/depend
/Library/Developer/CommandLineTools/usr/bin/make  -f include/abseil-cpp/absl/types/CMakeFiles/absl_bad_any_cast_impl.dir/build.make include/abseil-cpp/absl/types/CMakeFiles/absl_bad_any_cast_impl.dir/depend
cd /Users/ellie/Projects/zebes/build && /usr/local/bin/cmake -E cmake_depends "Unix Makefiles" /Users/ellie/Projects/zebes /Users/ellie/Projects/zebes/include/abseil-cpp/absl/base /Users/ellie/Projects/zebes/build /Users/ellie/Projects/zebes/build/include/abseil-cpp/absl/base /Users/ellie/Projects/zebes/build/include/abseil-cpp/absl/base/CMakeFiles/absl_throw_delegate.dir/DependInfo.cmake "--color="
cd /Users/ellie/Projects/zebes/build && /usr/local/bin/cmake -E cmake_depends "Unix Makefiles" /Users/ellie/Projects/zebes /Users/ellie/Projects/zebes/include/abseil-cpp/absl/base /Users/ellie/Projects/zebes/build /Users/ellie/Projects/zebes/build/include/abseil-cpp/absl/base /Users/ellie/Projects/zebes/build/include/abseil-cpp/absl/base/CMakeFiles/absl_base.dir/DependInfo.cmake "--color="
cd /Users/ellie/Projects/zebes/build && /usr/local/bin/cmake -E cmake_depends "Unix Makefiles" /Users/ellie/Projects/zebes /Users/ellie/Projects/zebes/include/abseil-cpp/absl/base /Users/ellie/Projects/zebes/build /Users/ellie/Projects/zebes/build/include/abseil-cpp/absl/base /Users/ellie/Projects/zebes/build/include/abseil-cpp/absl/base/CMakeFiles/absl_scoped_set_env.dir/DependInfo.cmake "--color="
cd /Users/ellie/Projects/zebes/build && /usr/local/bin/cmake -E cmake_depends "Unix Makefiles" /Users/ellie/Projects/zebes /Users/ellie/Projects/zebes/include/abseil-cpp/absl/debugging /Users/ellie/Projects/zebes/build /Users/ellie/Projects/zebes/build/include/abseil-cpp/absl/debugging /Users/ellie/Projects/zebes/build/include/abseil-cpp/absl/debugging/CMakeFiles/absl_debugging_internal.dir/DependInfo.cmake "--color="
cd /Users/ellie/Projects/zebes/build && /usr/local/bin/cmake -E cmake_depends "Unix Makefiles" /Users/ellie/Projects/zebes /Users/ellie/Projects/zebes/include/abseil-cpp/absl/types /Users/ellie/Projects/zebes/build /Users/ellie/Projects/zebes/build/include/abseil-cpp/absl/types /Users/ellie/Projects/zebes/build/include/abseil-cpp/absl/types/CMakeFiles/absl_bad_variant_access.dir/DependInfo.cmake "--color="
make[2]: Nothing to be done for `include/abseil-cpp/absl/random/CMakeFiles/absl_random_internal_randen_hwaes.dir/build'.
cd /Users/ellie/Projects/zebes/build && /usr/local/bin/cmake -E cmake_depends "Unix Makefiles" /Users/ellie/Projects/zebes /Users/ellie/Projects/zebes/include/abseil-cpp/absl/types /Users/ellie/Projects/zebes/build /Users/ellie/Projects/zebes/build/include/abseil-cpp/absl/types /Users/ellie/Projects/zebes/build/include/abseil-cpp/absl/types/CMakeFiles/absl_bad_optional_access.dir/DependInfo.cmake "--color="
cd /Users/ellie/Projects/zebes/build && /usr/local/bin/cmake -E cmake_depends "Unix Makefiles" /Users/ellie/Projects/zebes /Users/ellie/Projects/zebes/include/abseil-cpp/absl/strings /Users/ellie/Projects/zebes/build /Users/ellie/Projects/zebes/build/include/abseil-cpp/absl/strings /Users/ellie/Projects/zebes/build/include/abseil-cpp/absl/strings/CMakeFiles/absl_cordz_functions.dir/DependInfo.cmake "--color="
make[2]: Nothing to be done for `include/googletest/googlemock/CMakeFiles/gmock.dir/build'.
cd /Users/ellie/Projects/zebes/build && /usr/local/bin/cmake -E cmake_depends "Unix Makefiles" /Users/ellie/Projects/zebes /Users/ellie/Projects/zebes/include/abseil-cpp/absl/types /Users/ellie/Projects/zebes/build /Users/ellie/Projects/zebes/build/include/abseil-cpp/absl/types /Users/ellie/Projects/zebes/build/include/abseil-cpp/absl/types/CMakeFiles/absl_bad_any_cast_impl.dir/DependInfo.cmake "--color="
make[2]: Nothing to be done for `include/googletest/googletest/CMakeFiles/gtest_main.dir/build'.
[ 19%] Built target SDL2_test
/Library/Developer/CommandLineTools/usr/bin/make  -f include/abseil-cpp/absl/debugging/CMakeFiles/absl_demangle_rust.dir/build.make include/abseil-cpp/absl/debugging/CMakeFiles/absl_demangle_rust.dir/build
[ 20%] Built target absl_random_internal_randen_hwaes
make[2]: Nothing to be done for `include/abseil-cpp/absl/debugging/CMakeFiles/absl_demangle_rust.dir/build'.
make[2]: Nothing to be done for `include/abseil-cpp/absl/time/CMakeFiles/absl_time_zone.dir/build'.
/Library/Developer/CommandLineTools/usr/bin/make  -f include/abseil-cpp/absl/random/CMakeFiles/absl_random_internal_randen.dir/build.make include/abseil-cpp/absl/random/CMakeFiles/absl_random_internal_randen.dir/depend
[ 20%] Built target gmock
/Library/Developer/CommandLineTools/usr/bin/make  -f include/googletest/googlemock/CMakeFiles/gmock_main.dir/build.make include/googletest/googlemock/CMakeFiles/gmock_main.dir/depend
[ 20%] Built target gtest_main
cd /Users/ellie/Projects/zebes/build && /usr/local/bin/cmake -E cmake_depends "Unix Makefiles" /Users/ellie/Projects/zebes /Users/ellie/Projects/zebes/include/abseil-cpp/absl/random /Users/ellie/Projects/zebes/build /Users/ellie/Projects/zebes/build/include/abseil-cpp/absl/random /Users/ellie/Projects/zebes/build/include/abseil-cpp/absl/random/CMakeFiles/absl_random_internal_randen.dir/DependInfo.cmake "--color="
cd /Users/ellie/Projects/zebes/build && /usr/local/bin/cmake -E cmake_depends "Unix Makefiles" /Users/ellie/Projects/zebes /Users/ellie/Projects/zebes/include/googletest/googlemock /Users/ellie/Projects/zebes/build /Users/ellie/Projects/zebes/build/include/googletest/googlemock /Users/ellie/Projects/zebes/build/include/googletest/googlemock/CMakeFiles/gmock_main.dir/DependInfo.cmake "--color="
/Library/Developer/CommandLineTools/usr/bin/make  -f include/abseil-cpp/absl/types/CMakeFiles/absl_bad_variant_access.dir/build.make include/abseil-cpp/absl/types/CMakeFiles/absl_bad_variant_access.dir/build
/Library/Developer/CommandLineTools/usr/bin/make  -f include/abseil-cpp/absl/debugging/CMakeFiles/absl_debugging_internal.dir/build.make include/abseil-cpp/absl/debugging/CMakeFiles/absl_debugging_internal.dir/build
/Library/Developer/CommandLineTools/usr/bin/make  -f include/abseil-cpp/absl/types/CMakeFiles/absl_bad_optional_access.dir/build.make include/abseil-cpp/absl/types/CMakeFiles/absl_bad_optional_access.dir/build
/Library/Developer/CommandLineTools/usr/bin/make  -f include/abseil-cpp/absl/types/CMakeFiles/absl_bad_any_cast_impl.dir/build.make include/abseil-cpp/absl/types/CMakeFiles/absl_bad_any_cast_impl.dir/build
make[2]: Nothing to be done for `include/abseil-cpp/absl/debugging/CMakeFiles/absl_debugging_internal.dir/build'.
make[2]: Nothing to be done for `include/abseil-cpp/absl/types/CMakeFiles/absl_bad_variant_access.dir/build'.
/Library/Developer/CommandLineTools/usr/bin/make  -f include/abseil-cpp/absl/base/CMakeFiles/absl_throw_delegate.dir/build.make include/abseil-cpp/absl/base/CMakeFiles/absl_throw_delegate.dir/build
make[2]: Nothing to be done for `include/abseil-cpp/absl/types/CMakeFiles/absl_bad_optional_access.dir/build'.
[ 20%] Built target absl_demangle_rust
/Library/Developer/CommandLineTools/usr/bin/make  -f include/abseil-cpp/absl/debugging/CMakeFiles/absl_demangle_internal.dir/build.make include/abseil-cpp/absl/debugging/CMakeFiles/absl_demangle_internal.dir/depend
make[2]: Nothing to be done for `include/abseil-cpp/absl/types/CMakeFiles/absl_bad_any_cast_impl.dir/build'.
[ 22%] Built target absl_time_zone
/Library/Developer/CommandLineTools/usr/bin/make  -f include/abseil-cpp/absl/base/CMakeFiles/absl_scoped_set_env.dir/build.make include/abseil-cpp/absl/base/CMakeFiles/absl_scoped_set_env.dir/build
cd /Users/ellie/Projects/zebes/build && /usr/local/bin/cmake -E cmake_depends "Unix Makefiles" /Users/ellie/Projects/zebes /Users/ellie/Projects/zebes/include/abseil-cpp/absl/debugging /Users/ellie/Projects/zebes/build /Users/ellie/Projects/zebes/build/include/abseil-cpp/absl/debugging /Users/ellie/Projects/zebes/build/include/abseil-cpp/absl/debugging/CMakeFiles/absl_demangle_internal.dir/DependInfo.cmake "--color="
/Library/Developer/CommandLineTools/usr/bin/make  -f include/abseil-cpp/absl/strings/CMakeFiles/absl_cordz_functions.dir/build.make include/abseil-cpp/absl/strings/CMakeFiles/absl_cordz_functions.dir/build
make[2]: Nothing to be done for `include/abseil-cpp/absl/base/CMakeFiles/absl_throw_delegate.dir/build'.
make[2]: Nothing to be done for `include/abseil-cpp/absl/base/CMakeFiles/absl_scoped_set_env.dir/build'.
[ 22%] Built target absl_bad_variant_access
[ 22%] Built target absl_debugging_internal
/Library/Developer/CommandLineTools/usr/bin/make  -f include/abseil-cpp/absl/debugging/CMakeFiles/absl_stacktrace.dir/build.make include/abseil-cpp/absl/debugging/CMakeFiles/absl_stacktrace.dir/depend
make[2]: Nothing to be done for `include/abseil-cpp/absl/strings/CMakeFiles/absl_cordz_functions.dir/build'.
/Library/Developer/CommandLineTools/usr/bin/make  -f include/abseil-cpp/absl/random/CMakeFiles/absl_random_internal_randen.dir/build.make include/abseil-cpp/absl/random/CMakeFiles/absl_random_internal_randen.dir/build
cd /Users/ellie/Projects/zebes/build && /usr/local/bin/cmake -E cmake_depends "Unix Makefiles" /Users/ellie/Projects/zebes /Users/ellie/Projects/zebes/include/abseil-cpp/absl/debugging /Users/ellie/Projects/zebes/build /Users/ellie/Projects/zebes/build/include/abseil-cpp/absl/debugging /Users/ellie/Projects/zebes/build/include/abseil-cpp/absl/debugging/CMakeFiles/absl_stacktrace.dir/DependInfo.cmake "--color="
[ 23%] Built target absl_bad_optional_access
[ 23%] Built target absl_bad_any_cast_impl
/Library/Developer/CommandLineTools/usr/bin/make  -f include/googletest/googlemock/CMakeFiles/gmock_main.dir/build.make include/googletest/googlemock/CMakeFiles/gmock_main.dir/build
/Library/Developer/CommandLineTools/usr/bin/make  -f include/abseil-cpp/absl/base/CMakeFiles/absl_base.dir/build.make include/abseil-cpp/absl/base/CMakeFiles/absl_base.dir/build
[ 24%] Built target absl_throw_delegate
make[2]: Nothing to be done for `include/abseil-cpp/absl/random/CMakeFiles/absl_random_internal_randen.dir/build'.
[ 24%] Built target absl_scoped_set_env
make[2]: Nothing to be done for `include/googletest/googlemock/CMakeFiles/gmock_main.dir/build'.
[ 24%] Built target absl_cordz_functions
/Library/Developer/CommandLineTools/usr/bin/make  -f include/abseil-cpp/absl/debugging/CMakeFiles/absl_demangle_internal.dir/build.make include/abseil-cpp/absl/debugging/CMakeFiles/absl_demangle_internal.dir/build
/Library/Developer/CommandLineTools/usr/bin/make  -f include/abseil-cpp/absl/debugging/CMakeFiles/absl_stacktrace.dir/build.make include/abseil-cpp/absl/debugging/CMakeFiles/absl_stacktrace.dir/build
make[2]: Nothing to be done for `include/abseil-cpp/absl/base/CMakeFiles/absl_base.dir/build'.
make[2]: Nothing to be done for `include/abseil-cpp/absl/debugging/CMakeFiles/absl_demangle_internal.dir/build'.
make[2]: Nothing to be done for `include/abseil-cpp/absl/debugging/CMakeFiles/absl_stacktrace.dir/build'.
[ 24%] Built target absl_random_internal_randen
[ 25%] Built target gmock_main
[ 26%] Built target absl_base
/Library/Developer/CommandLineTools/usr/bin/make  -f include/abseil-cpp/absl/base/CMakeFiles/absl_malloc_internal.dir/build.make include/abseil-cpp/absl/base/CMakeFiles/absl_malloc_internal.dir/depend
/Library/Developer/CommandLineTools/usr/bin/make  -f include/abseil-cpp/absl/base/CMakeFiles/absl_tracing_internal.dir/build.make include/abseil-cpp/absl/base/CMakeFiles/absl_tracing_internal.dir/depend
/Library/Developer/CommandLineTools/usr/bin/make  -f include/abseil-cpp/absl/strings/CMakeFiles/absl_strings_internal.dir/build.make include/abseil-cpp/absl/strings/CMakeFiles/absl_strings_internal.dir/depend
/Library/Developer/CommandLineTools/usr/bin/make  -f include/abseil-cpp/absl/strings/CMakeFiles/absl_string_view.dir/build.make include/abseil-cpp/absl/strings/CMakeFiles/absl_string_view.dir/depend
[ 26%] Built target absl_demangle_internal
/Library/Developer/CommandLineTools/usr/bin/make  -f include/abseil-cpp/absl/crc/CMakeFiles/absl_crc_cpu_detect.dir/build.make include/abseil-cpp/absl/crc/CMakeFiles/absl_crc_cpu_detect.dir/depend
[ 27%] Built target absl_stacktrace
cd /Users/ellie/Projects/zebes/build && /usr/local/bin/cmake -E cmake_depends "Unix Makefiles" /Users/ellie/Projects/zebes /Users/ellie/Projects/zebes/include/abseil-cpp/absl/base /Users/ellie/Projects/zebes/build /Users/ellie/Projects/zebes/build/include/abseil-cpp/absl/base /Users/ellie/Projects/zebes/build/include/abseil-cpp/absl/base/CMakeFiles/absl_malloc_internal.dir/DependInfo.cmake "--color="
/Library/Developer/CommandLineTools/usr/bin/make  -f include/abseil-cpp/absl/hash/CMakeFiles/absl_city.dir/build.make include/abseil-cpp/absl/hash/CMakeFiles/absl_city.dir/depend
/Library/Developer/CommandLineTools/usr/bin/make  -f include/abseil-cpp/absl/hash/CMakeFiles/absl_low_level_hash.dir/build.make include/abseil-cpp/absl/hash/CMakeFiles/absl_low_level_hash.dir/depend
cd /Users/ellie/Projects/zebes/build && /usr/local/bin/cmake -E cmake_depends "Unix Makefiles" /Users/ellie/Projects/zebes /Users/ellie/Projects/zebes/include/abseil-cpp/absl/base /Users/ellie/Projects/zebes/build /Users/ellie/Projects/zebes/build/include/abseil-cpp/absl/base /Users/ellie/Projects/zebes/build/include/abseil-cpp/absl/base/CMakeFiles/absl_tracing_internal.dir/DependInfo.cmake "--color="
/Library/Developer/CommandLineTools/usr/bin/make  -f include/abseil-cpp/absl/log/CMakeFiles/absl_log_internal_conditions.dir/build.make include/abseil-cpp/absl/log/CMakeFiles/absl_log_internal_conditions.dir/depend
cd /Users/ellie/Projects/zebes/build && /usr/local/bin/cmake -E cmake_depends "Unix Makefiles" /Users/ellie/Projects/zebes /Users/ellie/Projects/zebes/include/abseil-cpp/absl/strings /Users/ellie/Projects/zebes/build /Users/ellie/Projects/zebes/build/include/abseil-cpp/absl/strings /Users/ellie/Projects/zebes/build/include/abseil-cpp/absl/strings/CMakeFiles/absl_strings_internal.dir/DependInfo.cmake "--color="
cd /Users/ellie/Projects/zebes/build && /usr/local/bin/cmake -E cmake_depends "Unix Makefiles" /Users/ellie/Projects/zebes /Users/ellie/Projects/zebes/include/abseil-cpp/absl/strings /Users/ellie/Projects/zebes/build /Users/ellie/Projects/zebes/build/include/abseil-cpp/absl/strings /Users/ellie/Projects/zebes/build/include/abseil-cpp/absl/strings/CMakeFiles/absl_string_view.dir/DependInfo.cmake "--color="
cd /Users/ellie/Projects/zebes/build && /usr/local/bin/cmake -E cmake_depends "Unix Makefiles" /Users/ellie/Projects/zebes /Users/ellie/Projects/zebes/include/abseil-cpp/absl/hash /Users/ellie/Projects/zebes/build /Users/ellie/Projects/zebes/build/include/abseil-cpp/absl/hash /Users/ellie/Projects/zebes/build/include/abseil-cpp/absl/hash/CMakeFiles/absl_city.dir/DependInfo.cmake "--color="
cd /Users/ellie/Projects/zebes/build && /usr/local/bin/cmake -E cmake_depends "Unix Makefiles" /Users/ellie/Projects/zebes /Users/ellie/Projects/zebes/include/abseil-cpp/absl/crc /Users/ellie/Projects/zebes/build /Users/ellie/Projects/zebes/build/include/abseil-cpp/absl/crc /Users/ellie/Projects/zebes/build/include/abseil-cpp/absl/crc/CMakeFiles/absl_crc_cpu_detect.dir/DependInfo.cmake "--color="
cd /Users/ellie/Projects/zebes/build && /usr/local/bin/cmake -E cmake_depends "Unix Makefiles" /Users/ellie/Projects/zebes /Users/ellie/Projects/zebes/include/abseil-cpp/absl/log /Users/ellie/Projects/zebes/build /Users/ellie/Projects/zebes/build/include/abseil-cpp/absl/log /Users/ellie/Projects/zebes/build/include/abseil-cpp/absl/log/CMakeFiles/absl_log_internal_conditions.dir/DependInfo.cmake "--color="
cd /Users/ellie/Projects/zebes/build && /usr/local/bin/cmake -E cmake_depends "Unix Makefiles" /Users/ellie/Projects/zebes /Users/ellie/Projects/zebes/include/abseil-cpp/absl/hash /Users/ellie/Projects/zebes/build /Users/ellie/Projects/zebes/build/include/abseil-cpp/absl/hash /Users/ellie/Projects/zebes/build/include/abseil-cpp/absl/hash/CMakeFiles/absl_low_level_hash.dir/DependInfo.cmake "--color="
/Library/Developer/CommandLineTools/usr/bin/make  -f include/abseil-cpp/absl/base/CMakeFiles/absl_tracing_internal.dir/build.make include/abseil-cpp/absl/base/CMakeFiles/absl_tracing_internal.dir/build
make[2]: Nothing to be done for `include/abseil-cpp/absl/base/CMakeFiles/absl_tracing_internal.dir/build'.
/Library/Developer/CommandLineTools/usr/bin/make  -f include/abseil-cpp/absl/log/CMakeFiles/absl_log_internal_conditions.dir/build.make include/abseil-cpp/absl/log/CMakeFiles/absl_log_internal_conditions.dir/build
make[2]: Nothing to be done for `include/abseil-cpp/absl/log/CMakeFiles/absl_log_internal_conditions.dir/build'.
/Library/Developer/CommandLineTools/usr/bin/make  -f include/abseil-cpp/absl/strings/CMakeFiles/absl_string_view.dir/build.make include/abseil-cpp/absl/strings/CMakeFiles/absl_string_view.dir/build
/Library/Developer/CommandLineTools/usr/bin/make  -f include/abseil-cpp/absl/crc/CMakeFiles/absl_crc_cpu_detect.dir/build.make include/abseil-cpp/absl/crc/CMakeFiles/absl_crc_cpu_detect.dir/build
/Library/Developer/CommandLineTools/usr/bin/make  -f include/abseil-cpp/absl/base/CMakeFiles/absl_malloc_internal.dir/build.make include/abseil-cpp/absl/base/CMakeFiles/absl_malloc_internal.dir/build
/Library/Developer/CommandLineTools/usr/bin/make  -f include/abseil-cpp/absl/hash/CMakeFiles/absl_city.dir/build.make include/abseil-cpp/absl/hash/CMakeFiles/absl_city.dir/build
/Library/Developer/CommandLineTools/usr/bin/make  -f include/abseil-cpp/absl/hash/CMakeFiles/absl_low_level_hash.dir/build.make include/abseil-cpp/absl/hash/CMakeFiles/absl_low_level_hash.dir/build
[ 27%] Built target absl_tracing_internal
/Library/Developer/CommandLineTools/usr/bin/make  -f include/abseil-cpp/absl/strings/CMakeFiles/absl_strings_internal.dir/build.make include/abseil-cpp/absl/strings/CMakeFiles/absl_strings_internal.dir/build
make[2]: Nothing to be done for `include/abseil-cpp/absl/strings/CMakeFiles/absl_string_view.dir/build'.
make[2]: Nothing to be done for `include/abseil-cpp/absl/crc/CMakeFiles/absl_crc_cpu_detect.dir/build'.
make[2]: Nothing to be done for `include/abseil-cpp/absl/hash/CMakeFiles/absl_city.dir/build'.
make[2]: Nothing to be done for `include/abseil-cpp/absl/hash/CMakeFiles/absl_low_level_hash.dir/build'.
make[2]: Nothing to be done for `include/abseil-cpp/absl/base/CMakeFiles/absl_malloc_internal.dir/build'.
[ 27%] Built target absl_log_internal_conditions
make[2]: Nothing to be done for `include/abseil-cpp/absl/strings/CMakeFiles/absl_strings_internal.dir/build'.
[ 27%] Built target absl_city
[ 27%] Built target absl_string_view
[ 27%] Built target absl_crc_cpu_detect
[ 27%] Built target absl_malloc_internal
/Library/Developer/CommandLineTools/usr/bin/make  -f include/abseil-cpp/absl/crc/CMakeFiles/absl_crc_internal.dir/build.make include/abseil-cpp/absl/crc/CMakeFiles/absl_crc_internal.dir/depend
/Library/Developer/CommandLineTools/usr/bin/make  -f include/abseil-cpp/absl/base/CMakeFiles/absl_poison.dir/build.make include/abseil-cpp/absl/base/CMakeFiles/absl_poison.dir/depend
/Library/Developer/CommandLineTools/usr/bin/make  -f include/abseil-cpp/absl/synchronization/CMakeFiles/absl_graphcycles_internal.dir/build.make include/abseil-cpp/absl/synchronization/CMakeFiles/absl_graphcycles_internal.dir/depend
[ 28%] Built target absl_low_level_hash
cd /Users/ellie/Projects/zebes/build && /usr/local/bin/cmake -E cmake_depends "Unix Makefiles" /Users/ellie/Projects/zebes /Users/ellie/Projects/zebes/include/abseil-cpp/absl/crc /Users/ellie/Projects/zebes/build /Users/ellie/Projects/zebes/build/include/abseil-cpp/absl/crc /Users/ellie/Projects/zebes/build/include/abseil-cpp/absl/crc/CMakeFiles/absl_crc_internal.dir/DependInfo.cmake "--color="
cd /Users/ellie/Projects/zebes/build && /usr/local/bin/cmake -E cmake_depends "Unix Makefiles" /Users/ellie/Projects/zebes /Users/ellie/Projects/zebes/include/abseil-cpp/absl/base /Users/ellie/Projects/zebes/build /Users/ellie/Projects/zebes/build/include/abseil-cpp/absl/base /Users/ellie/Projects/zebes/build/include/abseil-cpp/absl/base/CMakeFiles/absl_poison.dir/DependInfo.cmake "--color="
cd /Users/ellie/Projects/zebes/build && /usr/local/bin/cmake -E cmake_depends "Unix Makefiles" /Users/ellie/Projects/zebes /Users/ellie/Projects/zebes/include/abseil-cpp/absl/synchronization /Users/ellie/Projects/zebes/build /Users/ellie/Projects/zebes/build/include/abseil-cpp/absl/synchronization /Users/ellie/Projects/zebes/build/include/abseil-cpp/absl/synchronization/CMakeFiles/absl_graphcycles_internal.dir/DependInfo.cmake "--color="
[ 28%] Built target absl_strings_internal
/Library/Developer/CommandLineTools/usr/bin/make  -f include/abseil-cpp/absl/strings/CMakeFiles/absl_strings.dir/build.make include/abseil-cpp/absl/strings/CMakeFiles/absl_strings.dir/depend
cd /Users/ellie/Projects/zebes/build && /usr/local/bin/cmake -E cmake_depends "Unix Makefiles" /Users/ellie/Projects/zebes /Users/ellie/Projects/zebes/include/abseil-cpp/absl/strings /Users/ellie/Projects/zebes/build /Users/ellie/Projects/zebes/build/include/abseil-cpp/absl/strings /Users/ellie/Projects/zebes/build/include/abseil-cpp/absl/strings/CMakeFiles/absl_strings.dir/DependInfo.cmake "--color="
/Library/Developer/CommandLineTools/usr/bin/make  -f include/abseil-cpp/absl/base/CMakeFiles/absl_poison.dir/build.make include/abseil-cpp/absl/base/CMakeFiles/absl_poison.dir/build
make[2]: Nothing to be done for `include/abseil-cpp/absl/base/CMakeFiles/absl_poison.dir/build'.
/Library/Developer/CommandLineTools/usr/bin/make  -f include/abseil-cpp/absl/synchronization/CMakeFiles/absl_graphcycles_internal.dir/build.make include/abseil-cpp/absl/synchronization/CMakeFiles/absl_graphcycles_internal.dir/build
/Library/Developer/CommandLineTools/usr/bin/make  -f include/abseil-cpp/absl/crc/CMakeFiles/absl_crc_internal.dir/build.make include/abseil-cpp/absl/crc/CMakeFiles/absl_crc_internal.dir/build
[ 29%] Built target absl_poison
make[2]: Nothing to be done for `include/abseil-cpp/absl/synchronization/CMakeFiles/absl_graphcycles_internal.dir/build'.
make[2]: Nothing to be done for `include/abseil-cpp/absl/crc/CMakeFiles/absl_crc_internal.dir/build'.
[ 30%] Built target absl_graphcycles_internal
[ 31%] Built target absl_crc_internal
/Library/Developer/CommandLineTools/usr/bin/make  -f include/abseil-cpp/absl/strings/CMakeFiles/absl_strings.dir/build.make include/abseil-cpp/absl/strings/CMakeFiles/absl_strings.dir/build
make[2]: Nothing to be done for `include/abseil-cpp/absl/strings/CMakeFiles/absl_strings.dir/build'.
[ 34%] Built target absl_strings
/Library/Developer/CommandLineTools/usr/bin/make  -f include/abseil-cpp/absl/debugging/CMakeFiles/absl_symbolize.dir/build.make include/abseil-cpp/absl/debugging/CMakeFiles/absl_symbolize.dir/depend
/Library/Developer/CommandLineTools/usr/bin/make  -f include/abseil-cpp/absl/time/CMakeFiles/absl_time.dir/build.make include/abseil-cpp/absl/time/CMakeFiles/absl_time.dir/depend
/Library/Developer/CommandLineTools/usr/bin/make  -f include/abseil-cpp/absl/strings/CMakeFiles/absl_str_format_internal.dir/build.make include/abseil-cpp/absl/strings/CMakeFiles/absl_str_format_internal.dir/depend
/Library/Developer/CommandLineTools/usr/bin/make  -f include/abseil-cpp/absl/hash/CMakeFiles/absl_hash.dir/build.make include/abseil-cpp/absl/hash/CMakeFiles/absl_hash.dir/depend
/Library/Developer/CommandLineTools/usr/bin/make  -f include/abseil-cpp/absl/flags/CMakeFiles/absl_flags_commandlineflag.dir/build.make include/abseil-cpp/absl/flags/CMakeFiles/absl_flags_commandlineflag.dir/depend
/Library/Developer/CommandLineTools/usr/bin/make  -f include/abseil-cpp/absl/log/CMakeFiles/absl_log_internal_proto.dir/build.make include/abseil-cpp/absl/log/CMakeFiles/absl_log_internal_proto.dir/depend
/Library/Developer/CommandLineTools/usr/bin/make  -f include/abseil-cpp/absl/log/CMakeFiles/absl_log_internal_fnmatch.dir/build.make include/abseil-cpp/absl/log/CMakeFiles/absl_log_internal_fnmatch.dir/depend
/Library/Developer/CommandLineTools/usr/bin/make  -f include/abseil-cpp/absl/random/CMakeFiles/absl_random_distributions.dir/build.make include/abseil-cpp/absl/random/CMakeFiles/absl_random_distributions.dir/depend
/Library/Developer/CommandLineTools/usr/bin/make  -f include/abseil-cpp/absl/random/CMakeFiles/absl_random_internal_seed_material.dir/build.make include/abseil-cpp/absl/random/CMakeFiles/absl_random_internal_seed_material.dir/depend
/Library/Developer/CommandLineTools/usr/bin/make  -f src/resources/CMakeFiles/resource_utils.dir/build.make src/resources/CMakeFiles/resource_utils.dir/depend
cd /Users/ellie/Projects/zebes/build && /usr/local/bin/cmake -E cmake_depends "Unix Makefiles" /Users/ellie/Projects/zebes /Users/ellie/Projects/zebes/include/abseil-cpp/absl/time /Users/ellie/Projects/zebes/build /Users/ellie/Projects/zebes/build/include/abseil-cpp/absl/time /Users/ellie/Projects/zebes/build/include/abseil-cpp/absl/time/CMakeFiles/absl_time.dir/DependInfo.cmake "--color="
cd /Users/ellie/Projects/zebes/build && /usr/local/bin/cmake -E cmake_depends "Unix Makefiles" /Users/ellie/Projects/zebes /Users/ellie/Projects/zebes/include/abseil-cpp/absl/debugging /Users/ellie/Projects/zebes/build /Users/ellie/Projects/zebes/build/include/abseil-cpp/absl/debugging /Users/ellie/Projects/zebes/build/include/abseil-cpp/absl/debugging/CMakeFiles/absl_symbolize.dir/DependInfo.cmake "--color="
cd /Users/ellie/Projects/zebes/build && /usr/local/bin/cmake -E cmake_depends "Unix Makefiles" /Users/ellie/Projects/zebes /Users/ellie/Projects/zebes/include/abseil-cpp/absl/hash /Users/ellie/Projects/zebes/build /Users/ellie/Projects/zebes/build/include/abseil-cpp/absl/hash /Users/ellie/Projects/zebes/build/include/abseil-cpp/absl/hash/CMakeFiles/absl_hash.dir/DependInfo.cmake "--color="
cd /Users/ellie/Projects/zebes/build && /usr/local/bin/cmake -E cmake_depends "Unix Makefiles" /Users/ellie/Projects/zebes /Users/ellie/Projects/zebes/include/abseil-cpp/absl/strings /Users/ellie/Projects/zebes/build /Users/ellie/Projects/zebes/build/include/abseil-cpp/absl/strings /Users/ellie/Projects/zebes/build/include/abseil-cpp/absl/strings/CMakeFiles/absl_str_format_internal.dir/DependInfo.cmake "--color="
cd /Users/ellie/Projects/zebes/build && /usr/local/bin/cmake -E cmake_depends "Unix Makefiles" /Users/ellie/Projects/zebes /Users/ellie/Projects/zebes/include/abseil-cpp/absl/flags /Users/ellie/Projects/zebes/build /Users/ellie/Projects/zebes/build/include/abseil-cpp/absl/flags /Users/ellie/Projects/zebes/build/include/abseil-cpp/absl/flags/CMakeFiles/absl_flags_commandlineflag.dir/DependInfo.cmake "--color="
cd /Users/ellie/Projects/zebes/build && /usr/local/bin/cmake -E cmake_depends "Unix Makefiles" /Users/ellie/Projects/zebes /Users/ellie/Projects/zebes/include/abseil-cpp/absl/log /Users/ellie/Projects/zebes/build /Users/ellie/Projects/zebes/build/include/abseil-cpp/absl/log /Users/ellie/Projects/zebes/build/include/abseil-cpp/absl/log/CMakeFiles/absl_log_internal_proto.dir/DependInfo.cmake "--color="
cd /Users/ellie/Projects/zebes/build && /usr/local/bin/cmake -E cmake_depends "Unix Makefiles" /Users/ellie/Projects/zebes /Users/ellie/Projects/zebes/include/abseil-cpp/absl/log /Users/ellie/Projects/zebes/build /Users/ellie/Projects/zebes/build/include/abseil-cpp/absl/log /Users/ellie/Projects/zebes/build/include/abseil-cpp/absl/log/CMakeFiles/absl_log_internal_fnmatch.dir/DependInfo.cmake "--color="
cd /Users/ellie/Projects/zebes/build && /usr/local/bin/cmake -E cmake_depends "Unix Makefiles" /Users/ellie/Projects/zebes /Users/ellie/Projects/zebes/include/abseil-cpp/absl/random /Users/ellie/Projects/zebes/build /Users/ellie/Projects/zebes/build/include/abseil-cpp/absl/random /Users/ellie/Projects/zebes/build/include/abseil-cpp/absl/random/CMakeFiles/absl_random_distributions.dir/DependInfo.cmake "--color="
cd /Users/ellie/Projects/zebes/build && /usr/local/bin/cmake -E cmake_depends "Unix Makefiles" /Users/ellie/Projects/zebes /Users/ellie/Projects/zebes/include/abseil-cpp/absl/random /Users/ellie/Projects/zebes/build /Users/ellie/Projects/zebes/build/include/abseil-cpp/absl/random /Users/ellie/Projects/zebes/build/include/abseil-cpp/absl/random/CMakeFiles/absl_random_internal_seed_material.dir/DependInfo.cmake "--color="
cd /Users/ellie/Projects/zebes/build && /usr/local/bin/cmake -E cmake_depends "Unix Makefiles" /Users/ellie/Projects/zebes /Users/ellie/Projects/zebes/src/resources /Users/ellie/Projects/zebes/build /Users/ellie/Projects/zebes/build/src/resources /Users/ellie/Projects/zebes/build/src/resources/CMakeFiles/resource_utils.dir/DependInfo.cmake "--color="
/Library/Developer/CommandLineTools/usr/bin/make  -f include/abseil-cpp/absl/log/CMakeFiles/absl_log_internal_fnmatch.dir/build.make include/abseil-cpp/absl/log/CMakeFiles/absl_log_internal_fnmatch.dir/build
/Library/Developer/CommandLineTools/usr/bin/make  -f include/abseil-cpp/absl/hash/CMakeFiles/absl_hash.dir/build.make include/abseil-cpp/absl/hash/CMakeFiles/absl_hash.dir/build
/Library/Developer/CommandLineTools/usr/bin/make  -f include/abseil-cpp/absl/flags/CMakeFiles/absl_flags_commandlineflag.dir/build.make include/abseil-cpp/absl/flags/CMakeFiles/absl_flags_commandlineflag.dir/build
/Library/Developer/CommandLineTools/usr/bin/make  -f include/abseil-cpp/absl/random/CMakeFiles/absl_random_internal_seed_material.dir/build.make include/abseil-cpp/absl/random/CMakeFiles/absl_random_internal_seed_material.dir/build
/Library/Developer/CommandLineTools/usr/bin/make  -f include/abseil-cpp/absl/debugging/CMakeFiles/absl_symbolize.dir/build.make include/abseil-cpp/absl/debugging/CMakeFiles/absl_symbolize.dir/build
/Library/Developer/CommandLineTools/usr/bin/make  -f src/resources/CMakeFiles/resource_utils.dir/build.make src/resources/CMakeFiles/resource_utils.dir/build
/Library/Developer/CommandLineTools/usr/bin/make  -f include/abseil-cpp/absl/log/CMakeFiles/absl_log_internal_proto.dir/build.make include/abseil-cpp/absl/log/CMakeFiles/absl_log_internal_proto.dir/build
make[2]: Nothing to be done for `include/abseil-cpp/absl/log/CMakeFiles/absl_log_internal_fnmatch.dir/build'.
make[2]: Nothing to be done for `include/abseil-cpp/absl/hash/CMakeFiles/absl_hash.dir/build'.
/Library/Developer/CommandLineTools/usr/bin/make  -f include/abseil-cpp/absl/random/CMakeFiles/absl_random_distributions.dir/build.make include/abseil-cpp/absl/random/CMakeFiles/absl_random_distributions.dir/build
make[2]: Nothing to be done for `include/abseil-cpp/absl/flags/CMakeFiles/absl_flags_commandlineflag.dir/build'.
make[2]: Nothing to be done for `include/abseil-cpp/absl/random/CMakeFiles/absl_random_internal_seed_material.dir/build'.
make[2]: Nothing to be done for `src/resources/CMakeFiles/resource_utils.dir/build'.
make[2]: Nothing to be done for `include/abseil-cpp/absl/debugging/CMakeFiles/absl_symbolize.dir/build'.
make[2]: Nothing to be done for `include/abseil-cpp/absl/log/CMakeFiles/absl_log_internal_proto.dir/build'.
make[2]: Nothing to be done for `include/abseil-cpp/absl/random/CMakeFiles/absl_random_distributions.dir/build'.
/Library/Developer/CommandLineTools/usr/bin/make  -f include/SDL/CMakeFiles/SDL2-static.dir/build.make include/SDL/CMakeFiles/SDL2-static.dir/build
[ 34%] Built target absl_log_internal_fnmatch
[ 34%] Built target absl_hash
[ 34%] Built target resource_utils
[ 35%] Built target absl_flags_commandlineflag
[ 35%] Built target absl_symbolize
/Library/Developer/CommandLineTools/usr/bin/make  -f include/abseil-cpp/absl/time/CMakeFiles/absl_time.dir/build.make include/abseil-cpp/absl/time/CMakeFiles/absl_time.dir/build
/Library/Developer/CommandLineTools/usr/bin/make  -f include/abseil-cpp/absl/debugging/CMakeFiles/absl_examine_stack.dir/build.make include/abseil-cpp/absl/debugging/CMakeFiles/absl_examine_stack.dir/depend
/Library/Developer/CommandLineTools/usr/bin/make  -f include/abseil-cpp/absl/flags/CMakeFiles/absl_flags_private_handle_accessor.dir/build.make include/abseil-cpp/absl/flags/CMakeFiles/absl_flags_private_handle_accessor.dir/depend
[ 35%] Built target absl_random_internal_seed_material
[ 35%] Built target absl_log_internal_proto
/Library/Developer/CommandLineTools/usr/bin/make  -f include/abseil-cpp/absl/random/CMakeFiles/absl_random_internal_pool_urbg.dir/build.make include/abseil-cpp/absl/random/CMakeFiles/absl_random_internal_pool_urbg.dir/depend
cd /Users/ellie/Projects/zebes/build && /usr/local/bin/cmake -E cmake_depends "Unix Makefiles" /Users/ellie/Projects/zebes /Users/ellie/Projects/zebes/include/abseil-cpp/absl/debugging /Users/ellie/Projects/zebes/build /Users/ellie/Projects/zebes/build/include/abseil-cpp/absl/debugging /Users/ellie/Projects/zebes/build/include/abseil-cpp/absl/debugging/CMakeFiles/absl_examine_stack.dir/DependInfo.cmake "--color="
cd /Users/ellie/Projects/zebes/build && /usr/local/bin/cmake -E cmake_depends "Unix Makefiles" /Users/ellie/Projects/zebes /Users/ellie/Projects/zebes/include/abseil-cpp/absl/flags /Users/ellie/Projects/zebes/build /Users/ellie/Projects/zebes/build/include/abseil-cpp/absl/flags /Users/ellie/Projects/zebes/build/include/abseil-cpp/absl/flags/CMakeFiles/absl_flags_private_handle_accessor.dir/DependInfo.cmake "--color="
cd /Users/ellie/Projects/zebes/build && /usr/local/bin/cmake -E cmake_depends "Unix Makefiles" /Users/ellie/Projects/zebes /Users/ellie/Projects/zebes/include/abseil-cpp/absl/random /Users/ellie/Projects/zebes/build /Users/ellie/Projects/zebes/build/include/abseil-cpp/absl/random /Users/ellie/Projects/zebes/build/include/abseil-cpp/absl/random/CMakeFiles/absl_random_internal_pool_urbg.dir/DependInfo.cmake "--color="
/Library/Developer/CommandLineTools/usr/bin/make  -f include/abseil-cpp/absl/strings/CMakeFiles/absl_str_format_internal.dir/build.make include/abseil-cpp/absl/strings/CMakeFiles/absl_str_format_internal.dir/build
[ 35%] Built target absl_random_distributions
make[2]: Nothing to be done for `include/abseil-cpp/absl/time/CMakeFiles/absl_time.dir/build'.
make[2]: Nothing to be done for `include/abseil-cpp/absl/strings/CMakeFiles/absl_str_format_internal.dir/build'.
[ 35%] Built target absl_time
/Library/Developer/CommandLineTools/usr/bin/make  -f include/abseil-cpp/absl/synchronization/CMakeFiles/absl_kernel_timeout_internal.dir/build.make include/abseil-cpp/absl/synchronization/CMakeFiles/absl_kernel_timeout_internal.dir/depend
/Library/Developer/CommandLineTools/usr/bin/make  -f include/abseil-cpp/absl/log/CMakeFiles/absl_log_internal_globals.dir/build.make include/abseil-cpp/absl/log/CMakeFiles/absl_log_internal_globals.dir/depend
/Library/Developer/CommandLineTools/usr/bin/make  -f include/abseil-cpp/absl/log/CMakeFiles/absl_log_entry.dir/build.make include/abseil-cpp/absl/log/CMakeFiles/absl_log_entry.dir/depend
/Library/Developer/CommandLineTools/usr/bin/make  -f include/abseil-cpp/absl/flags/CMakeFiles/absl_flags_private_handle_accessor.dir/build.make include/abseil-cpp/absl/flags/CMakeFiles/absl_flags_private_handle_accessor.dir/build
/Library/Developer/CommandLineTools/usr/bin/make  -f include/abseil-cpp/absl/debugging/CMakeFiles/absl_examine_stack.dir/build.make include/abseil-cpp/absl/debugging/CMakeFiles/absl_examine_stack.dir/build
/Library/Developer/CommandLineTools/usr/bin/make  -f include/abseil-cpp/absl/random/CMakeFiles/absl_random_internal_pool_urbg.dir/build.make include/abseil-cpp/absl/random/CMakeFiles/absl_random_internal_pool_urbg.dir/build
cd /Users/ellie/Projects/zebes/build && /usr/local/bin/cmake -E cmake_depends "Unix Makefiles" /Users/ellie/Projects/zebes /Users/ellie/Projects/zebes/include/abseil-cpp/absl/synchronization /Users/ellie/Projects/zebes/build /Users/ellie/Projects/zebes/build/include/abseil-cpp/absl/synchronization /Users/ellie/Projects/zebes/build/include/abseil-cpp/absl/synchronization/CMakeFiles/absl_kernel_timeout_internal.dir/DependInfo.cmake "--color="
cd /Users/ellie/Projects/zebes/build && /usr/local/bin/cmake -E cmake_depends "Unix Makefiles" /Users/ellie/Projects/zebes /Users/ellie/Projects/zebes/include/abseil-cpp/absl/log /Users/ellie/Projects/zebes/build /Users/ellie/Projects/zebes/build/include/abseil-cpp/absl/log /Users/ellie/Projects/zebes/build/include/abseil-cpp/absl/log/CMakeFiles/absl_log_entry.dir/DependInfo.cmake "--color="
cd /Users/ellie/Projects/zebes/build && /usr/local/bin/cmake -E cmake_depends "Unix Makefiles" /Users/ellie/Projects/zebes /Users/ellie/Projects/zebes/include/abseil-cpp/absl/log /Users/ellie/Projects/zebes/build /Users/ellie/Projects/zebes/build/include/abseil-cpp/absl/log /Users/ellie/Projects/zebes/build/include/abseil-cpp/absl/log/CMakeFiles/absl_log_internal_globals.dir/DependInfo.cmake "--color="
[ 36%] Built target absl_str_format_internal
/Library/Developer/CommandLineTools/usr/bin/make  -f include/abseil-cpp/absl/crc/CMakeFiles/absl_crc32c.dir/build.make include/abseil-cpp/absl/crc/CMakeFiles/absl_crc32c.dir/depend
/Library/Developer/CommandLineTools/usr/bin/make  -f include/abseil-cpp/absl/flags/CMakeFiles/absl_flags_marshalling.dir/build.make include/abseil-cpp/absl/flags/CMakeFiles/absl_flags_marshalling.dir/depend
/Library/Developer/CommandLineTools/usr/bin/make  -f include/abseil-cpp/absl/random/CMakeFiles/absl_random_internal_distribution_test_util.dir/build.make include/abseil-cpp/absl/random/CMakeFiles/absl_random_internal_distribution_test_util.dir/depend
cd /Users/ellie/Projects/zebes/build && /usr/local/bin/cmake -E cmake_depends "Unix Makefiles" /Users/ellie/Projects/zebes /Users/ellie/Projects/zebes/include/abseil-cpp/absl/flags /Users/ellie/Projects/zebes/build /Users/ellie/Projects/zebes/build/include/abseil-cpp/absl/flags /Users/ellie/Projects/zebes/build/include/abseil-cpp/absl/flags/CMakeFiles/absl_flags_marshalling.dir/DependInfo.cmake "--color="
cd /Users/ellie/Projects/zebes/build && /usr/local/bin/cmake -E cmake_depends "Unix Makefiles" /Users/ellie/Projects/zebes /Users/ellie/Projects/zebes/include/abseil-cpp/absl/random /Users/ellie/Projects/zebes/build /Users/ellie/Projects/zebes/build/include/abseil-cpp/absl/random /Users/ellie/Projects/zebes/build/include/abseil-cpp/absl/random/CMakeFiles/absl_random_internal_distribution_test_util.dir/DependInfo.cmake "--color="
cd /Users/ellie/Projects/zebes/build && /usr/local/bin/cmake -E cmake_depends "Unix Makefiles" /Users/ellie/Projects/zebes /Users/ellie/Projects/zebes/include/abseil-cpp/absl/crc /Users/ellie/Projects/zebes/build /Users/ellie/Projects/zebes/build/include/abseil-cpp/absl/crc /Users/ellie/Projects/zebes/build/include/abseil-cpp/absl/crc/CMakeFiles/absl_crc32c.dir/DependInfo.cmake "--color="
make[2]: Nothing to be done for `include/abseil-cpp/absl/flags/CMakeFiles/absl_flags_private_handle_accessor.dir/build'.
make[2]: Nothing to be done for `include/abseil-cpp/absl/debugging/CMakeFiles/absl_examine_stack.dir/build'.
make[2]: Nothing to be done for `include/abseil-cpp/absl/random/CMakeFiles/absl_random_internal_pool_urbg.dir/build'.
[ 37%] Built target absl_examine_stack
[ 37%] Built target absl_flags_private_handle_accessor
/Library/Developer/CommandLineTools/usr/bin/make  -f include/abseil-cpp/absl/debugging/CMakeFiles/absl_failure_signal_handler.dir/build.make include/abseil-cpp/absl/debugging/CMakeFiles/absl_failure_signal_handler.dir/depend
cd /Users/ellie/Projects/zebes/build && /usr/local/bin/cmake -E cmake_depends "Unix Makefiles" /Users/ellie/Projects/zebes /Users/ellie/Projects/zebes/include/abseil-cpp/absl/debugging /Users/ellie/Projects/zebes/build /Users/ellie/Projects/zebes/build/include/abseil-cpp/absl/debugging /Users/ellie/Projects/zebes/build/include/abseil-cpp/absl/debugging/CMakeFiles/absl_failure_signal_handler.dir/DependInfo.cmake "--color="
[ 37%] Built target absl_random_internal_pool_urbg
/Library/Developer/CommandLineTools/usr/bin/make  -f include/abseil-cpp/absl/random/CMakeFiles/absl_random_seed_sequences.dir/build.make include/abseil-cpp/absl/random/CMakeFiles/absl_random_seed_sequences.dir/depend
cd /Users/ellie/Projects/zebes/build && /usr/local/bin/cmake -E cmake_depends "Unix Makefiles" /Users/ellie/Projects/zebes /Users/ellie/Projects/zebes/include/abseil-cpp/absl/random /Users/ellie/Projects/zebes/build /Users/ellie/Projects/zebes/build/include/abseil-cpp/absl/random /Users/ellie/Projects/zebes/build/include/abseil-cpp/absl/random/CMakeFiles/absl_random_seed_sequences.dir/DependInfo.cmake "--color="
/Library/Developer/CommandLineTools/usr/bin/make  -f include/abseil-cpp/absl/log/CMakeFiles/absl_log_internal_globals.dir/build.make include/abseil-cpp/absl/log/CMakeFiles/absl_log_internal_globals.dir/build
/Library/Developer/CommandLineTools/usr/bin/make  -f include/abseil-cpp/absl/synchronization/CMakeFiles/absl_kernel_timeout_internal.dir/build.make include/abseil-cpp/absl/synchronization/CMakeFiles/absl_kernel_timeout_internal.dir/build
/Library/Developer/CommandLineTools/usr/bin/make  -f include/abseil-cpp/absl/log/CMakeFiles/absl_log_entry.dir/build.make include/abseil-cpp/absl/log/CMakeFiles/absl_log_entry.dir/build
make[2]: Nothing to be done for `include/abseil-cpp/absl/log/CMakeFiles/absl_log_internal_globals.dir/build'.
/Library/Developer/CommandLineTools/usr/bin/make  -f include/abseil-cpp/absl/flags/CMakeFiles/absl_flags_marshalling.dir/build.make include/abseil-cpp/absl/flags/CMakeFiles/absl_flags_marshalling.dir/build
make[2]: Nothing to be done for `include/abseil-cpp/absl/synchronization/CMakeFiles/absl_kernel_timeout_internal.dir/build'.
make[2]: Nothing to be done for `include/abseil-cpp/absl/log/CMakeFiles/absl_log_entry.dir/build'.
/Library/Developer/CommandLineTools/usr/bin/make  -f include/abseil-cpp/absl/random/CMakeFiles/absl_random_internal_distribution_test_util.dir/build.make include/abseil-cpp/absl/random/CMakeFiles/absl_random_internal_distribution_test_util.dir/build
make[2]: Nothing to be done for `include/abseil-cpp/absl/flags/CMakeFiles/absl_flags_marshalling.dir/build'.
[ 37%] Built target absl_log_internal_globals
/Library/Developer/CommandLineTools/usr/bin/make  -f include/abseil-cpp/absl/log/CMakeFiles/absl_log_internal_format.dir/build.make include/abseil-cpp/absl/log/CMakeFiles/absl_log_internal_format.dir/depend
[ 37%] Built target absl_kernel_timeout_internal
/Library/Developer/CommandLineTools/usr/bin/make  -f include/abseil-cpp/absl/debugging/CMakeFiles/absl_failure_signal_handler.dir/build.make include/abseil-cpp/absl/debugging/CMakeFiles/absl_failure_signal_handler.dir/build
cd /Users/ellie/Projects/zebes/build && /usr/local/bin/cmake -E cmake_depends "Unix Makefiles" /Users/ellie/Projects/zebes /Users/ellie/Projects/zebes/include/abseil-cpp/absl/log /Users/ellie/Projects/zebes/build /Users/ellie/Projects/zebes/build/include/abseil-cpp/absl/log /Users/ellie/Projects/zebes/build/include/abseil-cpp/absl/log/CMakeFiles/absl_log_internal_format.dir/DependInfo.cmake "--color="
/Library/Developer/CommandLineTools/usr/bin/make  -f include/abseil-cpp/absl/synchronization/CMakeFiles/absl_synchronization.dir/build.make include/abseil-cpp/absl/synchronization/CMakeFiles/absl_synchronization.dir/depend
/Library/Developer/CommandLineTools/usr/bin/make  -f include/abseil-cpp/absl/random/CMakeFiles/absl_random_seed_sequences.dir/build.make include/abseil-cpp/absl/random/CMakeFiles/absl_random_seed_sequences.dir/build
cd /Users/ellie/Projects/zebes/build && /usr/local/bin/cmake -E cmake_depends "Unix Makefiles" /Users/ellie/Projects/zebes /Users/ellie/Projects/zebes/include/abseil-cpp/absl/synchronization /Users/ellie/Projects/zebes/build /Users/ellie/Projects/zebes/build/include/abseil-cpp/absl/synchronization /Users/ellie/Projects/zebes/build/include/abseil-cpp/absl/synchronization/CMakeFiles/absl_synchronization.dir/DependInfo.cmake "--color="
[ 38%] Built target absl_log_entry
/Library/Developer/CommandLineTools/usr/bin/make  -f include/abseil-cpp/absl/log/CMakeFiles/absl_log_sink.dir/build.make include/abseil-cpp/absl/log/CMakeFiles/absl_log_sink.dir/depend
/Library/Developer/CommandLineTools/usr/bin/make  -f include/abseil-cpp/absl/crc/CMakeFiles/absl_crc32c.dir/build.make include/abseil-cpp/absl/crc/CMakeFiles/absl_crc32c.dir/build
make[2]: Nothing to be done for `include/abseil-cpp/absl/random/CMakeFiles/absl_random_internal_distribution_test_util.dir/build'.
cd /Users/ellie/Projects/zebes/build && /usr/local/bin/cmake -E cmake_depends "Unix Makefiles" /Users/ellie/Projects/zebes /Users/ellie/Projects/zebes/include/abseil-cpp/absl/log /Users/ellie/Projects/zebes/build /Users/ellie/Projects/zebes/build/include/abseil-cpp/absl/log /Users/ellie/Projects/zebes/build/include/abseil-cpp/absl/log/CMakeFiles/absl_log_sink.dir/DependInfo.cmake "--color="
make[2]: Nothing to be done for `include/abseil-cpp/absl/debugging/CMakeFiles/absl_failure_signal_handler.dir/build'.
[ 39%] Built target absl_flags_marshalling
make[2]: Nothing to be done for `include/abseil-cpp/absl/random/CMakeFiles/absl_random_seed_sequences.dir/build'.
make[2]: Nothing to be done for `include/abseil-cpp/absl/crc/CMakeFiles/absl_crc32c.dir/build'.
make[2]: Nothing to be done for `include/SDL/CMakeFiles/SDL2-static.dir/build'.
[ 39%] Built target absl_random_internal_distribution_test_util
[ 39%] Built target absl_failure_signal_handler
[ 39%] Built target absl_random_seed_sequences
/Library/Developer/CommandLineTools/usr/bin/make  -f include/abseil-cpp/absl/log/CMakeFiles/absl_log_internal_format.dir/build.make include/abseil-cpp/absl/log/CMakeFiles/absl_log_internal_format.dir/build
[ 40%] Built target absl_crc32c
/Library/Developer/CommandLineTools/usr/bin/make  -f include/abseil-cpp/absl/crc/CMakeFiles/absl_crc_cord_state.dir/build.make include/abseil-cpp/absl/crc/CMakeFiles/absl_crc_cord_state.dir/depend
/Library/Developer/CommandLineTools/usr/bin/make  -f include/abseil-cpp/absl/log/CMakeFiles/absl_log_sink.dir/build.make include/abseil-cpp/absl/log/CMakeFiles/absl_log_sink.dir/build
[ 66%] Built target SDL2-static
/Library/Developer/CommandLineTools/usr/bin/make  -f CMakeFiles/imgui_clean.dir/build.make CMakeFiles/imgui_clean.dir/depend
cd /Users/ellie/Projects/zebes/build && /usr/local/bin/cmake -E cmake_depends "Unix Makefiles" /Users/ellie/Projects/zebes /Users/ellie/Projects/zebes/include/abseil-cpp/absl/crc /Users/ellie/Projects/zebes/build /Users/ellie/Projects/zebes/build/include/abseil-cpp/absl/crc /Users/ellie/Projects/zebes/build/include/abseil-cpp/absl/crc/CMakeFiles/absl_crc_cord_state.dir/DependInfo.cmake "--color="
/Library/Developer/CommandLineTools/usr/bin/make  -f CMakeFiles/imgui_tested.dir/build.make CMakeFiles/imgui_tested.dir/depend
/Library/Developer/CommandLineTools/usr/bin/make  -f include/SDL_image/CMakeFiles/SDL2_image.dir/build.make include/SDL_image/CMakeFiles/SDL2_image.dir/depend
/Library/Developer/CommandLineTools/usr/bin/make  -f include/SDL_ttf/CMakeFiles/SDL2_ttf.dir/build.make include/SDL_ttf/CMakeFiles/SDL2_ttf.dir/depend
cd /Users/ellie/Projects/zebes/build && /usr/local/bin/cmake -E cmake_depends "Unix Makefiles" /Users/ellie/Projects/zebes /Users/ellie/Projects/zebes /Users/ellie/Projects/zebes/build /Users/ellie/Projects/zebes/build /Users/ellie/Projects/zebes/build/CMakeFiles/imgui_clean.dir/DependInfo.cmake "--color="
cd /Users/ellie/Projects/zebes/build && /usr/local/bin/cmake -E cmake_depends "Unix Makefiles" /Users/ellie/Projects/zebes /Users/ellie/Projects/zebes /Users/ellie/Projects/zebes/build /Users/ellie/Projects/zebes/build /Users/ellie/Projects/zebes/build/CMakeFiles/imgui_tested.dir/DependInfo.cmake "--color="
make[2]: Nothing to be done for `include/abseil-cpp/absl/log/CMakeFiles/absl_log_internal_format.dir/build'.
cd /Users/ellie/Projects/zebes/build && /usr/local/bin/cmake -E cmake_depends "Unix Makefiles" /Users/ellie/Projects/zebes /Users/ellie/Projects/zebes/include/SDL_ttf /Users/ellie/Projects/zebes/build /Users/ellie/Projects/zebes/build/include/SDL_ttf /Users/ellie/Projects/zebes/build/include/SDL_ttf/CMakeFiles/SDL2_ttf.dir/DependInfo.cmake "--color="
cd /Users/ellie/Projects/zebes/build && /usr/local/bin/cmake -E cmake_depends "Unix Makefiles" /Users/ellie/Projects/zebes /Users/ellie/Projects/zebes/include/SDL_image /Users/ellie/Projects/zebes/build /Users/ellie/Projects/zebes/build/include/SDL_image /Users/ellie/Projects/zebes/build/include/SDL_image/CMakeFiles/SDL2_image.dir/DependInfo.cmake "--color="
make[2]: Nothing to be done for `include/abseil-cpp/absl/log/CMakeFiles/absl_log_sink.dir/build'.
[ 67%] Built target absl_log_internal_format
[ 67%] Built target absl_log_sink
/Library/Developer/CommandLineTools/usr/bin/make  -f include/SDL_ttf/CMakeFiles/SDL2_ttf.dir/build.make include/SDL_ttf/CMakeFiles/SDL2_ttf.dir/build
make[2]: Nothing to be done for `include/SDL_ttf/CMakeFiles/SDL2_ttf.dir/build'.
/Library/Developer/CommandLineTools/usr/bin/make  -f include/abseil-cpp/absl/crc/CMakeFiles/absl_crc_cord_state.dir/build.make include/abseil-cpp/absl/crc/CMakeFiles/absl_crc_cord_state.dir/build
make[2]: Nothing to be done for `include/abseil-cpp/absl/crc/CMakeFiles/absl_crc_cord_state.dir/build'.
[ 68%] Built target SDL2_ttf
[ 68%] Built target absl_crc_cord_state
/Library/Developer/CommandLineTools/usr/bin/make  -f include/abseil-cpp/absl/strings/CMakeFiles/absl_cord_internal.dir/build.make include/abseil-cpp/absl/strings/CMakeFiles/absl_cord_internal.dir/depend
cd /Users/ellie/Projects/zebes/build && /usr/local/bin/cmake -E cmake_depends "Unix Makefiles" /Users/ellie/Projects/zebes /Users/ellie/Projects/zebes/include/abseil-cpp/absl/strings /Users/ellie/Projects/zebes/build /Users/ellie/Projects/zebes/build/include/abseil-cpp/absl/strings /Users/ellie/Projects/zebes/build/include/abseil-cpp/absl/strings/CMakeFiles/absl_cord_internal.dir/DependInfo.cmake "--color="
/Library/Developer/CommandLineTools/usr/bin/make  -f CMakeFiles/imgui_clean.dir/build.make CMakeFiles/imgui_clean.dir/build
/Library/Developer/CommandLineTools/usr/bin/make  -f include/abseil-cpp/absl/synchronization/CMakeFiles/absl_synchronization.dir/build.make include/abseil-cpp/absl/synchronization/CMakeFiles/absl_synchronization.dir/build
/Library/Developer/CommandLineTools/usr/bin/make  -f CMakeFiles/imgui_tested.dir/build.make CMakeFiles/imgui_tested.dir/build
/Library/Developer/CommandLineTools/usr/bin/make  -f include/SDL_image/CMakeFiles/SDL2_image.dir/build.make include/SDL_image/CMakeFiles/SDL2_image.dir/build
make[2]: Nothing to be done for `CMakeFiles/imgui_clean.dir/build'.
make[2]: Nothing to be done for `CMakeFiles/imgui_tested.dir/build'.
make[2]: Nothing to be done for `include/abseil-cpp/absl/synchronization/CMakeFiles/absl_synchronization.dir/build'.
[ 70%] Built target imgui_clean
/Library/Developer/CommandLineTools/usr/bin/make  -f src/common/CMakeFiles/imgui_wrapper.dir/build.make src/common/CMakeFiles/imgui_wrapper.dir/depend
make[2]: Nothing to be done for `include/SDL_image/CMakeFiles/SDL2_image.dir/build'.
[ 72%] Built target imgui_tested
/Library/Developer/CommandLineTools/usr/bin/make  -f CMakeFiles/imgui_test_engine.dir/build.make CMakeFiles/imgui_test_engine.dir/depend
cd /Users/ellie/Projects/zebes/build && /usr/local/bin/cmake -E cmake_depends "Unix Makefiles" /Users/ellie/Projects/zebes /Users/ellie/Projects/zebes/src/common /Users/ellie/Projects/zebes/build /Users/ellie/Projects/zebes/build/src/common /Users/ellie/Projects/zebes/build/src/common/CMakeFiles/imgui_wrapper.dir/DependInfo.cmake "--color="
cd /Users/ellie/Projects/zebes/build && /usr/local/bin/cmake -E cmake_depends "Unix Makefiles" /Users/ellie/Projects/zebes /Users/ellie/Projects/zebes /Users/ellie/Projects/zebes/build /Users/ellie/Projects/zebes/build /Users/ellie/Projects/zebes/build/CMakeFiles/imgui_test_engine.dir/DependInfo.cmake "--color="
[ 74%] Built target absl_synchronization
/Library/Developer/CommandLineTools/usr/bin/make  -f include/abseil-cpp/absl/container/CMakeFiles/absl_hashtablez_sampler.dir/build.make include/abseil-cpp/absl/container/CMakeFiles/absl_hashtablez_sampler.dir/depend
/Library/Developer/CommandLineTools/usr/bin/make  -f include/abseil-cpp/absl/strings/CMakeFiles/absl_cordz_handle.dir/build.make include/abseil-cpp/absl/strings/CMakeFiles/absl_cordz_handle.dir/depend
/Library/Developer/CommandLineTools/usr/bin/make  -f include/abseil-cpp/absl/flags/CMakeFiles/absl_flags_program_name.dir/build.make include/abseil-cpp/absl/flags/CMakeFiles/absl_flags_program_name.dir/depend
/Library/Developer/CommandLineTools/usr/bin/make  -f include/abseil-cpp/absl/log/CMakeFiles/absl_vlog_config_internal.dir/build.make include/abseil-cpp/absl/log/CMakeFiles/absl_vlog_config_internal.dir/depend
cd /Users/ellie/Projects/zebes/build && /usr/local/bin/cmake -E cmake_depends "Unix Makefiles" /Users/ellie/Projects/zebes /Users/ellie/Projects/zebes/include/abseil-cpp/absl/container /Users/ellie/Projects/zebes/build /Users/ellie/Projects/zebes/build/include/abseil-cpp/absl/container /Users/ellie/Projects/zebes/build/include/abseil-cpp/absl/container/CMakeFiles/absl_hashtablez_sampler.dir/DependInfo.cmake "--color="
cd /Users/ellie/Projects/zebes/build && /usr/local/bin/cmake -E cmake_depends "Unix Makefiles" /Users/ellie/Projects/zebes /Users/ellie/Projects/zebes/include/abseil-cpp/absl/strings /Users/ellie/Projects/zebes/build /Users/ellie/Projects/zebes/build/include/abseil-cpp/absl/strings /Users/ellie/Projects/zebes/build/include/abseil-cpp/absl/strings/CMakeFiles/absl_cordz_handle.dir/DependInfo.cmake "--color="
cd /Users/ellie/Projects/zebes/build && /usr/local/bin/cmake -E cmake_depends "Unix Makefiles" /Users/ellie/Projects/zebes /Users/ellie/Projects/zebes/include/abseil-cpp/absl/flags /Users/ellie/Projects/zebes/build /Users/ellie/Projects/zebes/build/include/abseil-cpp/absl/flags /Users/ellie/Projects/zebes/build/include/abseil-cpp/absl/flags/CMakeFiles/absl_flags_program_name.dir/DependInfo.cmake "--color="
cd /Users/ellie/Projects/zebes/build && /usr/local/bin/cmake -E cmake_depends "Unix Makefiles" /Users/ellie/Projects/zebes /Users/ellie/Projects/zebes/include/abseil-cpp/absl/log /Users/ellie/Projects/zebes/build /Users/ellie/Projects/zebes/build/include/abseil-cpp/absl/log /Users/ellie/Projects/zebes/build/include/abseil-cpp/absl/log/CMakeFiles/absl_vlog_config_internal.dir/DependInfo.cmake "--color="
[ 77%] Built target SDL2_image
/Library/Developer/CommandLineTools/usr/bin/make  -f src/common/CMakeFiles/imgui_wrapper.dir/build.make src/common/CMakeFiles/imgui_wrapper.dir/build
/Library/Developer/CommandLineTools/usr/bin/make  -f include/abseil-cpp/absl/strings/CMakeFiles/absl_cord_internal.dir/build.make include/abseil-cpp/absl/strings/CMakeFiles/absl_cord_internal.dir/build
make[2]: Nothing to be done for `src/common/CMakeFiles/imgui_wrapper.dir/build'.
make[2]: Nothing to be done for `include/abseil-cpp/absl/strings/CMakeFiles/absl_cord_internal.dir/build'.
/Library/Developer/CommandLineTools/usr/bin/make  -f include/abseil-cpp/absl/log/CMakeFiles/absl_vlog_config_internal.dir/build.make include/abseil-cpp/absl/log/CMakeFiles/absl_vlog_config_internal.dir/build
/Library/Developer/CommandLineTools/usr/bin/make  -f include/abseil-cpp/absl/strings/CMakeFiles/absl_cordz_handle.dir/build.make include/abseil-cpp/absl/strings/CMakeFiles/absl_cordz_handle.dir/build
/Library/Developer/CommandLineTools/usr/bin/make  -f include/abseil-cpp/absl/flags/CMakeFiles/absl_flags_program_name.dir/build.make include/abseil-cpp/absl/flags/CMakeFiles/absl_flags_program_name.dir/build
[ 77%] Built target imgui_wrapper
/Library/Developer/CommandLineTools/usr/bin/make  -f include/abseil-cpp/absl/container/CMakeFiles/absl_hashtablez_sampler.dir/build.make include/abseil-cpp/absl/container/CMakeFiles/absl_hashtablez_sampler.dir/build
make[2]: Nothing to be done for `include/abseil-cpp/absl/strings/CMakeFiles/absl_cordz_handle.dir/build'.
make[2]: Nothing to be done for `include/abseil-cpp/absl/log/CMakeFiles/absl_vlog_config_internal.dir/build'.
make[2]: Nothing to be done for `include/abseil-cpp/absl/flags/CMakeFiles/absl_flags_program_name.dir/build'.
[ 78%] Built target absl_cord_internal
make[2]: Nothing to be done for `include/abseil-cpp/absl/container/CMakeFiles/absl_hashtablez_sampler.dir/build'.
[ 78%] Built target absl_cordz_handle
/Library/Developer/CommandLineTools/usr/bin/make  -f include/abseil-cpp/absl/strings/CMakeFiles/absl_cordz_info.dir/build.make include/abseil-cpp/absl/strings/CMakeFiles/absl_cordz_info.dir/depend
[ 80%] Built target absl_flags_program_name
[ 80%] Built target absl_vlog_config_internal
/Library/Developer/CommandLineTools/usr/bin/make  -f include/abseil-cpp/absl/flags/CMakeFiles/absl_flags_config.dir/build.make include/abseil-cpp/absl/flags/CMakeFiles/absl_flags_config.dir/depend
/Library/Developer/CommandLineTools/usr/bin/make  -f include/abseil-cpp/absl/log/CMakeFiles/absl_log_globals.dir/build.make include/abseil-cpp/absl/log/CMakeFiles/absl_log_globals.dir/depend
cd /Users/ellie/Projects/zebes/build && /usr/local/bin/cmake -E cmake_depends "Unix Makefiles" /Users/ellie/Projects/zebes /Users/ellie/Projects/zebes/include/abseil-cpp/absl/strings /Users/ellie/Projects/zebes/build /Users/ellie/Projects/zebes/build/include/abseil-cpp/absl/strings /Users/ellie/Projects/zebes/build/include/abseil-cpp/absl/strings/CMakeFiles/absl_cordz_info.dir/DependInfo.cmake "--color="
/Library/Developer/CommandLineTools/usr/bin/make  -f CMakeFiles/imgui_test_engine.dir/build.make CMakeFiles/imgui_test_engine.dir/build
cd /Users/ellie/Projects/zebes/build && /usr/local/bin/cmake -E cmake_depends "Unix Makefiles" /Users/ellie/Projects/zebes /Users/ellie/Projects/zebes/include/abseil-cpp/absl/flags /Users/ellie/Projects/zebes/build /Users/ellie/Projects/zebes/build/include/abseil-cpp/absl/flags /Users/ellie/Projects/zebes/build/include/abseil-cpp/absl/flags/CMakeFiles/absl_flags_config.dir/DependInfo.cmake "--color="
cd /Users/ellie/Projects/zebes/build && /usr/local/bin/cmake -E cmake_depends "Unix Makefiles" /Users/ellie/Projects/zebes /Users/ellie/Projects/zebes/include/abseil-cpp/absl/log /Users/ellie/Projects/zebes/build /Users/ellie/Projects/zebes/build/include/abseil-cpp/absl/log /Users/ellie/Projects/zebes/build/include/abseil-cpp/absl/log/CMakeFiles/absl_log_globals.dir/DependInfo.cmake "--color="
[ 80%] Built target absl_hashtablez_sampler
make[2]: Nothing to be done for `CMakeFiles/imgui_test_engine.dir/build'.
/Library/Developer/CommandLineTools/usr/bin/make  -f include/abseil-cpp/absl/flags/CMakeFiles/absl_flags_config.dir/build.make include/abseil-cpp/absl/flags/CMakeFiles/absl_flags_config.dir/build
/Library/Developer/CommandLineTools/usr/bin/make  -f include/abseil-cpp/absl/strings/CMakeFiles/absl_cordz_info.dir/build.make include/abseil-cpp/absl/strings/CMakeFiles/absl_cordz_info.dir/build
/Library/Developer/CommandLineTools/usr/bin/make  -f include/abseil-cpp/absl/log/CMakeFiles/absl_log_globals.dir/build.make include/abseil-cpp/absl/log/CMakeFiles/absl_log_globals.dir/build
[ 81%] Built target imgui_test_engine
/Library/Developer/CommandLineTools/usr/bin/make  -f CMakeFiles/imgui_test_suite.dir/build.make CMakeFiles/imgui_test_suite.dir/depend
cd /Users/ellie/Projects/zebes/build && /usr/local/bin/cmake -E cmake_depends "Unix Makefiles" /Users/ellie/Projects/zebes /Users/ellie/Projects/zebes /Users/ellie/Projects/zebes/build /Users/ellie/Projects/zebes/build /Users/ellie/Projects/zebes/build/CMakeFiles/imgui_test_suite.dir/DependInfo.cmake "--color="
make[2]: Nothing to be done for `include/abseil-cpp/absl/flags/CMakeFiles/absl_flags_config.dir/build'.
make[2]: Nothing to be done for `include/abseil-cpp/absl/log/CMakeFiles/absl_log_globals.dir/build'.
make[2]: Nothing to be done for `include/abseil-cpp/absl/strings/CMakeFiles/absl_cordz_info.dir/build'.
[ 81%] Built target absl_log_globals
[ 81%] Built target absl_flags_config
[ 82%] Built target absl_cordz_info
/Library/Developer/CommandLineTools/usr/bin/make  -f include/abseil-cpp/absl/flags/CMakeFiles/absl_flags_internal.dir/build.make include/abseil-cpp/absl/flags/CMakeFiles/absl_flags_internal.dir/depend
/Library/Developer/CommandLineTools/usr/bin/make  -f include/abseil-cpp/absl/log/CMakeFiles/absl_log_internal_log_sink_set.dir/build.make include/abseil-cpp/absl/log/CMakeFiles/absl_log_internal_log_sink_set.dir/depend
/Library/Developer/CommandLineTools/usr/bin/make  -f include/abseil-cpp/absl/log/CMakeFiles/absl_log_initialize.dir/build.make include/abseil-cpp/absl/log/CMakeFiles/absl_log_initialize.dir/depend
/Library/Developer/CommandLineTools/usr/bin/make  -f include/abseil-cpp/absl/strings/CMakeFiles/absl_cordz_sample_token.dir/build.make include/abseil-cpp/absl/strings/CMakeFiles/absl_cordz_sample_token.dir/depend
cd /Users/ellie/Projects/zebes/build && /usr/local/bin/cmake -E cmake_depends "Unix Makefiles" /Users/ellie/Projects/zebes /Users/ellie/Projects/zebes/include/abseil-cpp/absl/flags /Users/ellie/Projects/zebes/build /Users/ellie/Projects/zebes/build/include/abseil-cpp/absl/flags /Users/ellie/Projects/zebes/build/include/abseil-cpp/absl/flags/CMakeFiles/absl_flags_internal.dir/DependInfo.cmake "--color="
cd /Users/ellie/Projects/zebes/build && /usr/local/bin/cmake -E cmake_depends "Unix Makefiles" /Users/ellie/Projects/zebes /Users/ellie/Projects/zebes/include/abseil-cpp/absl/log /Users/ellie/Projects/zebes/build /Users/ellie/Projects/zebes/build/include/abseil-cpp/absl/log /Users/ellie/Projects/zebes/build/include/abseil-cpp/absl/log/CMakeFiles/absl_log_internal_log_sink_set.dir/DependInfo.cmake "--color="
cd /Users/ellie/Projects/zebes/build && /usr/local/bin/cmake -E cmake_depends "Unix Makefiles" /Users/ellie/Projects/zebes /Users/ellie/Projects/zebes/include/abseil-cpp/absl/log /Users/ellie/Projects/zebes/build /Users/ellie/Projects/zebes/build/include/abseil-cpp/absl/log /Users/ellie/Projects/zebes/build/include/abseil-cpp/absl/log/CMakeFiles/absl_log_initialize.dir/DependInfo.cmake "--color="
cd /Users/ellie/Projects/zebes/build && /usr/local/bin/cmake -E cmake_depends "Unix Makefiles" /Users/ellie/Projects/zebes /Users/ellie/Projects/zebes/include/abseil-cpp/absl/strings /Users/ellie/Projects/zebes/build /Users/ellie/Projects/zebes/build/include/abseil-cpp/absl/strings /Users/ellie/Projects/zebes/build/include/abseil-cpp/absl/strings/CMakeFiles/absl_cordz_sample_token.dir/DependInfo.cmake "--color="
/Library/Developer/CommandLineTools/usr/bin/make  -f include/abseil-cpp/absl/log/CMakeFiles/absl_log_initialize.dir/build.make include/abseil-cpp/absl/log/CMakeFiles/absl_log_initialize.dir/build
/Library/Developer/CommandLineTools/usr/bin/make  -f include/abseil-cpp/absl/flags/CMakeFiles/absl_flags_internal.dir/build.make include/abseil-cpp/absl/flags/CMakeFiles/absl_flags_internal.dir/build
/Library/Developer/CommandLineTools/usr/bin/make  -f include/abseil-cpp/absl/strings/CMakeFiles/absl_cordz_sample_token.dir/build.make include/abseil-cpp/absl/strings/CMakeFiles/absl_cordz_sample_token.dir/build
/Library/Developer/CommandLineTools/usr/bin/make  -f include/abseil-cpp/absl/log/CMakeFiles/absl_log_internal_log_sink_set.dir/build.make include/abseil-cpp/absl/log/CMakeFiles/absl_log_internal_log_sink_set.dir/build
make[2]: Nothing to be done for `include/abseil-cpp/absl/log/CMakeFiles/absl_log_initialize.dir/build'.
make[2]: Nothing to be done for `include/abseil-cpp/absl/log/CMakeFiles/absl_log_internal_log_sink_set.dir/build'.
make[2]: Nothing to be done for `include/abseil-cpp/absl/flags/CMakeFiles/absl_flags_internal.dir/build'.
make[2]: Nothing to be done for `include/abseil-cpp/absl/strings/CMakeFiles/absl_cordz_sample_token.dir/build'.
/Library/Developer/CommandLineTools/usr/bin/make  -f CMakeFiles/imgui_test_suite.dir/build.make CMakeFiles/imgui_test_suite.dir/build
[ 82%] Built target absl_log_initialize
/Library/Developer/CommandLineTools/usr/bin/make  -f include/abseil-cpp/absl/strings/CMakeFiles/absl_cord.dir/build.make include/abseil-cpp/absl/strings/CMakeFiles/absl_cord.dir/depend
[ 82%] Built target absl_log_internal_log_sink_set
[ 82%] Built target absl_flags_internal
[ 82%] Built target absl_cordz_sample_token
/Library/Developer/CommandLineTools/usr/bin/make  -f include/abseil-cpp/absl/log/CMakeFiles/absl_log_internal_message.dir/build.make include/abseil-cpp/absl/log/CMakeFiles/absl_log_internal_message.dir/depend
/Library/Developer/CommandLineTools/usr/bin/make  -f include/abseil-cpp/absl/log/CMakeFiles/absl_scoped_mock_log.dir/build.make include/abseil-cpp/absl/log/CMakeFiles/absl_scoped_mock_log.dir/depend
cd /Users/ellie/Projects/zebes/build && /usr/local/bin/cmake -E cmake_depends "Unix Makefiles" /Users/ellie/Projects/zebes /Users/ellie/Projects/zebes/include/abseil-cpp/absl/strings /Users/ellie/Projects/zebes/build /Users/ellie/Projects/zebes/build/include/abseil-cpp/absl/strings /Users/ellie/Projects/zebes/build/include/abseil-cpp/absl/strings/CMakeFiles/absl_cord.dir/DependInfo.cmake "--color="
cd /Users/ellie/Projects/zebes/build && /usr/local/bin/cmake -E cmake_depends "Unix Makefiles" /Users/ellie/Projects/zebes /Users/ellie/Projects/zebes/include/abseil-cpp/absl/log /Users/ellie/Projects/zebes/build /Users/ellie/Projects/zebes/build/include/abseil-cpp/absl/log /Users/ellie/Projects/zebes/build/include/abseil-cpp/absl/log/CMakeFiles/absl_log_internal_message.dir/DependInfo.cmake "--color="
cd /Users/ellie/Projects/zebes/build && /usr/local/bin/cmake -E cmake_depends "Unix Makefiles" /Users/ellie/Projects/zebes /Users/ellie/Projects/zebes/include/abseil-cpp/absl/log /Users/ellie/Projects/zebes/build /Users/ellie/Projects/zebes/build/include/abseil-cpp/absl/log /Users/ellie/Projects/zebes/build/include/abseil-cpp/absl/log/CMakeFiles/absl_scoped_mock_log.dir/DependInfo.cmake "--color="
make[2]: Nothing to be done for `CMakeFiles/imgui_test_suite.dir/build'.
[ 83%] Built target imgui_test_suite
/Library/Developer/CommandLineTools/usr/bin/make  -f include/abseil-cpp/absl/log/CMakeFiles/absl_log_internal_message.dir/build.make include/abseil-cpp/absl/log/CMakeFiles/absl_log_internal_message.dir/build
/Library/Developer/CommandLineTools/usr/bin/make  -f include/abseil-cpp/absl/log/CMakeFiles/absl_scoped_mock_log.dir/build.make include/abseil-cpp/absl/log/CMakeFiles/absl_scoped_mock_log.dir/build
make[2]: Nothing to be done for `include/abseil-cpp/absl/log/CMakeFiles/absl_log_internal_message.dir/build'.
make[2]: Nothing to be done for `include/abseil-cpp/absl/log/CMakeFiles/absl_scoped_mock_log.dir/build'.
/Library/Developer/CommandLineTools/usr/bin/make  -f include/abseil-cpp/absl/strings/CMakeFiles/absl_cord.dir/build.make include/abseil-cpp/absl/strings/CMakeFiles/absl_cord.dir/build
make[2]: Nothing to be done for `include/abseil-cpp/absl/strings/CMakeFiles/absl_cord.dir/build'.
[ 83%] Built target absl_log_internal_message
[ 83%] Built target absl_scoped_mock_log
/Library/Developer/CommandLineTools/usr/bin/make  -f include/abseil-cpp/absl/log/CMakeFiles/absl_log_internal_check_op.dir/build.make include/abseil-cpp/absl/log/CMakeFiles/absl_log_internal_check_op.dir/depend
/Library/Developer/CommandLineTools/usr/bin/make  -f include/abseil-cpp/absl/log/CMakeFiles/absl_die_if_null.dir/build.make include/abseil-cpp/absl/log/CMakeFiles/absl_die_if_null.dir/depend
/Library/Developer/CommandLineTools/usr/bin/make  -f src/common/CMakeFiles/config.dir/build.make src/common/CMakeFiles/config.dir/depend
cd /Users/ellie/Projects/zebes/build && /usr/local/bin/cmake -E cmake_depends "Unix Makefiles" /Users/ellie/Projects/zebes /Users/ellie/Projects/zebes/include/abseil-cpp/absl/log /Users/ellie/Projects/zebes/build /Users/ellie/Projects/zebes/build/include/abseil-cpp/absl/log /Users/ellie/Projects/zebes/build/include/abseil-cpp/absl/log/CMakeFiles/absl_log_internal_check_op.dir/DependInfo.cmake "--color="
cd /Users/ellie/Projects/zebes/build && /usr/local/bin/cmake -E cmake_depends "Unix Makefiles" /Users/ellie/Projects/zebes /Users/ellie/Projects/zebes/src/common /Users/ellie/Projects/zebes/build /Users/ellie/Projects/zebes/build/src/common /Users/ellie/Projects/zebes/build/src/common/CMakeFiles/config.dir/DependInfo.cmake "--color="
cd /Users/ellie/Projects/zebes/build && /usr/local/bin/cmake -E cmake_depends "Unix Makefiles" /Users/ellie/Projects/zebes /Users/ellie/Projects/zebes/include/abseil-cpp/absl/log /Users/ellie/Projects/zebes/build /Users/ellie/Projects/zebes/build/include/abseil-cpp/absl/log /Users/ellie/Projects/zebes/build/include/abseil-cpp/absl/log/CMakeFiles/absl_die_if_null.dir/DependInfo.cmake "--color="
[ 84%] Built target absl_cord
/Library/Developer/CommandLineTools/usr/bin/make  -f include/abseil-cpp/absl/container/CMakeFiles/absl_raw_hash_set.dir/build.make include/abseil-cpp/absl/container/CMakeFiles/absl_raw_hash_set.dir/depend
/Library/Developer/CommandLineTools/usr/bin/make  -f include/abseil-cpp/absl/status/CMakeFiles/absl_status.dir/build.make include/abseil-cpp/absl/status/CMakeFiles/absl_status.dir/depend
cd /Users/ellie/Projects/zebes/build && /usr/local/bin/cmake -E cmake_depends "Unix Makefiles" /Users/ellie/Projects/zebes /Users/ellie/Projects/zebes/include/abseil-cpp/absl/container /Users/ellie/Projects/zebes/build /Users/ellie/Projects/zebes/build/include/abseil-cpp/absl/container /Users/ellie/Projects/zebes/build/include/abseil-cpp/absl/container/CMakeFiles/absl_raw_hash_set.dir/DependInfo.cmake "--color="
cd /Users/ellie/Projects/zebes/build && /usr/local/bin/cmake -E cmake_depends "Unix Makefiles" /Users/ellie/Projects/zebes /Users/ellie/Projects/zebes/include/abseil-cpp/absl/status /Users/ellie/Projects/zebes/build /Users/ellie/Projects/zebes/build/include/abseil-cpp/absl/status /Users/ellie/Projects/zebes/build/include/abseil-cpp/absl/status/CMakeFiles/absl_status.dir/DependInfo.cmake "--color="
/Library/Developer/CommandLineTools/usr/bin/make  -f include/abseil-cpp/absl/log/CMakeFiles/absl_die_if_null.dir/build.make include/abseil-cpp/absl/log/CMakeFiles/absl_die_if_null.dir/build
/Library/Developer/CommandLineTools/usr/bin/make  -f include/abseil-cpp/absl/log/CMakeFiles/absl_log_internal_check_op.dir/build.make include/abseil-cpp/absl/log/CMakeFiles/absl_log_internal_check_op.dir/build
/Library/Developer/CommandLineTools/usr/bin/make  -f src/common/CMakeFiles/config.dir/build.make src/common/CMakeFiles/config.dir/build
make[2]: Nothing to be done for `include/abseil-cpp/absl/log/CMakeFiles/absl_die_if_null.dir/build'.
make[2]: Nothing to be done for `include/abseil-cpp/absl/log/CMakeFiles/absl_log_internal_check_op.dir/build'.
/Library/Developer/CommandLineTools/usr/bin/make  -f include/abseil-cpp/absl/container/CMakeFiles/absl_raw_hash_set.dir/build.make include/abseil-cpp/absl/container/CMakeFiles/absl_raw_hash_set.dir/build
make[2]: Nothing to be done for `src/common/CMakeFiles/config.dir/build'.
make[2]: Nothing to be done for `include/abseil-cpp/absl/container/CMakeFiles/absl_raw_hash_set.dir/build'.
[ 84%] Built target absl_die_if_null
[ 85%] Built target absl_log_internal_check_op
/Library/Developer/CommandLineTools/usr/bin/make  -f include/abseil-cpp/absl/status/CMakeFiles/absl_status.dir/build.make include/abseil-cpp/absl/status/CMakeFiles/absl_status.dir/build
[ 85%] Built target config
[ 85%] Built target absl_raw_hash_set
/Library/Developer/CommandLineTools/usr/bin/make  -f include/abseil-cpp/absl/flags/CMakeFiles/absl_flags_reflection.dir/build.make include/abseil-cpp/absl/flags/CMakeFiles/absl_flags_reflection.dir/depend
make[2]: Nothing to be done for `include/abseil-cpp/absl/status/CMakeFiles/absl_status.dir/build'.
cd /Users/ellie/Projects/zebes/build && /usr/local/bin/cmake -E cmake_depends "Unix Makefiles" /Users/ellie/Projects/zebes /Users/ellie/Projects/zebes/include/abseil-cpp/absl/flags /Users/ellie/Projects/zebes/build /Users/ellie/Projects/zebes/build/include/abseil-cpp/absl/flags /Users/ellie/Projects/zebes/build/include/abseil-cpp/absl/flags/CMakeFiles/absl_flags_reflection.dir/DependInfo.cmake "--color="
[ 85%] Built target absl_status
/Library/Developer/CommandLineTools/usr/bin/make  -f include/abseil-cpp/absl/status/CMakeFiles/absl_statusor.dir/build.make include/abseil-cpp/absl/status/CMakeFiles/absl_statusor.dir/depend
/Library/Developer/CommandLineTools/usr/bin/make  -f src/editor/CMakeFiles/editor_utils.dir/build.make src/editor/CMakeFiles/editor_utils.dir/depend
/Library/Developer/CommandLineTools/usr/bin/make  -f src/editor/CMakeFiles/editor_animator.dir/build.make src/editor/CMakeFiles/editor_animator.dir/depend
cd /Users/ellie/Projects/zebes/build && /usr/local/bin/cmake -E cmake_depends "Unix Makefiles" /Users/ellie/Projects/zebes /Users/ellie/Projects/zebes/include/abseil-cpp/absl/status /Users/ellie/Projects/zebes/build /Users/ellie/Projects/zebes/build/include/abseil-cpp/absl/status /Users/ellie/Projects/zebes/build/include/abseil-cpp/absl/status/CMakeFiles/absl_statusor.dir/DependInfo.cmake "--color="
cd /Users/ellie/Projects/zebes/build && /usr/local/bin/cmake -E cmake_depends "Unix Makefiles" /Users/ellie/Projects/zebes /Users/ellie/Projects/zebes/src/editor /Users/ellie/Projects/zebes/build /Users/ellie/Projects/zebes/build/src/editor /Users/ellie/Projects/zebes/build/src/editor/CMakeFiles/editor_utils.dir/DependInfo.cmake "--color="
cd /Users/ellie/Projects/zebes/build && /usr/local/bin/cmake -E cmake_depends "Unix Makefiles" /Users/ellie/Projects/zebes /Users/ellie/Projects/zebes/src/editor /Users/ellie/Projects/zebes/build /Users/ellie/Projects/zebes/build/src/editor /Users/ellie/Projects/zebes/build/src/editor/CMakeFiles/editor_animator.dir/DependInfo.cmake "--color="
/Library/Developer/CommandLineTools/usr/bin/make  -f include/abseil-cpp/absl/flags/CMakeFiles/absl_flags_reflection.dir/build.make include/abseil-cpp/absl/flags/CMakeFiles/absl_flags_reflection.dir/build
/Library/Developer/CommandLineTools/usr/bin/make  -f src/editor/CMakeFiles/editor_utils.dir/build.make src/editor/CMakeFiles/editor_utils.dir/build
make[2]: Nothing to be done for `src/editor/CMakeFiles/editor_utils.dir/build'.
make[2]: Nothing to be done for `include/abseil-cpp/absl/flags/CMakeFiles/absl_flags_reflection.dir/build'.
/Library/Developer/CommandLineTools/usr/bin/make  -f src/editor/CMakeFiles/editor_animator.dir/build.make src/editor/CMakeFiles/editor_animator.dir/build
/Library/Developer/CommandLineTools/usr/bin/make  -f include/abseil-cpp/absl/status/CMakeFiles/absl_statusor.dir/build.make include/abseil-cpp/absl/status/CMakeFiles/absl_statusor.dir/build
[ 85%] Built target editor_utils
/Library/Developer/CommandLineTools/usr/bin/make  -f src/editor/CMakeFiles/canvas_elements.dir/build.make src/editor/CMakeFiles/canvas_elements.dir/depend
/Library/Developer/CommandLineTools/usr/bin/make  -f src/editor/blueprint_editor/CMakeFiles/collider_panel.dir/build.make src/editor/blueprint_editor/CMakeFiles/collider_panel.dir/depend
cd /Users/ellie/Projects/zebes/build && /usr/local/bin/cmake -E cmake_depends "Unix Makefiles" /Users/ellie/Projects/zebes /Users/ellie/Projects/zebes/src/editor /Users/ellie/Projects/zebes/build /Users/ellie/Projects/zebes/build/src/editor /Users/ellie/Projects/zebes/build/src/editor/CMakeFiles/canvas_elements.dir/DependInfo.cmake "--color="
cd /Users/ellie/Projects/zebes/build && /usr/local/bin/cmake -E cmake_depends "Unix Makefiles" /Users/ellie/Projects/zebes /Users/ellie/Projects/zebes/src/editor/blueprint_editor /Users/ellie/Projects/zebes/build /Users/ellie/Projects/zebes/build/src/editor/blueprint_editor /Users/ellie/Projects/zebes/build/src/editor/blueprint_editor/CMakeFiles/collider_panel.dir/DependInfo.cmake "--color="
[ 85%] Built target absl_flags_reflection
/Library/Developer/CommandLineTools/usr/bin/make  -f include/abseil-cpp/absl/flags/CMakeFiles/absl_flags_usage_internal.dir/build.make include/abseil-cpp/absl/flags/CMakeFiles/absl_flags_usage_internal.dir/depend
/Library/Developer/CommandLineTools/usr/bin/make  -f include/abseil-cpp/absl/log/CMakeFiles/absl_log_flags.dir/build.make include/abseil-cpp/absl/log/CMakeFiles/absl_log_flags.dir/depend
/Library/Developer/CommandLineTools/usr/bin/make  -f src/common/CMakeFiles/logging.dir/build.make src/common/CMakeFiles/logging.dir/depend
make[2]: Nothing to be done for `include/abseil-cpp/absl/status/CMakeFiles/absl_statusor.dir/build'.
make[2]: Nothing to be done for `src/editor/CMakeFiles/editor_animator.dir/build'.
cd /Users/ellie/Projects/zebes/build && /usr/local/bin/cmake -E cmake_depends "Unix Makefiles" /Users/ellie/Projects/zebes /Users/ellie/Projects/zebes/include/abseil-cpp/absl/flags /Users/ellie/Projects/zebes/build /Users/ellie/Projects/zebes/build/include/abseil-cpp/absl/flags /Users/ellie/Projects/zebes/build/include/abseil-cpp/absl/flags/CMakeFiles/absl_flags_usage_internal.dir/DependInfo.cmake "--color="
cd /Users/ellie/Projects/zebes/build && /usr/local/bin/cmake -E cmake_depends "Unix Makefiles" /Users/ellie/Projects/zebes /Users/ellie/Projects/zebes/include/abseil-cpp/absl/log /Users/ellie/Projects/zebes/build /Users/ellie/Projects/zebes/build/include/abseil-cpp/absl/log /Users/ellie/Projects/zebes/build/include/abseil-cpp/absl/log/CMakeFiles/absl_log_flags.dir/DependInfo.cmake "--color="
cd /Users/ellie/Projects/zebes/build && /usr/local/bin/cmake -E cmake_depends "Unix Makefiles" /Users/ellie/Projects/zebes /Users/ellie/Projects/zebes/src/common /Users/ellie/Projects/zebes/build /Users/ellie/Projects/zebes/build/src/common /Users/ellie/Projects/zebes/build/src/common/CMakeFiles/logging.dir/DependInfo.cmake "--color="
[ 85%] Built target editor_animator
[ 85%] Built target absl_statusor
/Library/Developer/CommandLineTools/usr/bin/make  -f include/abseil-cpp/absl/status/CMakeFiles/absl_status_matchers.dir/build.make include/abseil-cpp/absl/status/CMakeFiles/absl_status_matchers.dir/depend
/Library/Developer/CommandLineTools/usr/bin/make  -f src/common/CMakeFiles/sdl_wrapper.dir/build.make src/common/CMakeFiles/sdl_wrapper.dir/depend
/Library/Developer/CommandLineTools/usr/bin/make  -f src/resources/CMakeFiles/collider_manager.dir/build.make src/resources/CMakeFiles/collider_manager.dir/depend
/Library/Developer/CommandLineTools/usr/bin/make  -f src/resources/CMakeFiles/blueprint_manager.dir/build.make src/resources/CMakeFiles/blueprint_manager.dir/depend
/Library/Developer/CommandLineTools/usr/bin/make  -f src/db/CMakeFiles/db.dir/build.make src/db/CMakeFiles/db.dir/depend
cd /Users/ellie/Projects/zebes/build && /usr/local/bin/cmake -E cmake_depends "Unix Makefiles" /Users/ellie/Projects/zebes /Users/ellie/Projects/zebes/src/resources /Users/ellie/Projects/zebes/build /Users/ellie/Projects/zebes/build/src/resources /Users/ellie/Projects/zebes/build/src/resources/CMakeFiles/collider_manager.dir/DependInfo.cmake "--color="
cd /Users/ellie/Projects/zebes/build && /usr/local/bin/cmake -E cmake_depends "Unix Makefiles" /Users/ellie/Projects/zebes /Users/ellie/Projects/zebes/include/abseil-cpp/absl/status /Users/ellie/Projects/zebes/build /Users/ellie/Projects/zebes/build/include/abseil-cpp/absl/status /Users/ellie/Projects/zebes/build/include/abseil-cpp/absl/status/CMakeFiles/absl_status_matchers.dir/DependInfo.cmake "--color="
cd /Users/ellie/Projects/zebes/build && /usr/local/bin/cmake -E cmake_depends "Unix Makefiles" /Users/ellie/Projects/zebes /Users/ellie/Projects/zebes/src/resources /Users/ellie/Projects/zebes/build /Users/ellie/Projects/zebes/build/src/resources /Users/ellie/Projects/zebes/build/src/resources/CMakeFiles/blueprint_manager.dir/DependInfo.cmake "--color="
cd /Users/ellie/Projects/zebes/build && /usr/local/bin/cmake -E cmake_depends "Unix Makefiles" /Users/ellie/Projects/zebes /Users/ellie/Projects/zebes/src/common /Users/ellie/Projects/zebes/build /Users/ellie/Projects/zebes/build/src/common /Users/ellie/Projects/zebes/build/src/common/CMakeFiles/sdl_wrapper.dir/DependInfo.cmake "--color="
cd /Users/ellie/Projects/zebes/build && /usr/local/bin/cmake -E cmake_depends "Unix Makefiles" /Users/ellie/Projects/zebes /Users/ellie/Projects/zebes/src/db /Users/ellie/Projects/zebes/build /Users/ellie/Projects/zebes/build/src/db /Users/ellie/Projects/zebes/build/src/db/CMakeFiles/db.dir/DependInfo.cmake "--color="
/Library/Developer/CommandLineTools/usr/bin/make  -f src/editor/blueprint_editor/CMakeFiles/collider_panel.dir/build.make src/editor/blueprint_editor/CMakeFiles/collider_panel.dir/build
/Library/Developer/CommandLineTools/usr/bin/make  -f include/abseil-cpp/absl/log/CMakeFiles/absl_log_flags.dir/build.make include/abseil-cpp/absl/log/CMakeFiles/absl_log_flags.dir/build
/Library/Developer/CommandLineTools/usr/bin/make  -f src/common/CMakeFiles/logging.dir/build.make src/common/CMakeFiles/logging.dir/build
/Library/Developer/CommandLineTools/usr/bin/make  -f include/abseil-cpp/absl/flags/CMakeFiles/absl_flags_usage_internal.dir/build.make include/abseil-cpp/absl/flags/CMakeFiles/absl_flags_usage_internal.dir/build
/Library/Developer/CommandLineTools/usr/bin/make  -f src/editor/CMakeFiles/canvas_elements.dir/build.make src/editor/CMakeFiles/canvas_elements.dir/build
make[2]: Nothing to be done for `include/abseil-cpp/absl/log/CMakeFiles/absl_log_flags.dir/build'.
make[2]: Nothing to be done for `src/common/CMakeFiles/logging.dir/build'.
make[2]: Nothing to be done for `src/editor/blueprint_editor/CMakeFiles/collider_panel.dir/build'.
make[2]: Nothing to be done for `include/abseil-cpp/absl/flags/CMakeFiles/absl_flags_usage_internal.dir/build'.
make[2]: Nothing to be done for `src/editor/CMakeFiles/canvas_elements.dir/build'.
/Library/Developer/CommandLineTools/usr/bin/make  -f include/abseil-cpp/absl/status/CMakeFiles/absl_status_matchers.dir/build.make include/abseil-cpp/absl/status/CMakeFiles/absl_status_matchers.dir/build
/Library/Developer/CommandLineTools/usr/bin/make  -f src/resources/CMakeFiles/collider_manager.dir/build.make src/resources/CMakeFiles/collider_manager.dir/build
/Library/Developer/CommandLineTools/usr/bin/make  -f src/resources/CMakeFiles/blueprint_manager.dir/build.make src/resources/CMakeFiles/blueprint_manager.dir/build
[ 85%] Built target logging
/Library/Developer/CommandLineTools/usr/bin/make  -f src/common/CMakeFiles/sdl_wrapper.dir/build.make src/common/CMakeFiles/sdl_wrapper.dir/build
[ 86%] Built target collider_panel
[ 86%] Built target absl_log_flags
[ 86%] Built target absl_flags_usage_internal
/Library/Developer/CommandLineTools/usr/bin/make  -f include/abseil-cpp/absl/flags/CMakeFiles/absl_flags_usage.dir/build.make include/abseil-cpp/absl/flags/CMakeFiles/absl_flags_usage.dir/depend
cd /Users/ellie/Projects/zebes/build && /usr/local/bin/cmake -E cmake_depends "Unix Makefiles" /Users/ellie/Projects/zebes /Users/ellie/Projects/zebes/include/abseil-cpp/absl/flags /Users/ellie/Projects/zebes/build /Users/ellie/Projects/zebes/build/include/abseil-cpp/absl/flags /Users/ellie/Projects/zebes/build/include/abseil-cpp/absl/flags/CMakeFiles/absl_flags_usage.dir/DependInfo.cmake "--color="
make[2]: Nothing to be done for `include/abseil-cpp/absl/status/CMakeFiles/absl_status_matchers.dir/build'.
[ 87%] Built target canvas_elements
/Library/Developer/CommandLineTools/usr/bin/make  -f src/editor/CMakeFiles/editor_canvas.dir/build.make src/editor/CMakeFiles/editor_canvas.dir/depend
/Library/Developer/CommandLineTools/usr/bin/make  -f src/db/CMakeFiles/db.dir/build.make src/db/CMakeFiles/db.dir/build
make[2]: Nothing to be done for `src/resources/CMakeFiles/blueprint_manager.dir/build'.
make[2]: Nothing to be done for `src/resources/CMakeFiles/collider_manager.dir/build'.
make[2]: Nothing to be done for `src/common/CMakeFiles/sdl_wrapper.dir/build'.
cd /Users/ellie/Projects/zebes/build && /usr/local/bin/cmake -E cmake_depends "Unix Makefiles" /Users/ellie/Projects/zebes /Users/ellie/Projects/zebes/src/editor /Users/ellie/Projects/zebes/build /Users/ellie/Projects/zebes/build/src/editor /Users/ellie/Projects/zebes/build/src/editor/CMakeFiles/editor_canvas.dir/DependInfo.cmake "--color="
make[2]: Nothing to be done for `src/db/CMakeFiles/db.dir/build'.
[ 88%] Built target absl_status_matchers
[ 88%] Built target blueprint_manager
/Library/Developer/CommandLineTools/usr/bin/make  -f tests/CMakeFiles/blueprint_manager_test.dir/build.make tests/CMakeFiles/blueprint_manager_test.dir/depend
[ 88%] Built target collider_manager
/Library/Developer/CommandLineTools/usr/bin/make  -f tests/CMakeFiles/collider_manager_test.dir/build.make tests/CMakeFiles/collider_manager_test.dir/depend
[ 88%] Built target sdl_wrapper
/Library/Developer/CommandLineTools/usr/bin/make  -f src/resources/CMakeFiles/texture_manager.dir/build.make src/resources/CMakeFiles/texture_manager.dir/depend
/Library/Developer/CommandLineTools/usr/bin/make  -f src/engine/CMakeFiles/input_manager.dir/build.make src/engine/CMakeFiles/input_manager.dir/depend
cd /Users/ellie/Projects/zebes/build && /usr/local/bin/cmake -E cmake_depends "Unix Makefiles" /Users/ellie/Projects/zebes /Users/ellie/Projects/zebes/tests /Users/ellie/Projects/zebes/build /Users/ellie/Projects/zebes/build/tests /Users/ellie/Projects/zebes/build/tests/CMakeFiles/blueprint_manager_test.dir/DependInfo.cmake "--color="
cd /Users/ellie/Projects/zebes/build && /usr/local/bin/cmake -E cmake_depends "Unix Makefiles" /Users/ellie/Projects/zebes /Users/ellie/Projects/zebes/tests /Users/ellie/Projects/zebes/build /Users/ellie/Projects/zebes/build/tests /Users/ellie/Projects/zebes/build/tests/CMakeFiles/collider_manager_test.dir/DependInfo.cmake "--color="
cd /Users/ellie/Projects/zebes/build && /usr/local/bin/cmake -E cmake_depends "Unix Makefiles" /Users/ellie/Projects/zebes /Users/ellie/Projects/zebes/src/resources /Users/ellie/Projects/zebes/build /Users/ellie/Projects/zebes/build/src/resources /Users/ellie/Projects/zebes/build/src/resources/CMakeFiles/texture_manager.dir/DependInfo.cmake "--color="
cd /Users/ellie/Projects/zebes/build && /usr/local/bin/cmake -E cmake_depends "Unix Makefiles" /Users/ellie/Projects/zebes /Users/ellie/Projects/zebes/src/engine /Users/ellie/Projects/zebes/build /Users/ellie/Projects/zebes/build/src/engine /Users/ellie/Projects/zebes/build/src/engine/CMakeFiles/input_manager.dir/DependInfo.cmake "--color="
/Library/Developer/CommandLineTools/usr/bin/make  -f src/editor/CMakeFiles/editor_canvas.dir/build.make src/editor/CMakeFiles/editor_canvas.dir/build
/Library/Developer/CommandLineTools/usr/bin/make  -f include/abseil-cpp/absl/flags/CMakeFiles/absl_flags_usage.dir/build.make include/abseil-cpp/absl/flags/CMakeFiles/absl_flags_usage.dir/build
make[2]: Nothing to be done for `src/editor/CMakeFiles/editor_canvas.dir/build'.
[ 89%] Built target db
make[2]: Nothing to be done for `include/abseil-cpp/absl/flags/CMakeFiles/absl_flags_usage.dir/build'.
[ 89%] Built target editor_canvas
/Library/Developer/CommandLineTools/usr/bin/make  -f src/editor/blueprint_editor/CMakeFiles/sprite_panel.dir/build.make src/editor/blueprint_editor/CMakeFiles/sprite_panel.dir/depend
cd /Users/ellie/Projects/zebes/build && /usr/local/bin/cmake -E cmake_depends "Unix Makefiles" /Users/ellie/Projects/zebes /Users/ellie/Projects/zebes/src/editor/blueprint_editor /Users/ellie/Projects/zebes/build /Users/ellie/Projects/zebes/build/src/editor/blueprint_editor /Users/ellie/Projects/zebes/build/src/editor/blueprint_editor/CMakeFiles/sprite_panel.dir/DependInfo.cmake "--color="
[ 89%] Built target absl_flags_usage
/Library/Developer/CommandLineTools/usr/bin/make  -f include/abseil-cpp/absl/flags/CMakeFiles/absl_flags_parse.dir/build.make include/abseil-cpp/absl/flags/CMakeFiles/absl_flags_parse.dir/depend
cd /Users/ellie/Projects/zebes/build && /usr/local/bin/cmake -E cmake_depends "Unix Makefiles" /Users/ellie/Projects/zebes /Users/ellie/Projects/zebes/include/abseil-cpp/absl/flags /Users/ellie/Projects/zebes/build /Users/ellie/Projects/zebes/build/include/abseil-cpp/absl/flags /Users/ellie/Projects/zebes/build/include/abseil-cpp/absl/flags/CMakeFiles/absl_flags_parse.dir/DependInfo.cmake "--color="
/Library/Developer/CommandLineTools/usr/bin/make  -f tests/CMakeFiles/blueprint_manager_test.dir/build.make tests/CMakeFiles/blueprint_manager_test.dir/build
/Library/Developer/CommandLineTools/usr/bin/make  -f tests/CMakeFiles/collider_manager_test.dir/build.make tests/CMakeFiles/collider_manager_test.dir/build
/Library/Developer/CommandLineTools/usr/bin/make  -f src/resources/CMakeFiles/texture_manager.dir/build.make src/resources/CMakeFiles/texture_manager.dir/build
/Library/Developer/CommandLineTools/usr/bin/make  -f src/engine/CMakeFiles/input_manager.dir/build.make src/engine/CMakeFiles/input_manager.dir/build
make[2]: Nothing to be done for `tests/CMakeFiles/blueprint_manager_test.dir/build'.
make[2]: Nothing to be done for `tests/CMakeFiles/collider_manager_test.dir/build'.
make[2]: Nothing to be done for `src/resources/CMakeFiles/texture_manager.dir/build'.
make[2]: Nothing to be done for `src/engine/CMakeFiles/input_manager.dir/build'.
/Library/Developer/CommandLineTools/usr/bin/make  -f src/editor/blueprint_editor/CMakeFiles/sprite_panel.dir/build.make src/editor/blueprint_editor/CMakeFiles/sprite_panel.dir/build
[ 89%] Built target collider_manager_test
[ 89%] Built target blueprint_manager_test
/Library/Developer/CommandLineTools/usr/bin/make  -f include/abseil-cpp/absl/flags/CMakeFiles/absl_flags_parse.dir/build.make include/abseil-cpp/absl/flags/CMakeFiles/absl_flags_parse.dir/build
[ 89%] Built target input_manager
[ 90%] Built target texture_manager
/Library/Developer/CommandLineTools/usr/bin/make  -f src/engine/CMakeFiles/camera_controller.dir/build.make src/engine/CMakeFiles/camera_controller.dir/depend
/Library/Developer/CommandLineTools/usr/bin/make  -f tests/CMakeFiles/input_manager_test.dir/build.make tests/CMakeFiles/input_manager_test.dir/depend
cd /Users/ellie/Projects/zebes/build && /usr/local/bin/cmake -E cmake_depends "Unix Makefiles" /Users/ellie/Projects/zebes /Users/ellie/Projects/zebes/src/engine /Users/ellie/Projects/zebes/build /Users/ellie/Projects/zebes/build/src/engine /Users/ellie/Projects/zebes/build/src/engine/CMakeFiles/camera_controller.dir/DependInfo.cmake "--color="
cd /Users/ellie/Projects/zebes/build && /usr/local/bin/cmake -E cmake_depends "Unix Makefiles" /Users/ellie/Projects/zebes /Users/ellie/Projects/zebes/tests /Users/ellie/Projects/zebes/build /Users/ellie/Projects/zebes/build/tests /Users/ellie/Projects/zebes/build/tests/CMakeFiles/input_manager_test.dir/DependInfo.cmake "--color="
make[2]: Nothing to be done for `src/editor/blueprint_editor/CMakeFiles/sprite_panel.dir/build'.
make[2]: Nothing to be done for `include/abseil-cpp/absl/flags/CMakeFiles/absl_flags_parse.dir/build'.
[ 90%] Built target sprite_panel
/Library/Developer/CommandLineTools/usr/bin/make  -f src/resources/CMakeFiles/sprite_manager.dir/build.make src/resources/CMakeFiles/sprite_manager.dir/depend
/Library/Developer/CommandLineTools/usr/bin/make  -f tests/CMakeFiles/texture_manager_test.dir/build.make tests/CMakeFiles/texture_manager_test.dir/depend
cd /Users/ellie/Projects/zebes/build && /usr/local/bin/cmake -E cmake_depends "Unix Makefiles" /Users/ellie/Projects/zebes /Users/ellie/Projects/zebes/src/resources /Users/ellie/Projects/zebes/build /Users/ellie/Projects/zebes/build/src/resources /Users/ellie/Projects/zebes/build/src/resources/CMakeFiles/sprite_manager.dir/DependInfo.cmake "--color="
cd /Users/ellie/Projects/zebes/build && /usr/local/bin/cmake -E cmake_depends "Unix Makefiles" /Users/ellie/Projects/zebes /Users/ellie/Projects/zebes/tests /Users/ellie/Projects/zebes/build /Users/ellie/Projects/zebes/build/tests /Users/ellie/Projects/zebes/build/tests/CMakeFiles/texture_manager_test.dir/DependInfo.cmake "--color="
[ 90%] Built target absl_flags_parse
/Library/Developer/CommandLineTools/usr/bin/make  -f tests/editor/CMakeFiles/editor_test_main.dir/build.make tests/editor/CMakeFiles/editor_test_main.dir/depend
cd /Users/ellie/Projects/zebes/build && /usr/local/bin/cmake -E cmake_depends "Unix Makefiles" /Users/ellie/Projects/zebes /Users/ellie/Projects/zebes/tests/editor /Users/ellie/Projects/zebes/build /Users/ellie/Projects/zebes/build/tests/editor /Users/ellie/Projects/zebes/build/tests/editor/CMakeFiles/editor_test_main.dir/DependInfo.cmake "--color="
/Library/Developer/CommandLineTools/usr/bin/make  -f src/engine/CMakeFiles/camera_controller.dir/build.make src/engine/CMakeFiles/camera_controller.dir/build
/Library/Developer/CommandLineTools/usr/bin/make  -f tests/CMakeFiles/input_manager_test.dir/build.make tests/CMakeFiles/input_manager_test.dir/build
make[2]: Nothing to be done for `src/engine/CMakeFiles/camera_controller.dir/build'.
make[2]: Nothing to be done for `tests/CMakeFiles/input_manager_test.dir/build'.
[ 90%] Built target camera_controller
/Library/Developer/CommandLineTools/usr/bin/make  -f tests/CMakeFiles/camera_controller_test.dir/build.make tests/CMakeFiles/camera_controller_test.dir/depend
/Library/Developer/CommandLineTools/usr/bin/make  -f src/resources/CMakeFiles/sprite_manager.dir/build.make src/resources/CMakeFiles/sprite_manager.dir/build
/Library/Developer/CommandLineTools/usr/bin/make  -f tests/CMakeFiles/texture_manager_test.dir/build.make tests/CMakeFiles/texture_manager_test.dir/build
/Library/Developer/CommandLineTools/usr/bin/make  -f tests/editor/CMakeFiles/editor_test_main.dir/build.make tests/editor/CMakeFiles/editor_test_main.dir/build
cd /Users/ellie/Projects/zebes/build && /usr/local/bin/cmake -E cmake_depends "Unix Makefiles" /Users/ellie/Projects/zebes /Users/ellie/Projects/zebes/tests /Users/ellie/Projects/zebes/build /Users/ellie/Projects/zebes/build/tests /Users/ellie/Projects/zebes/build/tests/CMakeFiles/camera_controller_test.dir/DependInfo.cmake "--color="
[ 91%] Built target input_manager_test
make[2]: Nothing to be done for `src/resources/CMakeFiles/sprite_manager.dir/build'.
make[2]: Nothing to be done for `tests/editor/CMakeFiles/editor_test_main.dir/build'.
make[2]: Nothing to be done for `tests/CMakeFiles/texture_manager_test.dir/build'.
[ 91%] Built target sprite_manager
[ 91%] Built target editor_test_main
[ 91%] Built target texture_manager_test
/Library/Developer/CommandLineTools/usr/bin/make  -f src/resources/CMakeFiles/level_manager.dir/build.make src/resources/CMakeFiles/level_manager.dir/depend
/Library/Developer/CommandLineTools/usr/bin/make  -f tests/CMakeFiles/sprite_manager_test.dir/build.make tests/CMakeFiles/sprite_manager_test.dir/depend
/Library/Developer/CommandLineTools/usr/bin/make  -f tests/editor/CMakeFiles/sanity_test.dir/build.make tests/editor/CMakeFiles/sanity_test.dir/depend
cd /Users/ellie/Projects/zebes/build && /usr/local/bin/cmake -E cmake_depends "Unix Makefiles" /Users/ellie/Projects/zebes /Users/ellie/Projects/zebes/src/resources /Users/ellie/Projects/zebes/build /Users/ellie/Projects/zebes/build/src/resources /Users/ellie/Projects/zebes/build/src/resources/CMakeFiles/level_manager.dir/DependInfo.cmake "--color="
cd /Users/ellie/Projects/zebes/build && /usr/local/bin/cmake -E cmake_depends "Unix Makefiles" /Users/ellie/Projects/zebes /Users/ellie/Projects/zebes/tests /Users/ellie/Projects/zebes/build /Users/ellie/Projects/zebes/build/tests /Users/ellie/Projects/zebes/build/tests/CMakeFiles/sprite_manager_test.dir/DependInfo.cmake "--color="
cd /Users/ellie/Projects/zebes/build && /usr/local/bin/cmake -E cmake_depends "Unix Makefiles" /Users/ellie/Projects/zebes /Users/ellie/Projects/zebes/tests/editor /Users/ellie/Projects/zebes/build /Users/ellie/Projects/zebes/build/tests/editor /Users/ellie/Projects/zebes/build/tests/editor/CMakeFiles/sanity_test.dir/DependInfo.cmake "--color="
/Library/Developer/CommandLineTools/usr/bin/make  -f tests/CMakeFiles/camera_controller_test.dir/build.make tests/CMakeFiles/camera_controller_test.dir/build
make[2]: Nothing to be done for `tests/CMakeFiles/camera_controller_test.dir/build'.
[ 91%] Built target camera_controller_test
/Library/Developer/CommandLineTools/usr/bin/make  -f tests/editor/CMakeFiles/sanity_test.dir/build.make tests/editor/CMakeFiles/sanity_test.dir/build
/Library/Developer/CommandLineTools/usr/bin/make  -f tests/CMakeFiles/sprite_manager_test.dir/build.make tests/CMakeFiles/sprite_manager_test.dir/build
/Library/Developer/CommandLineTools/usr/bin/make  -f src/resources/CMakeFiles/level_manager.dir/build.make src/resources/CMakeFiles/level_manager.dir/build
make[2]: Nothing to be done for `tests/editor/CMakeFiles/sanity_test.dir/build'.
make[2]: Nothing to be done for `src/resources/CMakeFiles/level_manager.dir/build'.
make[2]: Nothing to be done for `tests/CMakeFiles/sprite_manager_test.dir/build'.
[ 92%] Built target sanity_test
[ 93%] Built target level_manager
[ 93%] Built target sprite_manager_test
/Library/Developer/CommandLineTools/usr/bin/make  -f src/api/CMakeFiles/api.dir/build.make src/api/CMakeFiles/api.dir/depend
/Library/Developer/CommandLineTools/usr/bin/make  -f tests/CMakeFiles/level_manager_test.dir/build.make tests/CMakeFiles/level_manager_test.dir/depend
cd /Users/ellie/Projects/zebes/build && /usr/local/bin/cmake -E cmake_depends "Unix Makefiles" /Users/ellie/Projects/zebes /Users/ellie/Projects/zebes/src/api /Users/ellie/Projects/zebes/build /Users/ellie/Projects/zebes/build/src/api /Users/ellie/Projects/zebes/build/src/api/CMakeFiles/api.dir/DependInfo.cmake "--color="
cd /Users/ellie/Projects/zebes/build && /usr/local/bin/cmake -E cmake_depends "Unix Makefiles" /Users/ellie/Projects/zebes /Users/ellie/Projects/zebes/tests /Users/ellie/Projects/zebes/build /Users/ellie/Projects/zebes/build/tests /Users/ellie/Projects/zebes/build/tests/CMakeFiles/level_manager_test.dir/DependInfo.cmake "--color="
/Library/Developer/CommandLineTools/usr/bin/make  -f src/api/CMakeFiles/api.dir/build.make src/api/CMakeFiles/api.dir/build
/Library/Developer/CommandLineTools/usr/bin/make  -f tests/CMakeFiles/level_manager_test.dir/build.make tests/CMakeFiles/level_manager_test.dir/build
make[2]: Nothing to be done for `src/api/CMakeFiles/api.dir/build'.
make[2]: Nothing to be done for `tests/CMakeFiles/level_manager_test.dir/build'.
[ 93%] Built target api
[ 93%] Built target level_manager_test
/Library/Developer/CommandLineTools/usr/bin/make  -f src/editor/CMakeFiles/editor_texture.dir/build.make src/editor/CMakeFiles/editor_texture.dir/depend
/Library/Developer/CommandLineTools/usr/bin/make  -f src/editor/CMakeFiles/editor_sprite.dir/build.make src/editor/CMakeFiles/editor_sprite.dir/depend
/Library/Developer/CommandLineTools/usr/bin/make  -f src/editor/CMakeFiles/editor_config.dir/build.make src/editor/CMakeFiles/editor_config.dir/depend
/Library/Developer/CommandLineTools/usr/bin/make  -f src/editor/level_editor/CMakeFiles/viewport_tab.dir/build.make src/editor/level_editor/CMakeFiles/viewport_tab.dir/depend
/Library/Developer/CommandLineTools/usr/bin/make  -f src/editor/blueprint_editor/CMakeFiles/blueprint_panel.dir/build.make src/editor/blueprint_editor/CMakeFiles/blueprint_panel.dir/depend
/Library/Developer/CommandLineTools/usr/bin/make  -f src/editor/blueprint_editor/CMakeFiles/blueprint_state_panel.dir/build.make src/editor/blueprint_editor/CMakeFiles/blueprint_state_panel.dir/depend
/Library/Developer/CommandLineTools/usr/bin/make  -f src/editor/level_editor/CMakeFiles/level_panel.dir/build.make src/editor/level_editor/CMakeFiles/level_panel.dir/depend
/Library/Developer/CommandLineTools/usr/bin/make  -f src/editor/level_editor/CMakeFiles/parallax_panel.dir/build.make src/editor/level_editor/CMakeFiles/parallax_panel.dir/depend
/Library/Developer/CommandLineTools/usr/bin/make  -f src/editor/level_editor/CMakeFiles/parallax_preview_tab.dir/build.make src/editor/level_editor/CMakeFiles/parallax_preview_tab.dir/depend
/Library/Developer/CommandLineTools/usr/bin/make  -f tests/CMakeFiles/api_validation_test.dir/build.make tests/CMakeFiles/api_validation_test.dir/depend
/Library/Developer/CommandLineTools/usr/bin/make  -f tests/editor/CMakeFiles/sprite_panel_test.dir/build.make tests/editor/CMakeFiles/sprite_panel_test.dir/depend
cd /Users/ellie/Projects/zebes/build && /usr/local/bin/cmake -E cmake_depends "Unix Makefiles" /Users/ellie/Projects/zebes /Users/ellie/Projects/zebes/src/editor /Users/ellie/Projects/zebes/build /Users/ellie/Projects/zebes/build/src/editor /Users/ellie/Projects/zebes/build/src/editor/CMakeFiles/editor_sprite.dir/DependInfo.cmake "--color="
cd /Users/ellie/Projects/zebes/build && /usr/local/bin/cmake -E cmake_depends "Unix Makefiles" /Users/ellie/Projects/zebes /Users/ellie/Projects/zebes/src/editor /Users/ellie/Projects/zebes/build /Users/ellie/Projects/zebes/build/src/editor /Users/ellie/Projects/zebes/build/src/editor/CMakeFiles/editor_texture.dir/DependInfo.cmake "--color="
cd /Users/ellie/Projects/zebes/build && /usr/local/bin/cmake -E cmake_depends "Unix Makefiles" /Users/ellie/Projects/zebes /Users/ellie/Projects/zebes/src/editor/blueprint_editor /Users/ellie/Projects/zebes/build /Users/ellie/Projects/zebes/build/src/editor/blueprint_editor /Users/ellie/Projects/zebes/build/src/editor/blueprint_editor/CMakeFiles/blueprint_panel.dir/DependInfo.cmake "--color="
cd /Users/ellie/Projects/zebes/build && /usr/local/bin/cmake -E cmake_depends "Unix Makefiles" /Users/ellie/Projects/zebes /Users/ellie/Projects/zebes/src/editor/blueprint_editor /Users/ellie/Projects/zebes/build /Users/ellie/Projects/zebes/build/src/editor/blueprint_editor /Users/ellie/Projects/zebes/build/src/editor/blueprint_editor/CMakeFiles/blueprint_state_panel.dir/DependInfo.cmake "--color="
cd /Users/ellie/Projects/zebes/build && /usr/local/bin/cmake -E cmake_depends "Unix Makefiles" /Users/ellie/Projects/zebes /Users/ellie/Projects/zebes/src/editor /Users/ellie/Projects/zebes/build /Users/ellie/Projects/zebes/build/src/editor /Users/ellie/Projects/zebes/build/src/editor/CMakeFiles/editor_config.dir/DependInfo.cmake "--color="
cd /Users/ellie/Projects/zebes/build && /usr/local/bin/cmake -E cmake_depends "Unix Makefiles" /Users/ellie/Projects/zebes /Users/ellie/Projects/zebes/src/editor/level_editor /Users/ellie/Projects/zebes/build /Users/ellie/Projects/zebes/build/src/editor/level_editor /Users/ellie/Projects/zebes/build/src/editor/level_editor/CMakeFiles/viewport_tab.dir/DependInfo.cmake "--color="
cd /Users/ellie/Projects/zebes/build && /usr/local/bin/cmake -E cmake_depends "Unix Makefiles" /Users/ellie/Projects/zebes /Users/ellie/Projects/zebes/src/editor/level_editor /Users/ellie/Projects/zebes/build /Users/ellie/Projects/zebes/build/src/editor/level_editor /Users/ellie/Projects/zebes/build/src/editor/level_editor/CMakeFiles/level_panel.dir/DependInfo.cmake "--color="
cd /Users/ellie/Projects/zebes/build && /usr/local/bin/cmake -E cmake_depends "Unix Makefiles" /Users/ellie/Projects/zebes /Users/ellie/Projects/zebes/src/editor/level_editor /Users/ellie/Projects/zebes/build /Users/ellie/Projects/zebes/build/src/editor/level_editor /Users/ellie/Projects/zebes/build/src/editor/level_editor/CMakeFiles/parallax_panel.dir/DependInfo.cmake "--color="
cd /Users/ellie/Projects/zebes/build && /usr/local/bin/cmake -E cmake_depends "Unix Makefiles" /Users/ellie/Projects/zebes /Users/ellie/Projects/zebes/src/editor/level_editor /Users/ellie/Projects/zebes/build /Users/ellie/Projects/zebes/build/src/editor/level_editor /Users/ellie/Projects/zebes/build/src/editor/level_editor/CMakeFiles/parallax_preview_tab.dir/DependInfo.cmake "--color="
cd /Users/ellie/Projects/zebes/build && /usr/local/bin/cmake -E cmake_depends "Unix Makefiles" /Users/ellie/Projects/zebes /Users/ellie/Projects/zebes/tests/editor /Users/ellie/Projects/zebes/build /Users/ellie/Projects/zebes/build/tests/editor /Users/ellie/Projects/zebes/build/tests/editor/CMakeFiles/sprite_panel_test.dir/DependInfo.cmake "--color="
cd /Users/ellie/Projects/zebes/build && /usr/local/bin/cmake -E cmake_depends "Unix Makefiles" /Users/ellie/Projects/zebes /Users/ellie/Projects/zebes/tests /Users/ellie/Projects/zebes/build /Users/ellie/Projects/zebes/build/tests /Users/ellie/Projects/zebes/build/tests/CMakeFiles/api_validation_test.dir/DependInfo.cmake "--color="
/Library/Developer/CommandLineTools/usr/bin/make  -f src/editor/CMakeFiles/editor_config.dir/build.make src/editor/CMakeFiles/editor_config.dir/build
/Library/Developer/CommandLineTools/usr/bin/make  -f src/editor/CMakeFiles/editor_texture.dir/build.make src/editor/CMakeFiles/editor_texture.dir/build
/Library/Developer/CommandLineTools/usr/bin/make  -f src/editor/level_editor/CMakeFiles/parallax_preview_tab.dir/build.make src/editor/level_editor/CMakeFiles/parallax_preview_tab.dir/build
/Library/Developer/CommandLineTools/usr/bin/make  -f src/editor/level_editor/CMakeFiles/viewport_tab.dir/build.make src/editor/level_editor/CMakeFiles/viewport_tab.dir/build
/Library/Developer/CommandLineTools/usr/bin/make  -f src/editor/CMakeFiles/editor_sprite.dir/build.make src/editor/CMakeFiles/editor_sprite.dir/build
/Library/Developer/CommandLineTools/usr/bin/make  -f src/editor/level_editor/CMakeFiles/parallax_panel.dir/build.make src/editor/level_editor/CMakeFiles/parallax_panel.dir/build
/Library/Developer/CommandLineTools/usr/bin/make  -f src/editor/blueprint_editor/CMakeFiles/blueprint_panel.dir/build.make src/editor/blueprint_editor/CMakeFiles/blueprint_panel.dir/build
/Library/Developer/CommandLineTools/usr/bin/make  -f tests/CMakeFiles/api_validation_test.dir/build.make tests/CMakeFiles/api_validation_test.dir/build
/Library/Developer/CommandLineTools/usr/bin/make  -f src/editor/level_editor/CMakeFiles/level_panel.dir/build.make src/editor/level_editor/CMakeFiles/level_panel.dir/build
/Library/Developer/CommandLineTools/usr/bin/make  -f tests/editor/CMakeFiles/sprite_panel_test.dir/build.make tests/editor/CMakeFiles/sprite_panel_test.dir/build
/Library/Developer/CommandLineTools/usr/bin/make  -f src/editor/blueprint_editor/CMakeFiles/blueprint_state_panel.dir/build.make src/editor/blueprint_editor/CMakeFiles/blueprint_state_panel.dir/build
make[2]: Nothing to be done for `src/editor/CMakeFiles/editor_config.dir/build'.
make[2]: Nothing to be done for `src/editor/CMakeFiles/editor_texture.dir/build'.
make[2]: Nothing to be done for `src/editor/CMakeFiles/editor_sprite.dir/build'.
make[2]: Nothing to be done for `src/editor/level_editor/CMakeFiles/parallax_panel.dir/build'.
make[2]: Nothing to be done for `src/editor/level_editor/CMakeFiles/parallax_preview_tab.dir/build'.
make[2]: Nothing to be done for `tests/CMakeFiles/api_validation_test.dir/build'.
make[2]: Nothing to be done for `src/editor/level_editor/CMakeFiles/level_panel.dir/build'.
make[2]: Nothing to be done for `src/editor/blueprint_editor/CMakeFiles/blueprint_panel.dir/build'.
make[2]: Nothing to be done for `src/editor/blueprint_editor/CMakeFiles/blueprint_state_panel.dir/build'.
make[2]: Nothing to be done for `tests/editor/CMakeFiles/sprite_panel_test.dir/build'.
[ 93%] Built target editor_config
[ 94%] Built target parallax_panel
[ 94%] Built target editor_sprite
[ 94%] Built target parallax_preview_tab
[ 94%] Building CXX object src/editor/level_editor/CMakeFiles/viewport_tab.dir/viewport_tab.cc.o
/Library/Developer/CommandLineTools/usr/bin/make  -f tests/editor/CMakeFiles/parallax_panel_validation_test.dir/build.make tests/editor/CMakeFiles/parallax_panel_validation_test.dir/depend
[ 95%] Built target editor_texture
cd /Users/ellie/Projects/zebes/build/src/editor/level_editor && /usr/bin/clang++  -I/Users/ellie/Projects/zebes/include/SDL/include -I/Users/ellie/Projects/zebes/include/SDL_image -I/Users/ellie/Projects/zebes/include/googletest -I/Users/ellie/Projects/zebes/include/googletest/googlemock/include -I/Users/ellie/Projects/zebes/include/googletest/googletest/include -I/Users/ellie/Projects/zebes/include/abseil-cpp -I/Users/ellie/Projects/zebes/include/nlohmann/include -I/Users/ellie/Projects/zebes/src -I/Users/ellie/Projects/zebes/build/include/SDL/include -I/Users/ellie/Projects/zebes/build/include/SDL/include/SDL2 -I/Users/ellie/Projects/zebes/build/include/SDL/include-config-debug/SDL2 -I/Users/ellie/Projects/zebes/include/SDL_image/include -I/Users/ellie/Projects/zebes/include/SDL_ttf -I/Users/ellie/Projects/zebes/src/objects/.. -I/Users/ellie/Projects/zebes/include/imgui -I/Users/ellie/Projects/zebes/include/imgui/backends -I/Users/ellie/Projects/zebes/include/ImGuiFileDialog -g -std=gnu++20 -fPIC -MD -MT src/editor/level_editor/CMakeFiles/viewport_tab.dir/viewport_tab.cc.o -MF CMakeFiles/viewport_tab.dir/viewport_tab.cc.o.d -o CMakeFiles/viewport_tab.dir/viewport_tab.cc.o -c /Users/ellie/Projects/zebes/src/editor/level_editor/viewport_tab.cc
[ 95%] Built target blueprint_panel
[ 95%] Built target api_validation_test
cd /Users/ellie/Projects/zebes/build && /usr/local/bin/cmake -E cmake_depends "Unix Makefiles" /Users/ellie/Projects/zebes /Users/ellie/Projects/zebes/tests/editor /Users/ellie/Projects/zebes/build /Users/ellie/Projects/zebes/build/tests/editor /Users/ellie/Projects/zebes/build/tests/editor/CMakeFiles/parallax_panel_validation_test.dir/DependInfo.cmake "--color="
[ 96%] Built target level_panel
/Library/Developer/CommandLineTools/usr/bin/make  -f tests/tools/CMakeFiles/panel_viewer.dir/build.make tests/tools/CMakeFiles/panel_viewer.dir/depend
[ 96%] Built target sprite_panel_test
[ 97%] Built target blueprint_state_panel
/Library/Developer/CommandLineTools/usr/bin/make  -f src/editor/blueprint_editor/CMakeFiles/blueprint_editor.dir/build.make src/editor/blueprint_editor/CMakeFiles/blueprint_editor.dir/depend
cd /Users/ellie/Projects/zebes/build && /usr/local/bin/cmake -E cmake_depends "Unix Makefiles" /Users/ellie/Projects/zebes /Users/ellie/Projects/zebes/tests/tools /Users/ellie/Projects/zebes/build /Users/ellie/Projects/zebes/build/tests/tools /Users/ellie/Projects/zebes/build/tests/tools/CMakeFiles/panel_viewer.dir/DependInfo.cmake "--color="
cd /Users/ellie/Projects/zebes/build && /usr/local/bin/cmake -E cmake_depends "Unix Makefiles" /Users/ellie/Projects/zebes /Users/ellie/Projects/zebes/src/editor/blueprint_editor /Users/ellie/Projects/zebes/build /Users/ellie/Projects/zebes/build/src/editor/blueprint_editor /Users/ellie/Projects/zebes/build/src/editor/blueprint_editor/CMakeFiles/blueprint_editor.dir/DependInfo.cmake "--color="
/Library/Developer/CommandLineTools/usr/bin/make  -f tests/editor/CMakeFiles/parallax_panel_validation_test.dir/build.make tests/editor/CMakeFiles/parallax_panel_validation_test.dir/build
/Library/Developer/CommandLineTools/usr/bin/make  -f tests/tools/CMakeFiles/panel_viewer.dir/build.make tests/tools/CMakeFiles/panel_viewer.dir/build
/Library/Developer/CommandLineTools/usr/bin/make  -f src/editor/blueprint_editor/CMakeFiles/blueprint_editor.dir/build.make src/editor/blueprint_editor/CMakeFiles/blueprint_editor.dir/build
make[2]: Nothing to be done for `tests/editor/CMakeFiles/parallax_panel_validation_test.dir/build'.
make[2]: Nothing to be done for `src/editor/blueprint_editor/CMakeFiles/blueprint_editor.dir/build'.
make[2]: Nothing to be done for `tests/tools/CMakeFiles/panel_viewer.dir/build'.
[ 97%] Built target parallax_panel_validation_test
[ 97%] Built target panel_viewer
[ 98%] Built target blueprint_editor
[ 98%] Linking CXX static library libviewport_tab.a
cd /Users/ellie/Projects/zebes/build/src/editor/level_editor && /usr/local/bin/cmake -P CMakeFiles/viewport_tab.dir/cmake_clean_target.cmake
cd /Users/ellie/Projects/zebes/build/src/editor/level_editor && /usr/local/bin/cmake -E cmake_link_script CMakeFiles/viewport_tab.dir/link.txt --verbose=1
/usr/bin/ar qc libviewport_tab.a CMakeFiles/viewport_tab.dir/viewport_tab.cc.o
/usr/bin/ranlib libviewport_tab.a
[ 98%] Built target viewport_tab
/Library/Developer/CommandLineTools/usr/bin/make  -f src/editor/level_editor/CMakeFiles/level_editor.dir/build.make src/editor/level_editor/CMakeFiles/level_editor.dir/depend
cd /Users/ellie/Projects/zebes/build && /usr/local/bin/cmake -E cmake_depends "Unix Makefiles" /Users/ellie/Projects/zebes /Users/ellie/Projects/zebes/src/editor/level_editor /Users/ellie/Projects/zebes/build /Users/ellie/Projects/zebes/build/src/editor/level_editor /Users/ellie/Projects/zebes/build/src/editor/level_editor/CMakeFiles/level_editor.dir/DependInfo.cmake "--color="
/Library/Developer/CommandLineTools/usr/bin/make  -f src/editor/level_editor/CMakeFiles/level_editor.dir/build.make src/editor/level_editor/CMakeFiles/level_editor.dir/build
[ 98%] Building CXX object src/editor/level_editor/CMakeFiles/level_editor.dir/level_editor.cc.o
cd /Users/ellie/Projects/zebes/build/src/editor/level_editor && /usr/bin/clang++  -I/Users/ellie/Projects/zebes/include/SDL/include -I/Users/ellie/Projects/zebes/include/SDL_image -I/Users/ellie/Projects/zebes/include/googletest -I/Users/ellie/Projects/zebes/include/googletest/googlemock/include -I/Users/ellie/Projects/zebes/include/googletest/googletest/include -I/Users/ellie/Projects/zebes/include/abseil-cpp -I/Users/ellie/Projects/zebes/include/nlohmann/include -I/Users/ellie/Projects/zebes/src -I/Users/ellie/Projects/zebes/include/imgui -I/Users/ellie/Projects/zebes/include/imgui/backends -I/Users/ellie/Projects/zebes/include/ImGuiFileDialog -I/Users/ellie/Projects/zebes/build/include/SDL/include -I/Users/ellie/Projects/zebes/build/include/SDL/include/SDL2 -I/Users/ellie/Projects/zebes/build/include/SDL/include-config-debug/SDL2 -I/Users/ellie/Projects/zebes/include/SDL_image/include -I/Users/ellie/Projects/zebes/include/SDL_ttf -I/Users/ellie/Projects/zebes/src/objects/.. -g -std=gnu++20 -fPIC -MD -MT src/editor/level_editor/CMakeFiles/level_editor.dir/level_editor.cc.o -MF CMakeFiles/level_editor.dir/level_editor.cc.o.d -o CMakeFiles/level_editor.dir/level_editor.cc.o -c /Users/ellie/Projects/zebes/src/editor/level_editor/level_editor.cc
[ 98%] Linking CXX static library liblevel_editor.a
cd /Users/ellie/Projects/zebes/build/src/editor/level_editor && /usr/local/bin/cmake -P CMakeFiles/level_editor.dir/cmake_clean_target.cmake
cd /Users/ellie/Projects/zebes/build/src/editor/level_editor && /usr/local/bin/cmake -E cmake_link_script CMakeFiles/level_editor.dir/link.txt --verbose=1
/usr/bin/ar qc liblevel_editor.a CMakeFiles/level_editor.dir/level_editor.cc.o
/usr/bin/ranlib liblevel_editor.a
[ 98%] Built target level_editor
/Library/Developer/CommandLineTools/usr/bin/make  -f src/editor/CMakeFiles/editor_ui.dir/build.make src/editor/CMakeFiles/editor_ui.dir/depend
cd /Users/ellie/Projects/zebes/build && /usr/local/bin/cmake -E cmake_depends "Unix Makefiles" /Users/ellie/Projects/zebes /Users/ellie/Projects/zebes/src/editor /Users/ellie/Projects/zebes/build /Users/ellie/Projects/zebes/build/src/editor /Users/ellie/Projects/zebes/build/src/editor/CMakeFiles/editor_ui.dir/DependInfo.cmake "--color="
/Library/Developer/CommandLineTools/usr/bin/make  -f src/editor/CMakeFiles/editor_ui.dir/build.make src/editor/CMakeFiles/editor_ui.dir/build
[ 98%] Building CXX object src/editor/CMakeFiles/editor_ui.dir/editor_ui.cc.o
cd /Users/ellie/Projects/zebes/build/src/editor && /usr/bin/clang++  -I/Users/ellie/Projects/zebes/include/SDL/include -I/Users/ellie/Projects/zebes/include/SDL_image -I/Users/ellie/Projects/zebes/include/googletest -I/Users/ellie/Projects/zebes/include/googletest/googlemock/include -I/Users/ellie/Projects/zebes/include/googletest/googletest/include -I/Users/ellie/Projects/zebes/include/abseil-cpp -I/Users/ellie/Projects/zebes/include/nlohmann/include -I/Users/ellie/Projects/zebes/src -I/Users/ellie/Projects/zebes/src/objects/.. -I/Users/ellie/Projects/zebes/include/imgui -I/Users/ellie/Projects/zebes/include/imgui/backends -I/Users/ellie/Projects/zebes/include/ImGuiFileDialog -I/Users/ellie/Projects/zebes/build/include/SDL/include -I/Users/ellie/Projects/zebes/build/include/SDL/include/SDL2 -I/Users/ellie/Projects/zebes/build/include/SDL/include-config-debug/SDL2 -I/Users/ellie/Projects/zebes/include/SDL_image/include -I/Users/ellie/Projects/zebes/include/SDL_ttf -g -std=gnu++20 -fPIC -MD -MT src/editor/CMakeFiles/editor_ui.dir/editor_ui.cc.o -MF CMakeFiles/editor_ui.dir/editor_ui.cc.o.d -o CMakeFiles/editor_ui.dir/editor_ui.cc.o -c /Users/ellie/Projects/zebes/src/editor/editor_ui.cc
[ 98%] Linking CXX static library libeditor_ui.a
cd /Users/ellie/Projects/zebes/build/src/editor && /usr/local/bin/cmake -P CMakeFiles/editor_ui.dir/cmake_clean_target.cmake
cd /Users/ellie/Projects/zebes/build/src/editor && /usr/local/bin/cmake -E cmake_link_script CMakeFiles/editor_ui.dir/link.txt --verbose=1
/usr/bin/ar qc libeditor_ui.a CMakeFiles/editor_ui.dir/editor_ui.cc.o
/usr/bin/ranlib libeditor_ui.a
[ 98%] Built target editor_ui
/Library/Developer/CommandLineTools/usr/bin/make  -f src/editor/CMakeFiles/editor_engine.dir/build.make src/editor/CMakeFiles/editor_engine.dir/depend
cd /Users/ellie/Projects/zebes/build && /usr/local/bin/cmake -E cmake_depends "Unix Makefiles" /Users/ellie/Projects/zebes /Users/ellie/Projects/zebes/src/editor /Users/ellie/Projects/zebes/build /Users/ellie/Projects/zebes/build/src/editor /Users/ellie/Projects/zebes/build/src/editor/CMakeFiles/editor_engine.dir/DependInfo.cmake "--color="
/Library/Developer/CommandLineTools/usr/bin/make  -f src/editor/CMakeFiles/editor_engine.dir/build.make src/editor/CMakeFiles/editor_engine.dir/build
[ 99%] Building CXX object src/editor/CMakeFiles/editor_engine.dir/editor_engine.cc.o
cd /Users/ellie/Projects/zebes/build/src/editor && /usr/bin/clang++ -DABSL_MIN_LOG_LEVEL=0 -I/Users/ellie/Projects/zebes/include/SDL/include -I/Users/ellie/Projects/zebes/include/SDL_image -I/Users/ellie/Projects/zebes/include/googletest -I/Users/ellie/Projects/zebes/include/googletest/googlemock/include -I/Users/ellie/Projects/zebes/include/googletest/googletest/include -I/Users/ellie/Projects/zebes/include/abseil-cpp -I/Users/ellie/Projects/zebes/include/nlohmann/include -I/Users/ellie/Projects/zebes/src -I/Users/ellie/Projects/zebes/src/objects/.. -I/Users/ellie/Projects/zebes/include/imgui -I/Users/ellie/Projects/zebes/include/imgui/backends -I/Users/ellie/Projects/zebes/include/ImGuiFileDialog -I/Users/ellie/Projects/zebes/build/include/SDL/include -I/Users/ellie/Projects/zebes/build/include/SDL/include/SDL2 -I/Users/ellie/Projects/zebes/build/include/SDL/include-config-debug/SDL2 -I/Users/ellie/Projects/zebes/include/SDL_image/include -I/Users/ellie/Projects/zebes/include/SDL_ttf -g -std=gnu++20 -fPIC -MD -MT src/editor/CMakeFiles/editor_engine.dir/editor_engine.cc.o -MF CMakeFiles/editor_engine.dir/editor_engine.cc.o.d -o CMakeFiles/editor_engine.dir/editor_engine.cc.o -c /Users/ellie/Projects/zebes/src/editor/editor_engine.cc
[ 99%] Linking CXX static library libeditor_engine.a
cd /Users/ellie/Projects/zebes/build/src/editor && /usr/local/bin/cmake -P CMakeFiles/editor_engine.dir/cmake_clean_target.cmake
cd /Users/ellie/Projects/zebes/build/src/editor && /usr/local/bin/cmake -E cmake_link_script CMakeFiles/editor_engine.dir/link.txt --verbose=1
/usr/bin/ar qc libeditor_engine.a CMakeFiles/editor_engine.dir/editor_engine.cc.o
/usr/bin/ranlib libeditor_engine.a
[ 99%] Built target editor_engine
/Library/Developer/CommandLineTools/usr/bin/make  -f src/editor/CMakeFiles/zebes_editor.dir/build.make src/editor/CMakeFiles/zebes_editor.dir/depend
cd /Users/ellie/Projects/zebes/build && /usr/local/bin/cmake -E cmake_depends "Unix Makefiles" /Users/ellie/Projects/zebes /Users/ellie/Projects/zebes/src/editor /Users/ellie/Projects/zebes/build /Users/ellie/Projects/zebes/build/src/editor /Users/ellie/Projects/zebes/build/src/editor/CMakeFiles/zebes_editor.dir/DependInfo.cmake "--color="
/Library/Developer/CommandLineTools/usr/bin/make  -f src/editor/CMakeFiles/zebes_editor.dir/build.make src/editor/CMakeFiles/zebes_editor.dir/build
[ 99%] Building CXX object src/editor/CMakeFiles/zebes_editor.dir/main.cc.o
cd /Users/ellie/Projects/zebes/build/src/editor && /usr/bin/clang++ -DABSL_MIN_LOG_LEVEL=0 -I/Users/ellie/Projects/zebes/include/SDL/include -I/Users/ellie/Projects/zebes/include/SDL_image -I/Users/ellie/Projects/zebes/include/googletest -I/Users/ellie/Projects/zebes/include/googletest/googlemock/include -I/Users/ellie/Projects/zebes/include/googletest/googletest/include -I/Users/ellie/Projects/zebes/include/abseil-cpp -I/Users/ellie/Projects/zebes/include/nlohmann/include -I/Users/ellie/Projects/zebes/src -I/Users/ellie/Projects/zebes/src/objects/.. -I/Users/ellie/Projects/zebes/include/imgui -I/Users/ellie/Projects/zebes/include/imgui/backends -I/Users/ellie/Projects/zebes/include/ImGuiFileDialog -I/Users/ellie/Projects/zebes/build/include/SDL/include -I/Users/ellie/Projects/zebes/build/include/SDL/include/SDL2 -I/Users/ellie/Projects/zebes/build/include/SDL/include-config-debug/SDL2 -I/Users/ellie/Projects/zebes/include/SDL_image/include -I/Users/ellie/Projects/zebes/include/SDL_ttf -g -std=gnu++20 -fPIE -MD -MT src/editor/CMakeFiles/zebes_editor.dir/main.cc.o -MF CMakeFiles/zebes_editor.dir/main.cc.o.d -o CMakeFiles/zebes_editor.dir/main.cc.o -c /Users/ellie/Projects/zebes/src/editor/main.cc
[100%] Linking CXX executable ../../bin/zebes_editor
cd /Users/ellie/Projects/zebes/build/src/editor && /usr/local/bin/cmake -E cmake_link_script CMakeFiles/zebes_editor.dir/link.txt --verbose=1
/usr/bin/clang++ -g -Wl,-search_paths_first -Wl,-headerpad_max_install_names CMakeFiles/zebes_editor.dir/main.cc.o -o ../../bin/zebes_editor  libeditor_engine.a ../../include/abseil-cpp/absl/flags/libabsl_flags_parse.a ../../include/abseil-cpp/absl/log/libabsl_log_initialize.a libeditor_ui.a blueprint_editor/libblueprint_editor.a blueprint_editor/libblueprint_panel.a blueprint_editor/libblueprint_state_panel.a blueprint_editor/libcollider_panel.a libeditor_config.a libeditor_sprite.a blueprint_editor/libsprite_panel.a libeditor_animator.a libeditor_texture.a level_editor/liblevel_editor.a level_editor/liblevel_panel.a level_editor/libparallax_panel.a level_editor/libparallax_preview_tab.a level_editor/libviewport_tab.a libeditor_canvas.a libcanvas_elements.a libeditor_utils.a ../api/libapi.a ../resources/libblueprint_manager.a ../resources/liblevel_manager.a ../resources/libsprite_manager.a ../resources/libtexture_manager.a ../resources/libcollider_manager.a ../resources/libresource_utils.a ../engine/libinput_manager.a ../common/libsdl_wrapper.a ../common/libimgui_wrapper.a ../../include/abseil-cpp/absl/status/libabsl_statusor.a ../common/libconfig.a ../../include/abseil-cpp/absl/log/libabsl_log_internal_conditions.a ../../include/abseil-cpp/absl/log/libabsl_log_internal_message.a ../../include/abseil-cpp/absl/debugging/libabsl_examine_stack.a ../../include/abseil-cpp/absl/log/libabsl_log_internal_format.a ../../include/abseil-cpp/absl/log/libabsl_log_internal_proto.a ../../include/abseil-cpp/absl/log/libabsl_log_internal_nullguard.a ../../include/abseil-cpp/absl/log/libabsl_log_internal_log_sink_set.a ../../include/abseil-cpp/absl/log/libabsl_log_sink.a ../../include/abseil-cpp/absl/log/libabsl_log_entry.a ../../libimgui_clean.a ../../libsqlite3.a ../../include/SDL_image/libSDL2_imaged.a -Wl,-framework,ApplicationServices -lobjc ../../include/SDL_ttf/libSDL2_ttfd.a ../../include/SDL/libSDL2d.a -lm -framework CoreVideo -framework Cocoa -framework IOKit -framework ForceFeedback -framework Carbon -framework CoreAudio -framework AudioToolbox -framework AVFoundation -framework Foundation -Xlinker -weak_framework -Xlinker GameController -Xlinker -weak_framework -Xlinker Metal -Xlinker -weak_framework -Xlinker QuartzCore -Xlinker -weak_framework -Xlinker CoreHaptics /usr/local/lib/libfreetype.dylib ../../include/abseil-cpp/absl/status/libabsl_status.a ../../include/abseil-cpp/absl/debugging/libabsl_leak_check.a ../../include/abseil-cpp/absl/base/libabsl_strerror.a ../../include/abseil-cpp/absl/flags/libabsl_flags_usage.a ../../include/abseil-cpp/absl/flags/libabsl_flags_usage_internal.a ../../include/abseil-cpp/absl/flags/libabsl_flags_internal.a ../../include/abseil-cpp/absl/flags/libabsl_flags_marshalling.a ../../include/abseil-cpp/absl/flags/libabsl_flags_reflection.a ../../include/abseil-cpp/absl/flags/libabsl_flags_config.a ../../include/abseil-cpp/absl/container/libabsl_raw_hash_set.a ../../include/abseil-cpp/absl/strings/libabsl_cord.a ../../include/abseil-cpp/absl/strings/libabsl_cordz_info.a ../../include/abseil-cpp/absl/strings/libabsl_cord_internal.a ../../include/abseil-cpp/absl/strings/libabsl_cordz_functions.a ../../include/abseil-cpp/absl/strings/libabsl_cordz_handle.a ../../include/abseil-cpp/absl/crc/libabsl_crc_cord_state.a ../../include/abseil-cpp/absl/crc/libabsl_crc32c.a ../../include/abseil-cpp/absl/strings/libabsl_str_format_internal.a ../../include/abseil-cpp/absl/crc/libabsl_crc_internal.a ../../include/abseil-cpp/absl/crc/libabsl_crc_cpu_detect.a ../../include/abseil-cpp/absl/container/libabsl_hashtablez_sampler.a ../../include/abseil-cpp/absl/profiling/libabsl_exponential_biased.a ../../include/abseil-cpp/absl/flags/libabsl_flags_private_handle_accessor.a ../../include/abseil-cpp/absl/flags/libabsl_flags_commandlineflag.a ../../include/abseil-cpp/absl/flags/libabsl_flags_commandlineflag_internal.a ../../include/abseil-cpp/absl/flags/libabsl_flags_program_name.a ../../include/abseil-cpp/absl/log/libabsl_log_globals.a ../../include/abseil-cpp/absl/hash/libabsl_hash.a ../../include/abseil-cpp/absl/types/libabsl_bad_variant_access.a ../../include/abseil-cpp/absl/hash/libabsl_city.a ../../include/abseil-cpp/absl/hash/libabsl_low_level_hash.a ../../include/abseil-cpp/absl/log/libabsl_vlog_config_internal.a ../../include/abseil-cpp/absl/synchronization/libabsl_synchronization.a ../../include/abseil-cpp/absl/debugging/libabsl_stacktrace.a ../../include/abseil-cpp/absl/debugging/libabsl_symbolize.a ../../include/abseil-cpp/absl/debugging/libabsl_debugging_internal.a ../../include/abseil-cpp/absl/debugging/libabsl_demangle_internal.a ../../include/abseil-cpp/absl/debugging/libabsl_demangle_rust.a ../../include/abseil-cpp/absl/debugging/libabsl_decode_rust_punycode.a ../../include/abseil-cpp/absl/debugging/libabsl_utf8_for_code_point.a ../../include/abseil-cpp/absl/synchronization/libabsl_graphcycles_internal.a ../../include/abseil-cpp/absl/synchronization/libabsl_kernel_timeout_internal.a ../../include/abseil-cpp/absl/base/libabsl_malloc_internal.a ../../include/abseil-cpp/absl/base/libabsl_tracing_internal.a ../../include/abseil-cpp/absl/types/libabsl_bad_optional_access.a ../../include/abseil-cpp/absl/log/libabsl_log_internal_fnmatch.a ../../include/abseil-cpp/absl/log/libabsl_log_internal_globals.a ../../include/abseil-cpp/absl/time/libabsl_time.a ../../include/abseil-cpp/absl/strings/libabsl_strings.a ../../include/abseil-cpp/absl/strings/libabsl_strings_internal.a ../../include/abseil-cpp/absl/strings/libabsl_string_view.a ../../include/abseil-cpp/absl/base/libabsl_throw_delegate.a ../../include/abseil-cpp/absl/base/libabsl_base.a ../../include/abseil-cpp/absl/base/libabsl_spinlock_wait.a ../../include/abseil-cpp/absl/numeric/libabsl_int128.a ../../include/abseil-cpp/absl/base/libabsl_raw_logging_internal.a ../../include/abseil-cpp/absl/base/libabsl_log_severity.a ../../include/abseil-cpp/absl/time/libabsl_civil_time.a ../../include/abseil-cpp/absl/time/libabsl_time_zone.a -Wl,-framework,CoreFoundation
[100%] Built target zebes_editor
/usr/local/bin/cmake -E cmake_progress_start /Users/ellie/Projects/zebes/build/CMakeFiles 0
[3/3] Running Tests...
[3/3] Running Tests...
Test project /Users/ellie/Projects/zebes/build
      Start  1: TextureManagerTest.CreateAndGetTexture
 1/63 Test  #1: TextureManagerTest.CreateAndGetTexture ...........................   Passed    0.06 sec
      Start  2: TextureManagerTest.LoadAllTextures
 2/63 Test  #2: TextureManagerTest.LoadAllTextures ...............................   Passed    0.05 sec
      Start  3: TextureManagerTest.UpdateTexture
 3/63 Test  #3: TextureManagerTest.UpdateTexture .................................   Passed    0.05 sec
      Start  4: TextureManagerTest.DeleteTexture
 4/63 Test  #4: TextureManagerTest.DeleteTexture .................................   Passed    0.05 sec
      Start  5: TextureManagerTest.CreateTextureWithCopy
 5/63 Test  #5: TextureManagerTest.CreateTextureWithCopy .........................   Passed    0.05 sec
      Start  6: TextureManagerTest.CreateTextureNameTooLong
 6/63 Test  #6: TextureManagerTest.CreateTextureNameTooLong ......................   Passed    0.05 sec
      Start  7: TextureManagerTest.UpdateTextureNameTooLong
 7/63 Test  #7: TextureManagerTest.UpdateTextureNameTooLong ......................   Passed    0.05 sec
      Start  8: TextureManagerTest.RenameTexture
 8/63 Test  #8: TextureManagerTest.RenameTexture .................................   Passed    0.05 sec
      Start  9: SpriteManagerTest.CreateAndGetSprite
 9/63 Test  #9: SpriteManagerTest.CreateAndGetSprite .............................   Passed    0.07 sec
      Start 10: SpriteManagerTest.LoadAllSprites
10/63 Test #10: SpriteManagerTest.LoadAllSprites .................................   Passed    0.05 sec
      Start 11: SpriteManagerTest.UpdateSprite
11/63 Test #11: SpriteManagerTest.UpdateSprite ...................................   Passed    0.05 sec
      Start 12: SpriteManagerTest.DeleteSprite
12/63 Test #12: SpriteManagerTest.DeleteSprite ...................................   Passed    0.06 sec
      Start 13: SpriteManagerTest.SaveAndLoadSpriteWithFrames
13/63 Test #13: SpriteManagerTest.SaveAndLoadSpriteWithFrames ....................   Passed    0.06 sec
      Start 14: SpriteManagerTest.LoadPartialSpriteFrame
14/63 Test #14: SpriteManagerTest.LoadPartialSpriteFrame .........................   Passed    0.05 sec
      Start 15: SpriteManagerTest.SaveAndLoadSpriteWithOffsets
15/63 Test #15: SpriteManagerTest.SaveAndLoadSpriteWithOffsets ...................   Passed    0.06 sec
      Start 16: SpriteManagerTest.RenameSprite
16/63 Test #16: SpriteManagerTest.RenameSprite ...................................   Passed    0.06 sec
      Start 17: ColliderManagerTest.CreateAndGetCollider
17/63 Test #17: ColliderManagerTest.CreateAndGetCollider .........................   Passed    0.06 sec
      Start 18: ColliderManagerTest.LoadAllColliders
18/63 Test #18: ColliderManagerTest.LoadAllColliders .............................   Passed    0.05 sec
      Start 19: ColliderManagerTest.UpdateCollider
19/63 Test #19: ColliderManagerTest.UpdateCollider ...............................   Passed    0.05 sec
      Start 20: ColliderManagerTest.DeleteCollider
20/63 Test #20: ColliderManagerTest.DeleteCollider ...............................   Passed    0.05 sec
      Start 21: ColliderManagerTest.LoadInvalidJsonMissingName
21/63 Test #21: ColliderManagerTest.LoadInvalidJsonMissingName ...................   Passed    0.05 sec
      Start 22: ColliderManagerTest.RenameCollider
22/63 Test #22: ColliderManagerTest.RenameCollider ...............................   Passed    0.05 sec
      Start 23: BlueprintManagerTest.CreateAndGetBlueprint
23/63 Test #23: BlueprintManagerTest.CreateAndGetBlueprint .......................   Passed    0.06 sec
      Start 24: BlueprintManagerTest.SaveBlueprintFileFormat
24/63 Test #24: BlueprintManagerTest.SaveBlueprintFileFormat .....................   Passed    0.05 sec
      Start 25: BlueprintManagerTest.ValidationLogic
25/63 Test #25: BlueprintManagerTest.ValidationLogic .............................   Passed    0.05 sec
      Start 26: BlueprintManagerTest.DeleteBlueprint
26/63 Test #26: BlueprintManagerTest.DeleteBlueprint .............................   Passed    0.06 sec
      Start 27: BlueprintManagerTest.RenameBlueprint
27/63 Test #27: BlueprintManagerTest.RenameBlueprint .............................   Passed    0.05 sec
      Start 28: ApiValidationTest.DeleteTexture_InUse_ReturnsError
28/63 Test #28: ApiValidationTest.DeleteTexture_InUse_ReturnsError ...............   Passed    0.08 sec
      Start 29: ApiValidationTest.DeleteTexture_NotInUse_CallsDelete
29/63 Test #29: ApiValidationTest.DeleteTexture_NotInUse_CallsDelete .............   Passed    0.09 sec
      Start 30: ApiValidationTest.DeleteSprite_InUseInBlueprint_ReturnsError
30/63 Test #30: ApiValidationTest.DeleteSprite_InUseInBlueprint_ReturnsError .....   Passed    0.08 sec
      Start 31: ApiValidationTest.DeleteSprite_NotInUse_CallsDelete
31/63 Test #31: ApiValidationTest.DeleteSprite_NotInUse_CallsDelete ..............   Passed    0.09 sec
      Start 32: ApiValidationTest.DeleteCollider_InUseInBlueprint_ReturnsError
32/63 Test #32: ApiValidationTest.DeleteCollider_InUseInBlueprint_ReturnsError ...   Passed    0.10 sec
      Start 33: ApiValidationTest.DeleteCollider_NotInUse_CallsDelete
33/63 Test #33: ApiValidationTest.DeleteCollider_NotInUse_CallsDelete ............   Passed    0.10 sec
      Start 34: InputManagerTest.CreateFailsWithNullWrapper
34/63 Test #34: InputManagerTest.CreateFailsWithNullWrapper ......................   Passed    0.07 sec
      Start 35: InputManagerTest.BindActionAndQueryInactive
35/63 Test #35: InputManagerTest.BindActionAndQueryInactive ......................   Passed    0.06 sec
      Start 36: InputManagerTest.ActionActiveWhenKeyPressed
36/63 Test #36: InputManagerTest.ActionActiveWhenKeyPressed ......................   Passed    0.06 sec
      Start 37: InputManagerTest.ActionJustPressedLogic
37/63 Test #37: InputManagerTest.ActionJustPressedLogic ..........................   Passed    0.06 sec
      Start 38: InputManagerTest.ImGuiEventProcessing
38/63 Test #38: InputManagerTest.ImGuiEventProcessing ............................   Passed    0.06 sec
      Start 39: InputManagerTest.WindowCloseRequest
39/63 Test #39: InputManagerTest.WindowCloseRequest ..............................   Passed    0.06 sec
      Start 40: CameraControllerTest.PanningUpMovesCameraYNegative
40/63 Test #40: CameraControllerTest.PanningUpMovesCameraYNegative ...............   Passed    0.04 sec
      Start 41: CameraControllerTest.PanningDownMovesCameraYPositive
41/63 Test #41: CameraControllerTest.PanningDownMovesCameraYPositive .............   Passed    0.05 sec
      Start 42: CameraControllerTest.PanningLeftMovesCameraXNegative
42/63 Test #42: CameraControllerTest.PanningLeftMovesCameraXNegative .............   Passed    0.05 sec
      Start 43: CameraControllerTest.PanningRightMovesCameraXPositive
43/63 Test #43: CameraControllerTest.PanningRightMovesCameraXPositive ............   Passed    0.05 sec
      Start 44: CameraControllerTest.ZoomInIncreasesZoom
44/63 Test #44: CameraControllerTest.ZoomInIncreasesZoom .........................   Passed    0.05 sec
      Start 45: CameraControllerTest.ZoomOutDecreasesZoom
45/63 Test #45: CameraControllerTest.ZoomOutDecreasesZoom ........................   Passed    0.05 sec
      Start 46: CameraControllerTest.ZoomClampedToMin
46/63 Test #46: CameraControllerTest.ZoomClampedToMin ............................   Passed    0.05 sec
      Start 47: CameraControllerTest.ZoomClampedToMax
47/63 Test #47: CameraControllerTest.ZoomClampedToMax ............................   Passed    0.05 sec
      Start 48: CameraControllerTest.MoveSpeedAffectedByZoom
48/63 Test #48: CameraControllerTest.MoveSpeedAffectedByZoom .....................   Passed    0.04 sec
      Start 49: CameraControllerTest.CreateReturnsErrorOnNulls
49/63 Test #49: CameraControllerTest.CreateReturnsErrorOnNulls ...................   Passed    0.04 sec
      Start 50: LevelManagerTest.CreateAndGetLevel
50/63 Test #50: LevelManagerTest.CreateAndGetLevel ...............................   Passed    0.07 sec
      Start 51: LevelManagerTest.SerializationTest
51/63 Test #51: LevelManagerTest.SerializationTest ...............................   Passed    0.08 sec
      Start 52: LevelManagerTest.DeleteLevel
52/63 Test #52: LevelManagerTest.DeleteLevel .....................................   Passed    0.07 sec
      Start 53: LevelManagerTest.ValidationTest
53/63 Test #53: LevelManagerTest.ValidationTest ..................................   Passed    0.07 sec
      Start 54: LevelManagerTest.CreateLevel_EmptyName_Fails
54/63 Test #54: LevelManagerTest.CreateLevel_EmptyName_Fails .....................   Passed    0.08 sec
      Start 55: LevelManagerTest.CreateLevel_DuplicateName_Fails
55/63 Test #55: LevelManagerTest.CreateLevel_DuplicateName_Fails .................   Passed    0.07 sec
      Start 56: LevelManagerTest.SaveLevel_EmptyName_Fails
56/63 Test #56: LevelManagerTest.SaveLevel_EmptyName_Fails .......................   Passed    0.06 sec
      Start 57: LevelManagerTest.SaveLevel_DuplicateName_Fails
57/63 Test #57: LevelManagerTest.SaveLevel_DuplicateName_Fails ...................   Passed    0.07 sec
      Start 58: LevelManagerTest.SaveLevel_EmptyParallaxName_Fails
58/63 Test #58: LevelManagerTest.SaveLevel_EmptyParallaxName_Fails ...............   Passed    0.08 sec
      Start 59: LevelManagerTest.SaveLevel_DuplicateParallaxName_Fails
59/63 Test #59: LevelManagerTest.SaveLevel_DuplicateParallaxName_Fails ...........   Passed    0.07 sec
      Start 60: LevelManagerTest.ParallaxLayerPersistence
60/63 Test #60: LevelManagerTest.ParallaxLayerPersistence ........................   Passed    0.08 sec
      Start 61: sanity_test
61/63 Test #61: sanity_test ......................................................   Passed    0.93 sec
      Start 62: sprite_panel_test
62/63 Test #62: sprite_panel_test ................................................   Passed    2.00 sec
      Start 63: parallax_panel_validation_test
63/63 Test #63: parallax_panel_validation_test ...................................   Passed    0.51 sec

100% tests passed, 0 tests failed out of 63

Total Test time (real) =   7.07 sec
Running build_cleaner integration test...
.
----------------------------------------------------------------------
Ran 1 test in 4.742s

OK
==========================================
  SUCCESS: All targets built.
==========================================
